[2024-09-12T10:19:39.914+0000] {local_task_job_runner.py:123} INFO - ::group::Pre task execution logs
[2024-09-12T10:19:39.937+0000] {taskinstance.py:2612} INFO - Dependencies all met for dep_context=non-requeueable deps ti=<TaskInstance: etl_dag_v30.update_inventory_data manual__2024-09-12T10:18:43.413680+00:00 [queued]>
[2024-09-12T10:19:39.957+0000] {taskinstance.py:2612} INFO - Dependencies all met for dep_context=requeueable deps ti=<TaskInstance: etl_dag_v30.update_inventory_data manual__2024-09-12T10:18:43.413680+00:00 [queued]>
[2024-09-12T10:19:39.957+0000] {taskinstance.py:2865} INFO - Starting attempt 1 of 6
[2024-09-12T10:19:40.005+0000] {taskinstance.py:2888} INFO - Executing <Task(PythonOperator): update_inventory_data> on 2024-09-12 10:18:43.413680+00:00
[2024-09-12T10:19:40.040+0000] {standard_task_runner.py:104} INFO - Running: ['airflow', 'tasks', 'run', 'etl_dag_v30', 'update_inventory_data', 'manual__2024-09-12T10:18:43.413680+00:00', '--job-id', '696', '--raw', '--subdir', 'DAGS_FOLDER/etl_dag.py', '--cfg-path', '/tmp/tmpjofv04yf']
[2024-09-12T10:19:40.048+0000] {standard_task_runner.py:105} INFO - Job 696: Subtask update_inventory_data
[2024-09-12T10:19:40.053+0000] {logging_mixin.py:190} WARNING - /home/airflow/.local/lib/python3.12/site-packages/airflow/task/task_runner/standard_task_runner.py:70 DeprecationWarning: This process (pid=3877) is multi-threaded, use of fork() may lead to deadlocks in the child.
[2024-09-12T10:19:40.089+0000] {standard_task_runner.py:72} INFO - Started process 3882 to run task
[2024-09-12T10:19:40.212+0000] {task_command.py:467} INFO - Running <TaskInstance: etl_dag_v30.update_inventory_data manual__2024-09-12T10:18:43.413680+00:00 [running]> on host 72ac4976c45d
[2024-09-12T10:19:40.348+0000] {taskinstance.py:3131} INFO - Exporting env vars: AIRFLOW_CTX_DAG_OWNER='airflow' AIRFLOW_CTX_DAG_ID='etl_dag_v30' AIRFLOW_CTX_TASK_ID='update_inventory_data' AIRFLOW_CTX_EXECUTION_DATE='2024-09-12T10:18:43.413680+00:00' AIRFLOW_CTX_TRY_NUMBER='1' AIRFLOW_CTX_DAG_RUN_ID='manual__2024-09-12T10:18:43.413680+00:00'
[2024-09-12T10:19:40.351+0000] {taskinstance.py:731} INFO - ::endgroup::
[2024-09-12T10:19:40.393+0000] {logging_mixin.py:190} INFO - Inventory updated successfully!
[2024-09-12T10:19:40.394+0000] {python.py:240} INFO - Done. Returned value was: None
[2024-09-12T10:19:40.410+0000] {taskinstance.py:340} INFO - ::group::Post task execution logs
[2024-09-12T10:19:40.411+0000] {taskinstance.py:352} INFO - Marking task as SUCCESS. dag_id=etl_dag_v30, task_id=update_inventory_data, run_id=manual__2024-09-12T10:18:43.413680+00:00, execution_date=20240912T101843, start_date=20240912T101939, end_date=20240912T101940
[2024-09-12T10:19:40.468+0000] {local_task_job_runner.py:266} INFO - Task exited with return code 0
[2024-09-12T10:19:40.482+0000] {logging_mixin.py:190} WARNING - /home/airflow/.local/lib/python3.12/site-packages/airflow/models/baseoperator.py:1378 AirflowProviderDeprecationWarning: Call to deprecated class PostgresOperator. (Please use `airflow.providers.common.sql.operators.sql.SQLExecuteQueryOperator`.Also, you can provide `hook_params={'schema': <database>}`.)
[2024-09-12T10:19:40.515+0000] {taskinstance.py:3900} INFO - 2 downstream tasks scheduled from follow-on schedule check
[2024-09-12T10:19:40.529+0000] {local_task_job_runner.py:245} INFO - ::endgroup::
