[2024-09-20T14:04:55.936+0000] {local_task_job_runner.py:123} INFO - ::group::Pre task execution logs
[2024-09-20T14:04:55.959+0000] {taskinstance.py:2612} INFO - Dependencies all met for dep_context=non-requeueable deps ti=<TaskInstance: etl_dag_v41.create_inventory_table manual__2024-09-20T14:02:10.944719+00:00 [queued]>
[2024-09-20T14:04:55.973+0000] {taskinstance.py:2612} INFO - Dependencies all met for dep_context=requeueable deps ti=<TaskInstance: etl_dag_v41.create_inventory_table manual__2024-09-20T14:02:10.944719+00:00 [queued]>
[2024-09-20T14:04:55.974+0000] {taskinstance.py:2865} INFO - Starting attempt 1 of 6
[2024-09-20T14:04:56.012+0000] {taskinstance.py:2888} INFO - Executing <Task(PostgresOperator): create_inventory_table> on 2024-09-20 14:02:10.944719+00:00
[2024-09-20T14:04:56.023+0000] {standard_task_runner.py:104} INFO - Running: ['airflow', 'tasks', 'run', 'etl_dag_v41', 'create_inventory_table', 'manual__2024-09-20T14:02:10.944719+00:00', '--job-id', '1389', '--raw', '--subdir', 'DAGS_FOLDER/etl_dag.py', '--cfg-path', '/tmp/tmp0rdx8vqx']
[2024-09-20T14:04:56.025+0000] {standard_task_runner.py:105} INFO - Job 1389: Subtask create_inventory_table
[2024-09-20T14:04:56.028+0000] {logging_mixin.py:190} WARNING - /home/airflow/.local/lib/python3.12/site-packages/airflow/task/task_runner/standard_task_runner.py:70 DeprecationWarning: This process (pid=4003) is multi-threaded, use of fork() may lead to deadlocks in the child.
[2024-09-20T14:04:56.028+0000] {standard_task_runner.py:72} INFO - Started process 4008 to run task
[2024-09-20T14:04:56.116+0000] {task_command.py:467} INFO - Running <TaskInstance: etl_dag_v41.create_inventory_table manual__2024-09-20T14:02:10.944719+00:00 [running]> on host 217a74bc1b7d
[2024-09-20T14:04:56.247+0000] {taskinstance.py:3131} INFO - Exporting env vars: AIRFLOW_CTX_DAG_OWNER='airflow' AIRFLOW_CTX_DAG_ID='etl_dag_v41' AIRFLOW_CTX_TASK_ID='create_inventory_table' AIRFLOW_CTX_EXECUTION_DATE='2024-09-20T14:02:10.944719+00:00' AIRFLOW_CTX_TRY_NUMBER='1' AIRFLOW_CTX_DAG_RUN_ID='manual__2024-09-20T14:02:10.944719+00:00'
[2024-09-20T14:04:56.249+0000] {taskinstance.py:731} INFO - ::endgroup::
[2024-09-20T14:04:56.263+0000] {sql.py:266} INFO - Executing: 
            CREATE TABLE IF NOT EXISTS inventory (
                id SERIAL PRIMARY KEY,
                name VARCHAR(255),
                stock_quantity INT,
                price DECIMAL(10,2)
            );
        
[2024-09-20T14:04:56.276+0000] {base.py:84} INFO - Retrieving connection 'postgres_localhost'
[2024-09-20T14:04:56.398+0000] {base.py:84} INFO - Retrieving connection 'postgres_localhost'
[2024-09-20T14:04:56.417+0000] {sql.py:509} INFO - Running statement: 
            CREATE TABLE IF NOT EXISTS inventory (
                id SERIAL PRIMARY KEY,
                name VARCHAR(255),
                stock_quantity INT,
                price DECIMAL(10,2)
            );
        , parameters: None
[2024-09-20T14:04:56.444+0000] {taskinstance.py:340} INFO - ::group::Post task execution logs
[2024-09-20T14:04:56.445+0000] {taskinstance.py:352} INFO - Marking task as SUCCESS. dag_id=etl_dag_v41, task_id=create_inventory_table, run_id=manual__2024-09-20T14:02:10.944719+00:00, execution_date=20240920T140210, start_date=20240920T140455, end_date=20240920T140456
[2024-09-20T14:04:56.525+0000] {local_task_job_runner.py:266} INFO - Task exited with return code 0
[2024-09-20T14:04:56.547+0000] {logging_mixin.py:190} WARNING - /home/airflow/.local/lib/python3.12/site-packages/airflow/models/baseoperator.py:1378 AirflowProviderDeprecationWarning: Call to deprecated class PostgresOperator. (Please use `airflow.providers.common.sql.operators.sql.SQLExecuteQueryOperator`.Also, you can provide `hook_params={'schema': <database>}`.)
[2024-09-20T14:04:56.589+0000] {taskinstance.py:3900} INFO - 1 downstream tasks scheduled from follow-on schedule check
[2024-09-20T14:04:56.600+0000] {local_task_job_runner.py:245} INFO - ::endgroup::
