[2024-09-11T10:40:06.152+0000] {local_task_job_runner.py:123} INFO - ::group::Pre task execution logs
[2024-09-11T10:40:06.175+0000] {taskinstance.py:2612} INFO - Dependencies all met for dep_context=non-requeueable deps ti=<TaskInstance: etl_dag_v13.update_inventory_data scheduled__2024-09-08T00:00:00+00:00 [queued]>
[2024-09-11T10:40:06.189+0000] {taskinstance.py:2612} INFO - Dependencies all met for dep_context=requeueable deps ti=<TaskInstance: etl_dag_v13.update_inventory_data scheduled__2024-09-08T00:00:00+00:00 [queued]>
[2024-09-11T10:40:06.190+0000] {taskinstance.py:2865} INFO - Starting attempt 1 of 6
[2024-09-11T10:40:06.226+0000] {taskinstance.py:2888} INFO - Executing <Task(PythonOperator): update_inventory_data> on 2024-09-08 00:00:00+00:00
[2024-09-11T10:40:06.235+0000] {standard_task_runner.py:104} INFO - Running: ['airflow', 'tasks', 'run', 'etl_dag_v13', 'update_inventory_data', 'scheduled__2024-09-08T00:00:00+00:00', '--job-id', '126', '--raw', '--subdir', 'DAGS_FOLDER/etl_dag.py', '--cfg-path', '/tmp/tmpyyp20xlx']
[2024-09-11T10:40:06.237+0000] {standard_task_runner.py:105} INFO - Job 126: Subtask update_inventory_data
[2024-09-11T10:40:06.239+0000] {logging_mixin.py:190} WARNING - /home/airflow/.local/lib/python3.12/site-packages/airflow/task/task_runner/standard_task_runner.py:70 DeprecationWarning: This process (pid=3834) is multi-threaded, use of fork() may lead to deadlocks in the child.
[2024-09-11T10:40:06.240+0000] {standard_task_runner.py:72} INFO - Started process 3839 to run task
[2024-09-11T10:40:06.314+0000] {task_command.py:467} INFO - Running <TaskInstance: etl_dag_v13.update_inventory_data scheduled__2024-09-08T00:00:00+00:00 [running]> on host 4118525cd54b
[2024-09-11T10:40:06.423+0000] {taskinstance.py:3131} INFO - Exporting env vars: AIRFLOW_CTX_DAG_OWNER='airflow' AIRFLOW_CTX_DAG_ID='etl_dag_v13' AIRFLOW_CTX_TASK_ID='update_inventory_data' AIRFLOW_CTX_EXECUTION_DATE='2024-09-08T00:00:00+00:00' AIRFLOW_CTX_TRY_NUMBER='1' AIRFLOW_CTX_DAG_RUN_ID='scheduled__2024-09-08T00:00:00+00:00'
[2024-09-11T10:40:06.424+0000] {taskinstance.py:731} INFO - ::endgroup::
[2024-09-11T10:40:06.457+0000] {logging_mixin.py:190} INFO - Inventory updated successfully!
[2024-09-11T10:40:06.458+0000] {python.py:240} INFO - Done. Returned value was: None
[2024-09-11T10:40:06.473+0000] {taskinstance.py:340} INFO - ::group::Post task execution logs
[2024-09-11T10:40:06.473+0000] {taskinstance.py:352} INFO - Marking task as SUCCESS. dag_id=etl_dag_v13, task_id=update_inventory_data, run_id=scheduled__2024-09-08T00:00:00+00:00, execution_date=20240908T000000, start_date=20240911T104006, end_date=20240911T104006
[2024-09-11T10:40:06.534+0000] {local_task_job_runner.py:266} INFO - Task exited with return code 0
[2024-09-11T10:40:06.548+0000] {logging_mixin.py:190} WARNING - /home/airflow/.local/lib/python3.12/site-packages/airflow/models/baseoperator.py:1378 AirflowProviderDeprecationWarning: Call to deprecated class PostgresOperator. (Please use `airflow.providers.common.sql.operators.sql.SQLExecuteQueryOperator`.Also, you can provide `hook_params={'schema': <database>}`.)
[2024-09-11T10:40:06.578+0000] {taskinstance.py:3900} INFO - 2 downstream tasks scheduled from follow-on schedule check
[2024-09-11T10:40:06.588+0000] {local_task_job_runner.py:245} INFO - ::endgroup::
