[2024-09-12T00:26:56.890+0000] {local_task_job_runner.py:123} INFO - ::group::Pre task execution logs
[2024-09-12T00:26:56.939+0000] {taskinstance.py:2612} INFO - Dependencies all met for dep_context=non-requeueable deps ti=<TaskInstance: etl_dag_v14.create_inventory_table scheduled__2024-09-11T00:00:00+00:00 [queued]>
[2024-09-12T00:26:56.971+0000] {taskinstance.py:2612} INFO - Dependencies all met for dep_context=requeueable deps ti=<TaskInstance: etl_dag_v14.create_inventory_table scheduled__2024-09-11T00:00:00+00:00 [queued]>
[2024-09-12T00:26:56.975+0000] {taskinstance.py:2865} INFO - Starting attempt 1 of 6
[2024-09-12T00:26:57.075+0000] {taskinstance.py:2888} INFO - Executing <Task(PostgresOperator): create_inventory_table> on 2024-09-11 00:00:00+00:00
[2024-09-12T00:26:57.097+0000] {standard_task_runner.py:104} INFO - Running: ['airflow', 'tasks', 'run', 'etl_dag_v14', 'create_inventory_table', 'scheduled__2024-09-11T00:00:00+00:00', '--job-id', '237', '--raw', '--subdir', 'DAGS_FOLDER/etl_dag.py', '--cfg-path', '/tmp/tmp467ilo62']
[2024-09-12T00:26:57.102+0000] {standard_task_runner.py:105} INFO - Job 237: Subtask create_inventory_table
[2024-09-12T00:26:57.107+0000] {logging_mixin.py:190} WARNING - /home/airflow/.local/lib/python3.12/site-packages/airflow/task/task_runner/standard_task_runner.py:70 DeprecationWarning: This process (pid=5005) is multi-threaded, use of fork() may lead to deadlocks in the child.
[2024-09-12T00:26:57.108+0000] {standard_task_runner.py:72} INFO - Started process 5010 to run task
[2024-09-12T00:26:57.342+0000] {task_command.py:467} INFO - Running <TaskInstance: etl_dag_v14.create_inventory_table scheduled__2024-09-11T00:00:00+00:00 [running]> on host 4118525cd54b
[2024-09-12T00:26:58.130+0000] {taskinstance.py:3131} INFO - Exporting env vars: AIRFLOW_CTX_DAG_OWNER='airflow' AIRFLOW_CTX_DAG_ID='etl_dag_v14' AIRFLOW_CTX_TASK_ID='create_inventory_table' AIRFLOW_CTX_EXECUTION_DATE='2024-09-11T00:00:00+00:00' AIRFLOW_CTX_TRY_NUMBER='1' AIRFLOW_CTX_DAG_RUN_ID='scheduled__2024-09-11T00:00:00+00:00'
[2024-09-12T00:26:58.132+0000] {taskinstance.py:731} INFO - ::endgroup::
[2024-09-12T00:26:58.182+0000] {sql.py:266} INFO - Executing: 
            CREATE TABLE IF NOT EXISTS inventory (
                product_id SERIAL PRIMARY KEY UNIQUE,
                product_name VARCHAR(255),
                stock_quantity INT,
                price DECIMAL(10,2)
            );
        
[2024-09-12T00:26:58.217+0000] {base.py:84} INFO - Retrieving connection 'postgres_localhost'
[2024-09-12T00:26:58.534+0000] {base.py:84} INFO - Retrieving connection 'postgres_localhost'
[2024-09-12T00:26:58.583+0000] {sql.py:509} INFO - Running statement: 
            CREATE TABLE IF NOT EXISTS inventory (
                product_id SERIAL PRIMARY KEY UNIQUE,
                product_name VARCHAR(255),
                stock_quantity INT,
                price DECIMAL(10,2)
            );
        , parameters: None
[2024-09-12T00:26:58.638+0000] {taskinstance.py:340} INFO - ::group::Post task execution logs
[2024-09-12T00:26:58.639+0000] {taskinstance.py:352} INFO - Marking task as SUCCESS. dag_id=etl_dag_v14, task_id=create_inventory_table, run_id=scheduled__2024-09-11T00:00:00+00:00, execution_date=20240911T000000, start_date=20240912T002656, end_date=20240912T002658
[2024-09-12T00:26:58.817+0000] {local_task_job_runner.py:266} INFO - Task exited with return code 0
[2024-09-12T00:26:58.866+0000] {logging_mixin.py:190} WARNING - /home/airflow/.local/lib/python3.12/site-packages/airflow/models/baseoperator.py:1378 AirflowProviderDeprecationWarning: Call to deprecated class PostgresOperator. (Please use `airflow.providers.common.sql.operators.sql.SQLExecuteQueryOperator`.Also, you can provide `hook_params={'schema': <database>}`.)
[2024-09-12T00:26:58.970+0000] {taskinstance.py:3900} INFO - 1 downstream tasks scheduled from follow-on schedule check
[2024-09-12T00:26:58.998+0000] {local_task_job_runner.py:245} INFO - ::endgroup::
