[2024-09-12T09:09:27.650+0000] {local_task_job_runner.py:123} INFO - ::group::Pre task execution logs
[2024-09-12T09:09:27.672+0000] {taskinstance.py:2612} INFO - Dependencies all met for dep_context=non-requeueable deps ti=<TaskInstance: etl_dag_v19.extract_api_data manual__2024-09-12T09:09:12.546790+00:00 [queued]>
[2024-09-12T09:09:27.685+0000] {taskinstance.py:2612} INFO - Dependencies all met for dep_context=requeueable deps ti=<TaskInstance: etl_dag_v19.extract_api_data manual__2024-09-12T09:09:12.546790+00:00 [queued]>
[2024-09-12T09:09:27.686+0000] {taskinstance.py:2865} INFO - Starting attempt 1 of 6
[2024-09-12T09:09:27.718+0000] {taskinstance.py:2888} INFO - Executing <Task(PythonOperator): extract_api_data> on 2024-09-12 09:09:12.546790+00:00
[2024-09-12T09:09:27.730+0000] {standard_task_runner.py:104} INFO - Running: ['airflow', 'tasks', 'run', 'etl_dag_v19', 'extract_api_data', 'manual__2024-09-12T09:09:12.546790+00:00', '--job-id', '395', '--raw', '--subdir', 'DAGS_FOLDER/etl_dag.py', '--cfg-path', '/tmp/tmp_nlbctka']
[2024-09-12T09:09:27.733+0000] {standard_task_runner.py:105} INFO - Job 395: Subtask extract_api_data
[2024-09-12T09:09:27.738+0000] {logging_mixin.py:190} WARNING - /home/airflow/.local/lib/python3.12/site-packages/airflow/task/task_runner/standard_task_runner.py:70 DeprecationWarning: This process (pid=1403) is multi-threaded, use of fork() may lead to deadlocks in the child.
[2024-09-12T09:09:27.739+0000] {standard_task_runner.py:72} INFO - Started process 1408 to run task
[2024-09-12T09:09:27.816+0000] {task_command.py:467} INFO - Running <TaskInstance: etl_dag_v19.extract_api_data manual__2024-09-12T09:09:12.546790+00:00 [running]> on host 72ac4976c45d
[2024-09-12T09:09:27.962+0000] {taskinstance.py:3131} INFO - Exporting env vars: AIRFLOW_CTX_DAG_OWNER='airflow' AIRFLOW_CTX_DAG_ID='etl_dag_v19' AIRFLOW_CTX_TASK_ID='extract_api_data' AIRFLOW_CTX_EXECUTION_DATE='2024-09-12T09:09:12.546790+00:00' AIRFLOW_CTX_TRY_NUMBER='1' AIRFLOW_CTX_DAG_RUN_ID='manual__2024-09-12T09:09:12.546790+00:00'
[2024-09-12T09:09:27.963+0000] {taskinstance.py:731} INFO - ::endgroup::
[2024-09-12T09:09:29.160+0000] {logging_mixin.py:190} INFO - It's successful!
[2024-09-12T09:09:29.165+0000] {python.py:240} INFO - Done. Returned value was: None
[2024-09-12T09:09:29.188+0000] {taskinstance.py:340} INFO - ::group::Post task execution logs
[2024-09-12T09:09:29.189+0000] {taskinstance.py:352} INFO - Marking task as SUCCESS. dag_id=etl_dag_v19, task_id=extract_api_data, run_id=manual__2024-09-12T09:09:12.546790+00:00, execution_date=20240912T090912, start_date=20240912T090927, end_date=20240912T090929
[2024-09-12T09:09:29.406+0000] {local_task_job_runner.py:266} INFO - Task exited with return code 0
[2024-09-12T09:09:29.427+0000] {logging_mixin.py:190} WARNING - /home/airflow/.local/lib/python3.12/site-packages/airflow/models/baseoperator.py:1378 AirflowProviderDeprecationWarning: Call to deprecated class PostgresOperator. (Please use `airflow.providers.common.sql.operators.sql.SQLExecuteQueryOperator`.Also, you can provide `hook_params={'schema': <database>}`.)
[2024-09-12T09:09:29.500+0000] {taskinstance.py:3900} INFO - 1 downstream tasks scheduled from follow-on schedule check
[2024-09-12T09:09:29.529+0000] {local_task_job_runner.py:245} INFO - ::endgroup::
