[2024-09-20T07:34:21.672+0000] {local_task_job_runner.py:123} INFO - ::group::Pre task execution logs
[2024-09-20T07:34:21.695+0000] {taskinstance.py:2612} INFO - Dependencies all met for dep_context=non-requeueable deps ti=<TaskInstance: etl_dag_v39.create_inventory_table scheduled__2024-09-14T00:00:00+00:00 [queued]>
[2024-09-20T07:34:21.711+0000] {taskinstance.py:2612} INFO - Dependencies all met for dep_context=requeueable deps ti=<TaskInstance: etl_dag_v39.create_inventory_table scheduled__2024-09-14T00:00:00+00:00 [queued]>
[2024-09-20T07:34:21.711+0000] {taskinstance.py:2865} INFO - Starting attempt 1 of 6
[2024-09-20T07:34:21.749+0000] {taskinstance.py:2888} INFO - Executing <Task(PostgresOperator): create_inventory_table> on 2024-09-14 00:00:00+00:00
[2024-09-20T07:34:21.762+0000] {standard_task_runner.py:104} INFO - Running: ['airflow', 'tasks', 'run', 'etl_dag_v39', 'create_inventory_table', 'scheduled__2024-09-14T00:00:00+00:00', '--job-id', '1046', '--raw', '--subdir', 'DAGS_FOLDER/etl_dag.py', '--cfg-path', '/tmp/tmpm752i59h']
[2024-09-20T07:34:21.765+0000] {standard_task_runner.py:105} INFO - Job 1046: Subtask create_inventory_table
[2024-09-20T07:34:21.767+0000] {logging_mixin.py:190} WARNING - /home/airflow/.local/lib/python3.12/site-packages/airflow/task/task_runner/standard_task_runner.py:70 DeprecationWarning: This process (pid=565) is multi-threaded, use of fork() may lead to deadlocks in the child.
[2024-09-20T07:34:21.768+0000] {standard_task_runner.py:72} INFO - Started process 570 to run task
[2024-09-20T07:34:21.846+0000] {task_command.py:467} INFO - Running <TaskInstance: etl_dag_v39.create_inventory_table scheduled__2024-09-14T00:00:00+00:00 [running]> on host 217a74bc1b7d
[2024-09-20T07:34:21.961+0000] {taskinstance.py:3131} INFO - Exporting env vars: AIRFLOW_CTX_DAG_OWNER='airflow' AIRFLOW_CTX_DAG_ID='etl_dag_v39' AIRFLOW_CTX_TASK_ID='create_inventory_table' AIRFLOW_CTX_EXECUTION_DATE='2024-09-14T00:00:00+00:00' AIRFLOW_CTX_TRY_NUMBER='1' AIRFLOW_CTX_DAG_RUN_ID='scheduled__2024-09-14T00:00:00+00:00'
[2024-09-20T07:34:21.963+0000] {taskinstance.py:731} INFO - ::endgroup::
[2024-09-20T07:34:21.975+0000] {sql.py:266} INFO - Executing: 
            CREATE TABLE IF NOT EXISTS inventory (
                id SERIAL PRIMARY KEY,
                name VARCHAR(255),
                stock_quantity INT,
                price DECIMAL(10,2)
            );
        
[2024-09-20T07:34:21.990+0000] {base.py:84} INFO - Retrieving connection 'postgres_localhost'
[2024-09-20T07:34:22.066+0000] {base.py:84} INFO - Retrieving connection 'postgres_localhost'
[2024-09-20T07:34:22.085+0000] {sql.py:509} INFO - Running statement: 
            CREATE TABLE IF NOT EXISTS inventory (
                id SERIAL PRIMARY KEY,
                name VARCHAR(255),
                stock_quantity INT,
                price DECIMAL(10,2)
            );
        , parameters: None
[2024-09-20T07:34:22.105+0000] {taskinstance.py:340} INFO - ::group::Post task execution logs
[2024-09-20T07:34:22.106+0000] {taskinstance.py:352} INFO - Marking task as SUCCESS. dag_id=etl_dag_v39, task_id=create_inventory_table, run_id=scheduled__2024-09-14T00:00:00+00:00, execution_date=20240914T000000, start_date=20240920T073421, end_date=20240920T073422
[2024-09-20T07:34:22.184+0000] {local_task_job_runner.py:266} INFO - Task exited with return code 0
[2024-09-20T07:34:22.199+0000] {logging_mixin.py:190} WARNING - /home/airflow/.local/lib/python3.12/site-packages/airflow/models/baseoperator.py:1378 AirflowProviderDeprecationWarning: Call to deprecated class PostgresOperator. (Please use `airflow.providers.common.sql.operators.sql.SQLExecuteQueryOperator`.Also, you can provide `hook_params={'schema': <database>}`.)
[2024-09-20T07:34:22.224+0000] {taskinstance.py:3900} INFO - 1 downstream tasks scheduled from follow-on schedule check
[2024-09-20T07:34:22.245+0000] {local_task_job_runner.py:245} INFO - ::endgroup::
