[2024-09-20T06:53:55.984+0000] {local_task_job_runner.py:123} INFO - ::group::Pre task execution logs
[2024-09-20T06:53:56.006+0000] {taskinstance.py:2612} INFO - Dependencies all met for dep_context=non-requeueable deps ti=<TaskInstance: etl_dag_v38.extract_api_data scheduled__2024-09-12T00:00:00+00:00 [queued]>
[2024-09-20T06:53:56.023+0000] {taskinstance.py:2612} INFO - Dependencies all met for dep_context=requeueable deps ti=<TaskInstance: etl_dag_v38.extract_api_data scheduled__2024-09-12T00:00:00+00:00 [queued]>
[2024-09-20T06:53:56.024+0000] {taskinstance.py:2865} INFO - Starting attempt 1 of 6
[2024-09-20T06:53:56.081+0000] {taskinstance.py:2888} INFO - Executing <Task(PythonOperator): extract_api_data> on 2024-09-12 00:00:00+00:00
[2024-09-20T06:53:56.102+0000] {standard_task_runner.py:104} INFO - Running: ['airflow', 'tasks', 'run', 'etl_dag_v38', 'extract_api_data', 'scheduled__2024-09-12T00:00:00+00:00', '--job-id', '931', '--raw', '--subdir', 'DAGS_FOLDER/etl_dag.py', '--cfg-path', '/tmp/tmpwuox2d1z']
[2024-09-20T06:53:56.107+0000] {logging_mixin.py:190} WARNING - /home/airflow/.local/lib/python3.12/site-packages/airflow/task/task_runner/standard_task_runner.py:70 DeprecationWarning: This process (pid=42) is multi-threaded, use of fork() may lead to deadlocks in the child.
[2024-09-20T06:53:56.108+0000] {standard_task_runner.py:105} INFO - Job 931: Subtask extract_api_data
[2024-09-20T06:53:56.108+0000] {standard_task_runner.py:72} INFO - Started process 51 to run task
[2024-09-20T06:53:56.264+0000] {task_command.py:467} INFO - Running <TaskInstance: etl_dag_v38.extract_api_data scheduled__2024-09-12T00:00:00+00:00 [running]> on host 72ac4976c45d
[2024-09-20T06:53:56.483+0000] {taskinstance.py:3131} INFO - Exporting env vars: AIRFLOW_CTX_DAG_OWNER='airflow' AIRFLOW_CTX_DAG_ID='etl_dag_v38' AIRFLOW_CTX_TASK_ID='extract_api_data' AIRFLOW_CTX_EXECUTION_DATE='2024-09-12T00:00:00+00:00' AIRFLOW_CTX_TRY_NUMBER='1' AIRFLOW_CTX_DAG_RUN_ID='scheduled__2024-09-12T00:00:00+00:00'
[2024-09-20T06:53:56.485+0000] {taskinstance.py:731} INFO - ::endgroup::
[2024-09-20T06:53:58.850+0000] {logging_mixin.py:190} INFO - It's successful!
[2024-09-20T06:53:58.852+0000] {python.py:240} INFO - Done. Returned value was: None
[2024-09-20T06:53:58.872+0000] {taskinstance.py:340} INFO - ::group::Post task execution logs
[2024-09-20T06:53:58.873+0000] {taskinstance.py:352} INFO - Marking task as SUCCESS. dag_id=etl_dag_v38, task_id=extract_api_data, run_id=scheduled__2024-09-12T00:00:00+00:00, execution_date=20240912T000000, start_date=20240920T065356, end_date=20240920T065358
[2024-09-20T06:53:58.918+0000] {local_task_job_runner.py:266} INFO - Task exited with return code 0
[2024-09-20T06:53:58.932+0000] {logging_mixin.py:190} WARNING - /home/airflow/.local/lib/python3.12/site-packages/airflow/models/baseoperator.py:1378 AirflowProviderDeprecationWarning: Call to deprecated class PostgresOperator. (Please use `airflow.providers.common.sql.operators.sql.SQLExecuteQueryOperator`.Also, you can provide `hook_params={'schema': <database>}`.)
[2024-09-20T06:53:58.982+0000] {taskinstance.py:3900} INFO - 1 downstream tasks scheduled from follow-on schedule check
[2024-09-20T06:53:58.993+0000] {local_task_job_runner.py:245} INFO - ::endgroup::
