[2024-09-12T09:16:33.644+0000] {local_task_job_runner.py:123} INFO - ::group::Pre task execution logs
[2024-09-12T09:16:33.665+0000] {taskinstance.py:2612} INFO - Dependencies all met for dep_context=non-requeueable deps ti=<TaskInstance: etl_dag_v21.extract_api_data manual__2024-09-12T09:16:14.049688+00:00 [queued]>
[2024-09-12T09:16:33.680+0000] {taskinstance.py:2612} INFO - Dependencies all met for dep_context=requeueable deps ti=<TaskInstance: etl_dag_v21.extract_api_data manual__2024-09-12T09:16:14.049688+00:00 [queued]>
[2024-09-12T09:16:33.681+0000] {taskinstance.py:2865} INFO - Starting attempt 1 of 6
[2024-09-12T09:16:33.721+0000] {taskinstance.py:2888} INFO - Executing <Task(PythonOperator): extract_api_data> on 2024-09-12 09:16:14.049688+00:00
[2024-09-12T09:16:33.737+0000] {standard_task_runner.py:104} INFO - Running: ['airflow', 'tasks', 'run', 'etl_dag_v21', 'extract_api_data', 'manual__2024-09-12T09:16:14.049688+00:00', '--job-id', '419', '--raw', '--subdir', 'DAGS_FOLDER/etl_dag.py', '--cfg-path', '/tmp/tmpdd0h0swl']
[2024-09-12T09:16:33.739+0000] {standard_task_runner.py:105} INFO - Job 419: Subtask extract_api_data
[2024-09-12T09:16:33.742+0000] {logging_mixin.py:190} WARNING - /home/airflow/.local/lib/python3.12/site-packages/airflow/task/task_runner/standard_task_runner.py:70 DeprecationWarning: This process (pid=1620) is multi-threaded, use of fork() may lead to deadlocks in the child.
[2024-09-12T09:16:33.743+0000] {standard_task_runner.py:72} INFO - Started process 1625 to run task
[2024-09-12T09:16:33.825+0000] {task_command.py:467} INFO - Running <TaskInstance: etl_dag_v21.extract_api_data manual__2024-09-12T09:16:14.049688+00:00 [running]> on host 72ac4976c45d
[2024-09-12T09:16:33.955+0000] {taskinstance.py:3131} INFO - Exporting env vars: AIRFLOW_CTX_DAG_OWNER='airflow' AIRFLOW_CTX_DAG_ID='etl_dag_v21' AIRFLOW_CTX_TASK_ID='extract_api_data' AIRFLOW_CTX_EXECUTION_DATE='2024-09-12T09:16:14.049688+00:00' AIRFLOW_CTX_TRY_NUMBER='1' AIRFLOW_CTX_DAG_RUN_ID='manual__2024-09-12T09:16:14.049688+00:00'
[2024-09-12T09:16:33.957+0000] {taskinstance.py:731} INFO - ::endgroup::
[2024-09-12T09:16:35.139+0000] {logging_mixin.py:190} INFO - It's successful!
[2024-09-12T09:16:35.151+0000] {python.py:240} INFO - Done. Returned value was: None
[2024-09-12T09:16:35.200+0000] {taskinstance.py:340} INFO - ::group::Post task execution logs
[2024-09-12T09:16:35.201+0000] {taskinstance.py:352} INFO - Marking task as SUCCESS. dag_id=etl_dag_v21, task_id=extract_api_data, run_id=manual__2024-09-12T09:16:14.049688+00:00, execution_date=20240912T091614, start_date=20240912T091633, end_date=20240912T091635
[2024-09-12T09:16:35.294+0000] {local_task_job_runner.py:266} INFO - Task exited with return code 0
[2024-09-12T09:16:35.309+0000] {logging_mixin.py:190} WARNING - /home/airflow/.local/lib/python3.12/site-packages/airflow/models/baseoperator.py:1378 AirflowProviderDeprecationWarning: Call to deprecated class PostgresOperator. (Please use `airflow.providers.common.sql.operators.sql.SQLExecuteQueryOperator`.Also, you can provide `hook_params={'schema': <database>}`.)
[2024-09-12T09:16:35.341+0000] {taskinstance.py:3900} INFO - 1 downstream tasks scheduled from follow-on schedule check
[2024-09-12T09:16:35.350+0000] {local_task_job_runner.py:245} INFO - ::endgroup::
