[2024-09-20T23:17:49.449+0000] {local_task_job_runner.py:123} INFO - ::group::Pre task execution logs
[2024-09-20T23:17:49.496+0000] {taskinstance.py:2612} INFO - Dependencies all met for dep_context=non-requeueable deps ti=<TaskInstance: etl_dag_v45.create_orders_table scheduled__2024-09-18T00:00:00+00:00 [queued]>
[2024-09-20T23:17:49.530+0000] {taskinstance.py:2612} INFO - Dependencies all met for dep_context=requeueable deps ti=<TaskInstance: etl_dag_v45.create_orders_table scheduled__2024-09-18T00:00:00+00:00 [queued]>
[2024-09-20T23:17:49.536+0000] {taskinstance.py:2865} INFO - Starting attempt 1 of 6
[2024-09-20T23:17:49.629+0000] {taskinstance.py:2888} INFO - Executing <Task(PostgresOperator): create_orders_table> on 2024-09-18 00:00:00+00:00
[2024-09-20T23:17:49.651+0000] {standard_task_runner.py:104} INFO - Running: ['airflow', 'tasks', 'run', 'etl_dag_v45', 'create_orders_table', 'scheduled__2024-09-18T00:00:00+00:00', '--job-id', '1621', '--raw', '--subdir', 'DAGS_FOLDER/etl_dag.py', '--cfg-path', '/tmp/tmpdr7ilc6c']
[2024-09-20T23:17:49.655+0000] {standard_task_runner.py:105} INFO - Job 1621: Subtask create_orders_table
[2024-09-20T23:17:49.660+0000] {logging_mixin.py:190} WARNING - /home/airflow/.local/lib/python3.12/site-packages/airflow/task/task_runner/standard_task_runner.py:70 DeprecationWarning: This process (pid=6076) is multi-threaded, use of fork() may lead to deadlocks in the child.
[2024-09-20T23:17:49.661+0000] {standard_task_runner.py:72} INFO - Started process 6081 to run task
[2024-09-20T23:17:49.853+0000] {task_command.py:467} INFO - Running <TaskInstance: etl_dag_v45.create_orders_table scheduled__2024-09-18T00:00:00+00:00 [running]> on host 217a74bc1b7d
[2024-09-20T23:17:50.115+0000] {taskinstance.py:3131} INFO - Exporting env vars: AIRFLOW_CTX_DAG_OWNER='airflow' AIRFLOW_CTX_DAG_ID='etl_dag_v45' AIRFLOW_CTX_TASK_ID='create_orders_table' AIRFLOW_CTX_EXECUTION_DATE='2024-09-18T00:00:00+00:00' AIRFLOW_CTX_TRY_NUMBER='1' AIRFLOW_CTX_DAG_RUN_ID='scheduled__2024-09-18T00:00:00+00:00'
[2024-09-20T23:17:50.118+0000] {taskinstance.py:731} INFO - ::endgroup::
[2024-09-20T23:17:50.151+0000] {sql.py:266} INFO - Executing: 
            CREATE TABLE IF NOT EXISTS orders (
                id VARCHAR PRIMARY KEY,
                customer_id INT,
                product_id INT,
                order_date DATE,
                quantity INT
            );
        
[2024-09-20T23:17:50.181+0000] {base.py:84} INFO - Retrieving connection 'postgres_localhost'
[2024-09-20T23:17:50.389+0000] {base.py:84} INFO - Retrieving connection 'postgres_localhost'
[2024-09-20T23:17:50.429+0000] {sql.py:509} INFO - Running statement: 
            CREATE TABLE IF NOT EXISTS orders (
                id VARCHAR PRIMARY KEY,
                customer_id INT,
                product_id INT,
                order_date DATE,
                quantity INT
            );
        , parameters: None
[2024-09-20T23:17:50.492+0000] {taskinstance.py:340} INFO - ::group::Post task execution logs
[2024-09-20T23:17:50.494+0000] {taskinstance.py:352} INFO - Marking task as SUCCESS. dag_id=etl_dag_v45, task_id=create_orders_table, run_id=scheduled__2024-09-18T00:00:00+00:00, execution_date=20240918T000000, start_date=20240920T231749, end_date=20240920T231750
[2024-09-20T23:17:50.606+0000] {local_task_job_runner.py:266} INFO - Task exited with return code 0
[2024-09-20T23:17:50.640+0000] {logging_mixin.py:190} WARNING - /home/airflow/.local/lib/python3.12/site-packages/airflow/models/baseoperator.py:1378 AirflowProviderDeprecationWarning: Call to deprecated class PostgresOperator. (Please use `airflow.providers.common.sql.operators.sql.SQLExecuteQueryOperator`.Also, you can provide `hook_params={'schema': <database>}`.)
[2024-09-20T23:17:50.757+0000] {taskinstance.py:3900} INFO - 1 downstream tasks scheduled from follow-on schedule check
[2024-09-20T23:17:50.901+0000] {local_task_job_runner.py:245} INFO - ::endgroup::
