[2024-09-20T16:20:39.512+0000] {local_task_job_runner.py:123} INFO - ::group::Pre task execution logs
[2024-09-20T16:20:39.564+0000] {taskinstance.py:2612} INFO - Dependencies all met for dep_context=non-requeueable deps ti=<TaskInstance: etl_dag_v44.create_orders_table manual__2024-09-20T16:14:06.758331+00:00 [queued]>
[2024-09-20T16:20:39.597+0000] {taskinstance.py:2612} INFO - Dependencies all met for dep_context=requeueable deps ti=<TaskInstance: etl_dag_v44.create_orders_table manual__2024-09-20T16:14:06.758331+00:00 [queued]>
[2024-09-20T16:20:39.599+0000] {taskinstance.py:2865} INFO - Starting attempt 1 of 6
[2024-09-20T16:20:39.667+0000] {taskinstance.py:2888} INFO - Executing <Task(PostgresOperator): create_orders_table> on 2024-09-20 16:14:06.758331+00:00
[2024-09-20T16:20:39.687+0000] {standard_task_runner.py:104} INFO - Running: ['airflow', 'tasks', 'run', 'etl_dag_v44', 'create_orders_table', 'manual__2024-09-20T16:14:06.758331+00:00', '--job-id', '1555', '--raw', '--subdir', 'DAGS_FOLDER/etl_dag.py', '--cfg-path', '/tmp/tmpuyb82_y2']
[2024-09-20T16:20:39.691+0000] {standard_task_runner.py:105} INFO - Job 1555: Subtask create_orders_table
[2024-09-20T16:20:39.698+0000] {logging_mixin.py:190} WARNING - /home/airflow/.local/lib/python3.12/site-packages/airflow/task/task_runner/standard_task_runner.py:70 DeprecationWarning: This process (pid=5531) is multi-threaded, use of fork() may lead to deadlocks in the child.
[2024-09-20T16:20:39.699+0000] {standard_task_runner.py:72} INFO - Started process 5536 to run task
[2024-09-20T16:20:39.872+0000] {task_command.py:467} INFO - Running <TaskInstance: etl_dag_v44.create_orders_table manual__2024-09-20T16:14:06.758331+00:00 [running]> on host 217a74bc1b7d
[2024-09-20T16:20:40.123+0000] {taskinstance.py:3131} INFO - Exporting env vars: AIRFLOW_CTX_DAG_OWNER='airflow' AIRFLOW_CTX_DAG_ID='etl_dag_v44' AIRFLOW_CTX_TASK_ID='create_orders_table' AIRFLOW_CTX_EXECUTION_DATE='2024-09-20T16:14:06.758331+00:00' AIRFLOW_CTX_TRY_NUMBER='1' AIRFLOW_CTX_DAG_RUN_ID='manual__2024-09-20T16:14:06.758331+00:00'
[2024-09-20T16:20:40.125+0000] {taskinstance.py:731} INFO - ::endgroup::
[2024-09-20T16:20:40.163+0000] {sql.py:266} INFO - Executing: 
            CREATE TABLE IF NOT EXISTS order_lists (
                id VARCHAR PRIMARY KEY,
                customer_id INT,
                product_id INT,
                order_date DATE,
                quantity INT,
                CONSTRAINT fk_product FOREIGN KEY(product_id) REFERENCES inventory(id)
            );
        
[2024-09-20T16:20:40.420+0000] {base.py:84} INFO - Retrieving connection 'postgres_localhost'
[2024-09-20T16:20:40.691+0000] {base.py:84} INFO - Retrieving connection 'postgres_localhost'
[2024-09-20T16:20:40.748+0000] {sql.py:509} INFO - Running statement: 
            CREATE TABLE IF NOT EXISTS order_lists (
                id VARCHAR PRIMARY KEY,
                customer_id INT,
                product_id INT,
                order_date DATE,
                quantity INT,
                CONSTRAINT fk_product FOREIGN KEY(product_id) REFERENCES inventory(id)
            );
        , parameters: None
[2024-09-20T16:20:40.798+0000] {taskinstance.py:340} INFO - ::group::Post task execution logs
[2024-09-20T16:20:40.800+0000] {taskinstance.py:352} INFO - Marking task as SUCCESS. dag_id=etl_dag_v44, task_id=create_orders_table, run_id=manual__2024-09-20T16:14:06.758331+00:00, execution_date=20240920T161406, start_date=20240920T162039, end_date=20240920T162040
[2024-09-20T16:20:40.901+0000] {local_task_job_runner.py:266} INFO - Task exited with return code 0
[2024-09-20T16:20:40.925+0000] {logging_mixin.py:190} WARNING - /home/airflow/.local/lib/python3.12/site-packages/airflow/models/baseoperator.py:1378 AirflowProviderDeprecationWarning: Call to deprecated class PostgresOperator. (Please use `airflow.providers.common.sql.operators.sql.SQLExecuteQueryOperator`.Also, you can provide `hook_params={'schema': <database>}`.)
[2024-09-20T16:20:40.969+0000] {taskinstance.py:3900} INFO - 1 downstream tasks scheduled from follow-on schedule check
[2024-09-20T16:20:40.989+0000] {local_task_job_runner.py:245} INFO - ::endgroup::
