[2024-09-20T06:59:39.574+0000] {local_task_job_runner.py:123} INFO - ::group::Pre task execution logs
[2024-09-20T06:59:39.615+0000] {taskinstance.py:2612} INFO - Dependencies all met for dep_context=non-requeueable deps ti=<TaskInstance: etl_dag_v38.create_orders_table scheduled__2024-09-16T00:00:00+00:00 [queued]>
[2024-09-20T06:59:39.660+0000] {taskinstance.py:2612} INFO - Dependencies all met for dep_context=requeueable deps ti=<TaskInstance: etl_dag_v38.create_orders_table scheduled__2024-09-16T00:00:00+00:00 [queued]>
[2024-09-20T06:59:39.662+0000] {taskinstance.py:2865} INFO - Starting attempt 1 of 6
[2024-09-20T06:59:39.750+0000] {taskinstance.py:2888} INFO - Executing <Task(PostgresOperator): create_orders_table> on 2024-09-16 00:00:00+00:00
[2024-09-20T06:59:39.760+0000] {standard_task_runner.py:104} INFO - Running: ['airflow', 'tasks', 'run', 'etl_dag_v38', 'create_orders_table', 'scheduled__2024-09-16T00:00:00+00:00', '--job-id', '969', '--raw', '--subdir', 'DAGS_FOLDER/etl_dag.py', '--cfg-path', '/tmp/tmpyompnsxs']
[2024-09-20T06:59:39.764+0000] {standard_task_runner.py:105} INFO - Job 969: Subtask create_orders_table
[2024-09-20T06:59:39.769+0000] {logging_mixin.py:190} WARNING - /home/airflow/.local/lib/python3.12/site-packages/airflow/task/task_runner/standard_task_runner.py:70 DeprecationWarning: This process (pid=333) is multi-threaded, use of fork() may lead to deadlocks in the child.
[2024-09-20T06:59:39.770+0000] {standard_task_runner.py:72} INFO - Started process 338 to run task
[2024-09-20T06:59:39.870+0000] {task_command.py:467} INFO - Running <TaskInstance: etl_dag_v38.create_orders_table scheduled__2024-09-16T00:00:00+00:00 [running]> on host 72ac4976c45d
[2024-09-20T06:59:40.271+0000] {taskinstance.py:3131} INFO - Exporting env vars: AIRFLOW_CTX_DAG_OWNER='airflow' AIRFLOW_CTX_DAG_ID='etl_dag_v38' AIRFLOW_CTX_TASK_ID='create_orders_table' AIRFLOW_CTX_EXECUTION_DATE='2024-09-16T00:00:00+00:00' AIRFLOW_CTX_TRY_NUMBER='1' AIRFLOW_CTX_DAG_RUN_ID='scheduled__2024-09-16T00:00:00+00:00'
[2024-09-20T06:59:40.273+0000] {taskinstance.py:731} INFO - ::endgroup::
[2024-09-20T06:59:40.306+0000] {sql.py:266} INFO - Executing: 
            CREATE TABLE IF NOT EXISTS orders (
                id SERIAL PRIMARY KEY,
                customer_id INT,
                product_id INT,
                order_date DATE,
                quantity INT,
                CONSTRAINT fk_product FOREIGN KEY(product_id) REFERENCES inventory(id)
            );
        
[2024-09-20T06:59:40.334+0000] {base.py:84} INFO - Retrieving connection 'postgres_localhost'
[2024-09-20T06:59:40.461+0000] {base.py:84} INFO - Retrieving connection 'postgres_localhost'
[2024-09-20T06:59:40.531+0000] {sql.py:509} INFO - Running statement: 
            CREATE TABLE IF NOT EXISTS orders (
                id SERIAL PRIMARY KEY,
                customer_id INT,
                product_id INT,
                order_date DATE,
                quantity INT,
                CONSTRAINT fk_product FOREIGN KEY(product_id) REFERENCES inventory(id)
            );
        , parameters: None
[2024-09-20T06:59:40.691+0000] {taskinstance.py:340} INFO - ::group::Post task execution logs
[2024-09-20T06:59:40.692+0000] {taskinstance.py:352} INFO - Marking task as SUCCESS. dag_id=etl_dag_v38, task_id=create_orders_table, run_id=scheduled__2024-09-16T00:00:00+00:00, execution_date=20240916T000000, start_date=20240920T065939, end_date=20240920T065940
[2024-09-20T06:59:40.840+0000] {local_task_job_runner.py:266} INFO - Task exited with return code 0
[2024-09-20T06:59:40.912+0000] {logging_mixin.py:190} WARNING - /home/airflow/.local/lib/python3.12/site-packages/airflow/models/baseoperator.py:1378 AirflowProviderDeprecationWarning: Call to deprecated class PostgresOperator. (Please use `airflow.providers.common.sql.operators.sql.SQLExecuteQueryOperator`.Also, you can provide `hook_params={'schema': <database>}`.)
[2024-09-20T06:59:40.970+0000] {taskinstance.py:3900} INFO - 1 downstream tasks scheduled from follow-on schedule check
[2024-09-20T06:59:40.992+0000] {local_task_job_runner.py:245} INFO - ::endgroup::
