[2024-09-20T14:04:09.499+0000] {local_task_job_runner.py:123} INFO - ::group::Pre task execution logs
[2024-09-20T14:04:09.546+0000] {taskinstance.py:2612} INFO - Dependencies all met for dep_context=non-requeueable deps ti=<TaskInstance: etl_dag_v41.update_inventory_data manual__2024-09-20T14:01:55.917780+00:00 [queued]>
[2024-09-20T14:04:09.566+0000] {taskinstance.py:2612} INFO - Dependencies all met for dep_context=requeueable deps ti=<TaskInstance: etl_dag_v41.update_inventory_data manual__2024-09-20T14:01:55.917780+00:00 [queued]>
[2024-09-20T14:04:09.566+0000] {taskinstance.py:2865} INFO - Starting attempt 1 of 6
[2024-09-20T14:04:09.602+0000] {taskinstance.py:2888} INFO - Executing <Task(PythonOperator): update_inventory_data> on 2024-09-20 14:01:55.917780+00:00
[2024-09-20T14:04:09.613+0000] {standard_task_runner.py:104} INFO - Running: ['airflow', 'tasks', 'run', 'etl_dag_v41', 'update_inventory_data', 'manual__2024-09-20T14:01:55.917780+00:00', '--job-id', '1381', '--raw', '--subdir', 'DAGS_FOLDER/etl_dag.py', '--cfg-path', '/tmp/tmp8di45p4c']
[2024-09-20T14:04:09.615+0000] {standard_task_runner.py:105} INFO - Job 1381: Subtask update_inventory_data
[2024-09-20T14:04:09.617+0000] {logging_mixin.py:190} WARNING - /home/airflow/.local/lib/python3.12/site-packages/airflow/task/task_runner/standard_task_runner.py:70 DeprecationWarning: This process (pid=3946) is multi-threaded, use of fork() may lead to deadlocks in the child.
[2024-09-20T14:04:09.617+0000] {standard_task_runner.py:72} INFO - Started process 3951 to run task
[2024-09-20T14:04:09.685+0000] {task_command.py:467} INFO - Running <TaskInstance: etl_dag_v41.update_inventory_data manual__2024-09-20T14:01:55.917780+00:00 [running]> on host 217a74bc1b7d
[2024-09-20T14:04:09.832+0000] {taskinstance.py:3131} INFO - Exporting env vars: AIRFLOW_CTX_DAG_OWNER='airflow' AIRFLOW_CTX_DAG_ID='etl_dag_v41' AIRFLOW_CTX_TASK_ID='update_inventory_data' AIRFLOW_CTX_EXECUTION_DATE='2024-09-20T14:01:55.917780+00:00' AIRFLOW_CTX_TRY_NUMBER='1' AIRFLOW_CTX_DAG_RUN_ID='manual__2024-09-20T14:01:55.917780+00:00'
[2024-09-20T14:04:09.833+0000] {taskinstance.py:731} INFO - ::endgroup::
[2024-09-20T14:04:09.874+0000] {logging_mixin.py:190} INFO - Inventory updated successfully!
[2024-09-20T14:04:09.875+0000] {python.py:240} INFO - Done. Returned value was: None
[2024-09-20T14:04:09.889+0000] {taskinstance.py:340} INFO - ::group::Post task execution logs
[2024-09-20T14:04:09.890+0000] {taskinstance.py:352} INFO - Marking task as SUCCESS. dag_id=etl_dag_v41, task_id=update_inventory_data, run_id=manual__2024-09-20T14:01:55.917780+00:00, execution_date=20240920T140155, start_date=20240920T140409, end_date=20240920T140409
[2024-09-20T14:04:09.953+0000] {local_task_job_runner.py:266} INFO - Task exited with return code 0
[2024-09-20T14:04:09.968+0000] {logging_mixin.py:190} WARNING - /home/airflow/.local/lib/python3.12/site-packages/airflow/models/baseoperator.py:1378 AirflowProviderDeprecationWarning: Call to deprecated class PostgresOperator. (Please use `airflow.providers.common.sql.operators.sql.SQLExecuteQueryOperator`.Also, you can provide `hook_params={'schema': <database>}`.)
[2024-09-20T14:04:09.999+0000] {taskinstance.py:3900} INFO - 2 downstream tasks scheduled from follow-on schedule check
[2024-09-20T14:04:10.009+0000] {local_task_job_runner.py:245} INFO - ::endgroup::
