[2024-09-11T10:46:42.454+0000] {local_task_job_runner.py:123} INFO - ::group::Pre task execution logs
[2024-09-11T10:46:42.482+0000] {taskinstance.py:2612} INFO - Dependencies all met for dep_context=non-requeueable deps ti=<TaskInstance: etl_dag_v14.create_orders_table scheduled__2024-09-09T00:00:00+00:00 [queued]>
[2024-09-11T10:46:42.501+0000] {taskinstance.py:2612} INFO - Dependencies all met for dep_context=requeueable deps ti=<TaskInstance: etl_dag_v14.create_orders_table scheduled__2024-09-09T00:00:00+00:00 [queued]>
[2024-09-11T10:46:42.502+0000] {taskinstance.py:2865} INFO - Starting attempt 1 of 6
[2024-09-11T10:46:42.545+0000] {taskinstance.py:2888} INFO - Executing <Task(PostgresOperator): create_orders_table> on 2024-09-09 00:00:00+00:00
[2024-09-11T10:46:42.553+0000] {standard_task_runner.py:104} INFO - Running: ['airflow', 'tasks', 'run', 'etl_dag_v14', 'create_orders_table', 'scheduled__2024-09-09T00:00:00+00:00', '--job-id', '173', '--raw', '--subdir', 'DAGS_FOLDER/etl_dag.py', '--cfg-path', '/tmp/tmpvzw5s54q']
[2024-09-11T10:46:42.555+0000] {standard_task_runner.py:105} INFO - Job 173: Subtask create_orders_table
[2024-09-11T10:46:42.558+0000] {logging_mixin.py:190} WARNING - /home/airflow/.local/lib/python3.12/site-packages/airflow/task/task_runner/standard_task_runner.py:70 DeprecationWarning: This process (pid=4188) is multi-threaded, use of fork() may lead to deadlocks in the child.
[2024-09-11T10:46:42.559+0000] {standard_task_runner.py:72} INFO - Started process 4193 to run task
[2024-09-11T10:46:42.644+0000] {task_command.py:467} INFO - Running <TaskInstance: etl_dag_v14.create_orders_table scheduled__2024-09-09T00:00:00+00:00 [running]> on host 4118525cd54b
[2024-09-11T10:46:42.751+0000] {taskinstance.py:3131} INFO - Exporting env vars: AIRFLOW_CTX_DAG_OWNER='airflow' AIRFLOW_CTX_DAG_ID='etl_dag_v14' AIRFLOW_CTX_TASK_ID='create_orders_table' AIRFLOW_CTX_EXECUTION_DATE='2024-09-09T00:00:00+00:00' AIRFLOW_CTX_TRY_NUMBER='1' AIRFLOW_CTX_DAG_RUN_ID='scheduled__2024-09-09T00:00:00+00:00'
[2024-09-11T10:46:42.753+0000] {taskinstance.py:731} INFO - ::endgroup::
[2024-09-11T10:46:42.765+0000] {sql.py:266} INFO - Executing: 
            CREATE TABLE IF NOT EXISTS orders (
                order_id SERIAL PRIMARY KEY UNIQUE,
                customer_id VARCHAR,
                order_date DATE,
                ordered_product VARCHAR(255),
                gender VARCHAR(255),
                customer_name VARCHAR(255),
                quantity INT
            );
        
[2024-09-11T10:46:42.778+0000] {base.py:84} INFO - Retrieving connection 'postgres_localhost'
[2024-09-11T10:46:42.856+0000] {base.py:84} INFO - Retrieving connection 'postgres_localhost'
[2024-09-11T10:46:42.873+0000] {sql.py:509} INFO - Running statement: 
            CREATE TABLE IF NOT EXISTS orders (
                order_id SERIAL PRIMARY KEY UNIQUE,
                customer_id VARCHAR,
                order_date DATE,
                ordered_product VARCHAR(255),
                gender VARCHAR(255),
                customer_name VARCHAR(255),
                quantity INT
            );
        , parameters: None
[2024-09-11T10:46:42.900+0000] {taskinstance.py:340} INFO - ::group::Post task execution logs
[2024-09-11T10:46:42.900+0000] {taskinstance.py:352} INFO - Marking task as SUCCESS. dag_id=etl_dag_v14, task_id=create_orders_table, run_id=scheduled__2024-09-09T00:00:00+00:00, execution_date=20240909T000000, start_date=20240911T104642, end_date=20240911T104642
[2024-09-11T10:46:42.976+0000] {local_task_job_runner.py:266} INFO - Task exited with return code 0
[2024-09-11T10:46:42.990+0000] {logging_mixin.py:190} WARNING - /home/airflow/.local/lib/python3.12/site-packages/airflow/models/baseoperator.py:1378 AirflowProviderDeprecationWarning: Call to deprecated class PostgresOperator. (Please use `airflow.providers.common.sql.operators.sql.SQLExecuteQueryOperator`.Also, you can provide `hook_params={'schema': <database>}`.)
[2024-09-11T10:46:43.009+0000] {taskinstance.py:3900} INFO - 1 downstream tasks scheduled from follow-on schedule check
[2024-09-11T10:46:43.018+0000] {local_task_job_runner.py:245} INFO - ::endgroup::
