[2024-09-11T10:45:36.936+0000] {local_task_job_runner.py:123} INFO - ::group::Pre task execution logs
[2024-09-11T10:45:36.957+0000] {taskinstance.py:2612} INFO - Dependencies all met for dep_context=non-requeueable deps ti=<TaskInstance: etl_dag_v14.create_orders_table manual__2024-09-11T10:44:09.603249+00:00 [queued]>
[2024-09-11T10:45:36.972+0000] {taskinstance.py:2612} INFO - Dependencies all met for dep_context=requeueable deps ti=<TaskInstance: etl_dag_v14.create_orders_table manual__2024-09-11T10:44:09.603249+00:00 [queued]>
[2024-09-11T10:45:36.973+0000] {taskinstance.py:2865} INFO - Starting attempt 1 of 6
[2024-09-11T10:45:37.005+0000] {taskinstance.py:2888} INFO - Executing <Task(PostgresOperator): create_orders_table> on 2024-09-11 10:44:09.603249+00:00
[2024-09-11T10:45:37.012+0000] {standard_task_runner.py:104} INFO - Running: ['airflow', 'tasks', 'run', 'etl_dag_v14', 'create_orders_table', 'manual__2024-09-11T10:44:09.603249+00:00', '--job-id', '162', '--raw', '--subdir', 'DAGS_FOLDER/etl_dag.py', '--cfg-path', '/tmp/tmpbpfp_0_i']
[2024-09-11T10:45:37.014+0000] {standard_task_runner.py:105} INFO - Job 162: Subtask create_orders_table
[2024-09-11T10:45:37.017+0000] {logging_mixin.py:190} WARNING - /home/airflow/.local/lib/python3.12/site-packages/airflow/task/task_runner/standard_task_runner.py:70 DeprecationWarning: This process (pid=4107) is multi-threaded, use of fork() may lead to deadlocks in the child.
[2024-09-11T10:45:37.018+0000] {standard_task_runner.py:72} INFO - Started process 4112 to run task
[2024-09-11T10:45:37.088+0000] {task_command.py:467} INFO - Running <TaskInstance: etl_dag_v14.create_orders_table manual__2024-09-11T10:44:09.603249+00:00 [running]> on host 4118525cd54b
[2024-09-11T10:45:37.277+0000] {taskinstance.py:3131} INFO - Exporting env vars: AIRFLOW_CTX_DAG_OWNER='airflow' AIRFLOW_CTX_DAG_ID='etl_dag_v14' AIRFLOW_CTX_TASK_ID='create_orders_table' AIRFLOW_CTX_EXECUTION_DATE='2024-09-11T10:44:09.603249+00:00' AIRFLOW_CTX_TRY_NUMBER='1' AIRFLOW_CTX_DAG_RUN_ID='manual__2024-09-11T10:44:09.603249+00:00'
[2024-09-11T10:45:37.278+0000] {taskinstance.py:731} INFO - ::endgroup::
[2024-09-11T10:45:37.292+0000] {sql.py:266} INFO - Executing: 
            CREATE TABLE IF NOT EXISTS orders (
                order_id SERIAL PRIMARY KEY UNIQUE,
                customer_id VARCHAR,
                order_date DATE,
                ordered_product VARCHAR(255),
                gender VARCHAR(255),
                customer_name VARCHAR(255),
                quantity INT
            );
        
[2024-09-11T10:45:37.304+0000] {base.py:84} INFO - Retrieving connection 'postgres_localhost'
[2024-09-11T10:45:37.446+0000] {base.py:84} INFO - Retrieving connection 'postgres_localhost'
[2024-09-11T10:45:37.504+0000] {sql.py:509} INFO - Running statement: 
            CREATE TABLE IF NOT EXISTS orders (
                order_id SERIAL PRIMARY KEY UNIQUE,
                customer_id VARCHAR,
                order_date DATE,
                ordered_product VARCHAR(255),
                gender VARCHAR(255),
                customer_name VARCHAR(255),
                quantity INT
            );
        , parameters: None
[2024-09-11T10:45:37.534+0000] {taskinstance.py:340} INFO - ::group::Post task execution logs
[2024-09-11T10:45:37.535+0000] {taskinstance.py:352} INFO - Marking task as SUCCESS. dag_id=etl_dag_v14, task_id=create_orders_table, run_id=manual__2024-09-11T10:44:09.603249+00:00, execution_date=20240911T104409, start_date=20240911T104536, end_date=20240911T104537
[2024-09-11T10:45:37.635+0000] {local_task_job_runner.py:266} INFO - Task exited with return code 0
[2024-09-11T10:45:37.651+0000] {logging_mixin.py:190} WARNING - /home/airflow/.local/lib/python3.12/site-packages/airflow/models/baseoperator.py:1378 AirflowProviderDeprecationWarning: Call to deprecated class PostgresOperator. (Please use `airflow.providers.common.sql.operators.sql.SQLExecuteQueryOperator`.Also, you can provide `hook_params={'schema': <database>}`.)
[2024-09-11T10:45:37.693+0000] {taskinstance.py:3900} INFO - 1 downstream tasks scheduled from follow-on schedule check
[2024-09-11T10:45:37.704+0000] {local_task_job_runner.py:245} INFO - ::endgroup::
