[2024-09-20T07:36:42.712+0000] {local_task_job_runner.py:123} INFO - ::group::Pre task execution logs
[2024-09-20T07:36:42.735+0000] {taskinstance.py:2612} INFO - Dependencies all met for dep_context=non-requeueable deps ti=<TaskInstance: etl_dag_v39.create_orders_table scheduled__2024-09-10T00:00:00+00:00 [queued]>
[2024-09-20T07:36:42.751+0000] {taskinstance.py:2612} INFO - Dependencies all met for dep_context=requeueable deps ti=<TaskInstance: etl_dag_v39.create_orders_table scheduled__2024-09-10T00:00:00+00:00 [queued]>
[2024-09-20T07:36:42.752+0000] {taskinstance.py:2865} INFO - Starting attempt 2 of 6
[2024-09-20T07:36:42.787+0000] {taskinstance.py:2888} INFO - Executing <Task(PostgresOperator): create_orders_table> on 2024-09-10 00:00:00+00:00
[2024-09-20T07:36:42.797+0000] {standard_task_runner.py:104} INFO - Running: ['airflow', 'tasks', 'run', 'etl_dag_v39', 'create_orders_table', 'scheduled__2024-09-10T00:00:00+00:00', '--job-id', '1070', '--raw', '--subdir', 'DAGS_FOLDER/etl_dag.py', '--cfg-path', '/tmp/tmpshmjxe1n']
[2024-09-20T07:36:42.799+0000] {standard_task_runner.py:105} INFO - Job 1070: Subtask create_orders_table
[2024-09-20T07:36:42.802+0000] {logging_mixin.py:190} WARNING - /home/airflow/.local/lib/python3.12/site-packages/airflow/task/task_runner/standard_task_runner.py:70 DeprecationWarning: This process (pid=741) is multi-threaded, use of fork() may lead to deadlocks in the child.
[2024-09-20T07:36:42.803+0000] {standard_task_runner.py:72} INFO - Started process 746 to run task
[2024-09-20T07:36:42.872+0000] {task_command.py:467} INFO - Running <TaskInstance: etl_dag_v39.create_orders_table scheduled__2024-09-10T00:00:00+00:00 [running]> on host 217a74bc1b7d
[2024-09-20T07:36:42.998+0000] {taskinstance.py:3131} INFO - Exporting env vars: AIRFLOW_CTX_DAG_OWNER='airflow' AIRFLOW_CTX_DAG_ID='etl_dag_v39' AIRFLOW_CTX_TASK_ID='create_orders_table' AIRFLOW_CTX_EXECUTION_DATE='2024-09-10T00:00:00+00:00' AIRFLOW_CTX_TRY_NUMBER='2' AIRFLOW_CTX_DAG_RUN_ID='scheduled__2024-09-10T00:00:00+00:00'
[2024-09-20T07:36:43.000+0000] {taskinstance.py:731} INFO - ::endgroup::
[2024-09-20T07:36:43.012+0000] {sql.py:266} INFO - Executing: 
            CREATE TABLE IF NOT EXISTS order_lists (
                id VARCHAR PRIMARY KEY,
                customer_id INT,
                product_id INT,
                order_date DATE,
                quantity INT,
                CONSTRAINT fk_product FOREIGN KEY(product_id) REFERENCES inventory(id)
            );
        
[2024-09-20T07:36:43.026+0000] {base.py:84} INFO - Retrieving connection 'postgres_localhost'
[2024-09-20T07:36:43.102+0000] {base.py:84} INFO - Retrieving connection 'postgres_localhost'
[2024-09-20T07:36:43.123+0000] {sql.py:509} INFO - Running statement: 
            CREATE TABLE IF NOT EXISTS order_lists (
                id VARCHAR PRIMARY KEY,
                customer_id INT,
                product_id INT,
                order_date DATE,
                quantity INT,
                CONSTRAINT fk_product FOREIGN KEY(product_id) REFERENCES inventory(id)
            );
        , parameters: None
[2024-09-20T07:36:43.142+0000] {taskinstance.py:340} INFO - ::group::Post task execution logs
[2024-09-20T07:36:43.143+0000] {taskinstance.py:352} INFO - Marking task as SUCCESS. dag_id=etl_dag_v39, task_id=create_orders_table, run_id=scheduled__2024-09-10T00:00:00+00:00, execution_date=20240910T000000, start_date=20240920T073642, end_date=20240920T073643
[2024-09-20T07:36:43.219+0000] {local_task_job_runner.py:266} INFO - Task exited with return code 0
[2024-09-20T07:36:43.234+0000] {logging_mixin.py:190} WARNING - /home/airflow/.local/lib/python3.12/site-packages/airflow/models/baseoperator.py:1378 AirflowProviderDeprecationWarning: Call to deprecated class PostgresOperator. (Please use `airflow.providers.common.sql.operators.sql.SQLExecuteQueryOperator`.Also, you can provide `hook_params={'schema': <database>}`.)
[2024-09-20T07:36:43.257+0000] {taskinstance.py:3900} INFO - 1 downstream tasks scheduled from follow-on schedule check
[2024-09-20T07:36:43.267+0000] {local_task_job_runner.py:245} INFO - ::endgroup::
