[2024-09-11T10:45:10.194+0000] {local_task_job_runner.py:123} INFO - ::group::Pre task execution logs
[2024-09-11T10:45:10.216+0000] {taskinstance.py:2612} INFO - Dependencies all met for dep_context=non-requeueable deps ti=<TaskInstance: etl_dag_v14.extract_api_data scheduled__2024-09-10T00:00:00+00:00 [queued]>
[2024-09-11T10:45:10.232+0000] {taskinstance.py:2612} INFO - Dependencies all met for dep_context=requeueable deps ti=<TaskInstance: etl_dag_v14.extract_api_data scheduled__2024-09-10T00:00:00+00:00 [queued]>
[2024-09-11T10:45:10.233+0000] {taskinstance.py:2865} INFO - Starting attempt 1 of 6
[2024-09-11T10:45:10.271+0000] {taskinstance.py:2888} INFO - Executing <Task(PythonOperator): extract_api_data> on 2024-09-10 00:00:00+00:00
[2024-09-11T10:45:10.279+0000] {standard_task_runner.py:104} INFO - Running: ['airflow', 'tasks', 'run', 'etl_dag_v14', 'extract_api_data', 'scheduled__2024-09-10T00:00:00+00:00', '--job-id', '157', '--raw', '--subdir', 'DAGS_FOLDER/etl_dag.py', '--cfg-path', '/tmp/tmp20sv1wi9']
[2024-09-11T10:45:10.281+0000] {standard_task_runner.py:105} INFO - Job 157: Subtask extract_api_data
[2024-09-11T10:45:10.282+0000] {logging_mixin.py:190} WARNING - /home/airflow/.local/lib/python3.12/site-packages/airflow/task/task_runner/standard_task_runner.py:70 DeprecationWarning: This process (pid=4072) is multi-threaded, use of fork() may lead to deadlocks in the child.
[2024-09-11T10:45:10.283+0000] {standard_task_runner.py:72} INFO - Started process 4077 to run task
[2024-09-11T10:45:10.353+0000] {task_command.py:467} INFO - Running <TaskInstance: etl_dag_v14.extract_api_data scheduled__2024-09-10T00:00:00+00:00 [running]> on host 4118525cd54b
[2024-09-11T10:45:10.468+0000] {taskinstance.py:3131} INFO - Exporting env vars: AIRFLOW_CTX_DAG_OWNER='airflow' AIRFLOW_CTX_DAG_ID='etl_dag_v14' AIRFLOW_CTX_TASK_ID='extract_api_data' AIRFLOW_CTX_EXECUTION_DATE='2024-09-10T00:00:00+00:00' AIRFLOW_CTX_TRY_NUMBER='1' AIRFLOW_CTX_DAG_RUN_ID='scheduled__2024-09-10T00:00:00+00:00'
[2024-09-11T10:45:10.469+0000] {taskinstance.py:731} INFO - ::endgroup::
[2024-09-11T10:45:11.543+0000] {logging_mixin.py:190} INFO - It's successful!
[2024-09-11T10:45:11.545+0000] {python.py:240} INFO - Done. Returned value was: None
[2024-09-11T10:45:11.557+0000] {taskinstance.py:340} INFO - ::group::Post task execution logs
[2024-09-11T10:45:11.558+0000] {taskinstance.py:352} INFO - Marking task as SUCCESS. dag_id=etl_dag_v14, task_id=extract_api_data, run_id=scheduled__2024-09-10T00:00:00+00:00, execution_date=20240910T000000, start_date=20240911T104510, end_date=20240911T104511
[2024-09-11T10:45:11.626+0000] {local_task_job_runner.py:266} INFO - Task exited with return code 0
[2024-09-11T10:45:11.642+0000] {logging_mixin.py:190} WARNING - /home/airflow/.local/lib/python3.12/site-packages/airflow/models/baseoperator.py:1378 AirflowProviderDeprecationWarning: Call to deprecated class PostgresOperator. (Please use `airflow.providers.common.sql.operators.sql.SQLExecuteQueryOperator`.Also, you can provide `hook_params={'schema': <database>}`.)
[2024-09-11T10:45:11.672+0000] {taskinstance.py:3900} INFO - 1 downstream tasks scheduled from follow-on schedule check
[2024-09-11T10:45:11.681+0000] {local_task_job_runner.py:245} INFO - ::endgroup::
