[2024-09-20T14:21:24.575+0000] {local_task_job_runner.py:123} INFO - ::group::Pre task execution logs
[2024-09-20T14:21:24.601+0000] {taskinstance.py:2612} INFO - Dependencies all met for dep_context=non-requeueable deps ti=<TaskInstance: etl_dag_v43.create_inventory_table manual__2024-09-20T14:16:00.614630+00:00 [queued]>
[2024-09-20T14:21:24.618+0000] {taskinstance.py:2612} INFO - Dependencies all met for dep_context=requeueable deps ti=<TaskInstance: etl_dag_v43.create_inventory_table manual__2024-09-20T14:16:00.614630+00:00 [queued]>
[2024-09-20T14:21:24.619+0000] {taskinstance.py:2865} INFO - Starting attempt 1 of 6
[2024-09-20T14:21:24.664+0000] {taskinstance.py:2888} INFO - Executing <Task(PostgresOperator): create_inventory_table> on 2024-09-20 14:16:00.614630+00:00
[2024-09-20T14:21:24.673+0000] {standard_task_runner.py:104} INFO - Running: ['airflow', 'tasks', 'run', 'etl_dag_v43', 'create_inventory_table', 'manual__2024-09-20T14:16:00.614630+00:00', '--job-id', '1476', '--raw', '--subdir', 'DAGS_FOLDER/etl_dag.py', '--cfg-path', '/tmp/tmp9yu41nxt']
[2024-09-20T14:21:24.676+0000] {standard_task_runner.py:105} INFO - Job 1476: Subtask create_inventory_table
[2024-09-20T14:21:24.686+0000] {logging_mixin.py:190} WARNING - /home/airflow/.local/lib/python3.12/site-packages/airflow/task/task_runner/standard_task_runner.py:70 DeprecationWarning: This process (pid=4678) is multi-threaded, use of fork() may lead to deadlocks in the child.
[2024-09-20T14:21:24.688+0000] {standard_task_runner.py:72} INFO - Started process 4683 to run task
[2024-09-20T14:21:24.774+0000] {task_command.py:467} INFO - Running <TaskInstance: etl_dag_v43.create_inventory_table manual__2024-09-20T14:16:00.614630+00:00 [running]> on host 217a74bc1b7d
[2024-09-20T14:21:24.975+0000] {taskinstance.py:3131} INFO - Exporting env vars: AIRFLOW_CTX_DAG_OWNER='airflow' AIRFLOW_CTX_DAG_ID='etl_dag_v43' AIRFLOW_CTX_TASK_ID='create_inventory_table' AIRFLOW_CTX_EXECUTION_DATE='2024-09-20T14:16:00.614630+00:00' AIRFLOW_CTX_TRY_NUMBER='1' AIRFLOW_CTX_DAG_RUN_ID='manual__2024-09-20T14:16:00.614630+00:00'
[2024-09-20T14:21:24.977+0000] {taskinstance.py:731} INFO - ::endgroup::
[2024-09-20T14:21:24.993+0000] {sql.py:266} INFO - Executing: 
        CREATE TABLE IF NOT EXISTS inventory (
            id SERIAL PRIMARY KEY,
            name VARCHAR(255),
            stock_quantity INT,
            price DECIMAL(10,2)
        );
    
[2024-09-20T14:21:25.007+0000] {base.py:84} INFO - Retrieving connection 'postgres_localhost'
[2024-09-20T14:21:25.095+0000] {base.py:84} INFO - Retrieving connection 'postgres_localhost'
[2024-09-20T14:21:25.115+0000] {sql.py:509} INFO - Running statement: 
        CREATE TABLE IF NOT EXISTS inventory (
            id SERIAL PRIMARY KEY,
            name VARCHAR(255),
            stock_quantity INT,
            price DECIMAL(10,2)
        );
    , parameters: None
[2024-09-20T14:21:25.137+0000] {taskinstance.py:340} INFO - ::group::Post task execution logs
[2024-09-20T14:21:25.138+0000] {taskinstance.py:352} INFO - Marking task as SUCCESS. dag_id=etl_dag_v43, task_id=create_inventory_table, run_id=manual__2024-09-20T14:16:00.614630+00:00, execution_date=20240920T141600, start_date=20240920T142124, end_date=20240920T142125
[2024-09-20T14:21:25.227+0000] {local_task_job_runner.py:266} INFO - Task exited with return code 0
[2024-09-20T14:21:25.247+0000] {logging_mixin.py:190} WARNING - /home/airflow/.local/lib/python3.12/site-packages/airflow/models/baseoperator.py:1378 AirflowProviderDeprecationWarning: Call to deprecated class PostgresOperator. (Please use `airflow.providers.common.sql.operators.sql.SQLExecuteQueryOperator`.Also, you can provide `hook_params={'schema': <database>}`.)
[2024-09-20T14:21:25.275+0000] {taskinstance.py:3900} INFO - 1 downstream tasks scheduled from follow-on schedule check
[2024-09-20T14:21:25.288+0000] {local_task_job_runner.py:245} INFO - ::endgroup::
