[2024-09-12T10:38:05.845+0000] {local_task_job_runner.py:123} INFO - ::group::Pre task execution logs
[2024-09-12T10:38:05.870+0000] {taskinstance.py:2612} INFO - Dependencies all met for dep_context=non-requeueable deps ti=<TaskInstance: etl_dag_v33.create_orders_table scheduled__2024-09-11T00:00:00+00:00 [queued]>
[2024-09-12T10:38:05.885+0000] {taskinstance.py:2612} INFO - Dependencies all met for dep_context=requeueable deps ti=<TaskInstance: etl_dag_v33.create_orders_table scheduled__2024-09-11T00:00:00+00:00 [queued]>
[2024-09-12T10:38:05.886+0000] {taskinstance.py:2865} INFO - Starting attempt 1 of 6
[2024-09-12T10:38:05.930+0000] {taskinstance.py:2888} INFO - Executing <Task(PostgresOperator): create_orders_table> on 2024-09-11 00:00:00+00:00
[2024-09-12T10:38:05.940+0000] {standard_task_runner.py:104} INFO - Running: ['airflow', 'tasks', 'run', 'etl_dag_v33', 'create_orders_table', 'scheduled__2024-09-11T00:00:00+00:00', '--job-id', '834', '--raw', '--subdir', 'DAGS_FOLDER/etl_dag.py', '--cfg-path', '/tmp/tmpkcyx9rll']
[2024-09-12T10:38:05.942+0000] {standard_task_runner.py:105} INFO - Job 834: Subtask create_orders_table
[2024-09-12T10:38:05.947+0000] {logging_mixin.py:190} WARNING - /home/airflow/.local/lib/python3.12/site-packages/airflow/task/task_runner/standard_task_runner.py:70 DeprecationWarning: This process (pid=4912) is multi-threaded, use of fork() may lead to deadlocks in the child.
[2024-09-12T10:38:05.948+0000] {standard_task_runner.py:72} INFO - Started process 4917 to run task
[2024-09-12T10:38:06.022+0000] {task_command.py:467} INFO - Running <TaskInstance: etl_dag_v33.create_orders_table scheduled__2024-09-11T00:00:00+00:00 [running]> on host 72ac4976c45d
[2024-09-12T10:38:06.145+0000] {taskinstance.py:3131} INFO - Exporting env vars: AIRFLOW_CTX_DAG_OWNER='airflow' AIRFLOW_CTX_DAG_ID='etl_dag_v33' AIRFLOW_CTX_TASK_ID='create_orders_table' AIRFLOW_CTX_EXECUTION_DATE='2024-09-11T00:00:00+00:00' AIRFLOW_CTX_TRY_NUMBER='1' AIRFLOW_CTX_DAG_RUN_ID='scheduled__2024-09-11T00:00:00+00:00'
[2024-09-12T10:38:06.148+0000] {taskinstance.py:731} INFO - ::endgroup::
[2024-09-12T10:38:06.172+0000] {sql.py:266} INFO - Executing: 
            CREATE TABLE IF NOT EXISTS orders (
                id INT PRIMARY KEY,
                customer_id INT,
                product_id INT,
                order_date DATE,
                quantity INT
            );
        
[2024-09-12T10:38:06.359+0000] {base.py:84} INFO - Retrieving connection 'postgres_localhost'
[2024-09-12T10:38:06.520+0000] {base.py:84} INFO - Retrieving connection 'postgres_localhost'
[2024-09-12T10:38:06.569+0000] {sql.py:509} INFO - Running statement: 
            CREATE TABLE IF NOT EXISTS orders (
                id INT PRIMARY KEY,
                customer_id INT,
                product_id INT,
                order_date DATE,
                quantity INT
            );
        , parameters: None
[2024-09-12T10:38:06.612+0000] {taskinstance.py:340} INFO - ::group::Post task execution logs
[2024-09-12T10:38:06.615+0000] {taskinstance.py:352} INFO - Marking task as SUCCESS. dag_id=etl_dag_v33, task_id=create_orders_table, run_id=scheduled__2024-09-11T00:00:00+00:00, execution_date=20240911T000000, start_date=20240912T103805, end_date=20240912T103806
[2024-09-12T10:38:06.807+0000] {local_task_job_runner.py:266} INFO - Task exited with return code 0
[2024-09-12T10:38:06.822+0000] {logging_mixin.py:190} WARNING - /home/airflow/.local/lib/python3.12/site-packages/airflow/models/baseoperator.py:1378 AirflowProviderDeprecationWarning: Call to deprecated class PostgresOperator. (Please use `airflow.providers.common.sql.operators.sql.SQLExecuteQueryOperator`.Also, you can provide `hook_params={'schema': <database>}`.)
[2024-09-12T10:38:06.858+0000] {taskinstance.py:3900} INFO - 1 downstream tasks scheduled from follow-on schedule check
[2024-09-12T10:38:06.874+0000] {local_task_job_runner.py:245} INFO - ::endgroup::
