[2024-09-20T07:06:07.661+0000] {local_task_job_runner.py:123} INFO - ::group::Pre task execution logs
[2024-09-20T07:06:07.688+0000] {taskinstance.py:2612} INFO - Dependencies all met for dep_context=non-requeueable deps ti=<TaskInstance: etl_dag_v38.create_inventory_table scheduled__2024-09-19T00:00:00+00:00 [queued]>
[2024-09-20T07:06:07.717+0000] {taskinstance.py:2612} INFO - Dependencies all met for dep_context=requeueable deps ti=<TaskInstance: etl_dag_v38.create_inventory_table scheduled__2024-09-19T00:00:00+00:00 [queued]>
[2024-09-20T07:06:07.719+0000] {taskinstance.py:2865} INFO - Starting attempt 2 of 6
[2024-09-20T07:06:07.813+0000] {taskinstance.py:2888} INFO - Executing <Task(PostgresOperator): create_inventory_table> on 2024-09-19 00:00:00+00:00
[2024-09-20T07:06:07.861+0000] {logging_mixin.py:190} WARNING - /home/airflow/.local/lib/python3.12/site-packages/airflow/task/task_runner/standard_task_runner.py:70 DeprecationWarning: This process (pid=52) is multi-threaded, use of fork() may lead to deadlocks in the child.
[2024-09-20T07:06:07.848+0000] {standard_task_runner.py:104} INFO - Running: ['airflow', 'tasks', 'run', 'etl_dag_v38', 'create_inventory_table', 'scheduled__2024-09-19T00:00:00+00:00', '--job-id', '991', '--raw', '--subdir', 'DAGS_FOLDER/etl_dag.py', '--cfg-path', '/tmp/tmpb6qbu8mw']
[2024-09-20T07:06:07.863+0000] {standard_task_runner.py:105} INFO - Job 991: Subtask create_inventory_table
[2024-09-20T07:06:07.863+0000] {standard_task_runner.py:72} INFO - Started process 58 to run task
[2024-09-20T07:06:08.061+0000] {task_command.py:467} INFO - Running <TaskInstance: etl_dag_v38.create_inventory_table scheduled__2024-09-19T00:00:00+00:00 [running]> on host 217a74bc1b7d
[2024-09-20T07:06:08.251+0000] {taskinstance.py:3131} INFO - Exporting env vars: AIRFLOW_CTX_DAG_OWNER='airflow' AIRFLOW_CTX_DAG_ID='etl_dag_v38' AIRFLOW_CTX_TASK_ID='create_inventory_table' AIRFLOW_CTX_EXECUTION_DATE='2024-09-19T00:00:00+00:00' AIRFLOW_CTX_TRY_NUMBER='2' AIRFLOW_CTX_DAG_RUN_ID='scheduled__2024-09-19T00:00:00+00:00'
[2024-09-20T07:06:08.252+0000] {taskinstance.py:731} INFO - ::endgroup::
[2024-09-20T07:06:08.281+0000] {sql.py:266} INFO - Executing: 
            CREATE TABLE IF NOT EXISTS inventory (
                id SERIAL PRIMARY KEY,
                name VARCHAR(255),
                stock_quantity INT,
                price DECIMAL(10,2)
            );
        
[2024-09-20T07:06:08.297+0000] {base.py:84} INFO - Retrieving connection 'postgres_localhost'
[2024-09-20T07:06:08.403+0000] {base.py:84} INFO - Retrieving connection 'postgres_localhost'
[2024-09-20T07:06:08.430+0000] {sql.py:509} INFO - Running statement: 
            CREATE TABLE IF NOT EXISTS inventory (
                id SERIAL PRIMARY KEY,
                name VARCHAR(255),
                stock_quantity INT,
                price DECIMAL(10,2)
            );
        , parameters: None
[2024-09-20T07:06:08.524+0000] {taskinstance.py:340} INFO - ::group::Post task execution logs
[2024-09-20T07:06:08.529+0000] {taskinstance.py:352} INFO - Marking task as SUCCESS. dag_id=etl_dag_v38, task_id=create_inventory_table, run_id=scheduled__2024-09-19T00:00:00+00:00, execution_date=20240919T000000, start_date=20240920T070607, end_date=20240920T070608
[2024-09-20T07:06:08.664+0000] {local_task_job_runner.py:266} INFO - Task exited with return code 0
[2024-09-20T07:06:08.705+0000] {logging_mixin.py:190} WARNING - /home/airflow/.local/lib/python3.12/site-packages/airflow/models/baseoperator.py:1378 AirflowProviderDeprecationWarning: Call to deprecated class PostgresOperator. (Please use `airflow.providers.common.sql.operators.sql.SQLExecuteQueryOperator`.Also, you can provide `hook_params={'schema': <database>}`.)
[2024-09-20T07:06:08.807+0000] {taskinstance.py:3900} INFO - 1 downstream tasks scheduled from follow-on schedule check
[2024-09-20T07:06:08.849+0000] {local_task_job_runner.py:245} INFO - ::endgroup::
