[2024-09-20T14:18:31.444+0000] {local_task_job_runner.py:123} INFO - ::group::Pre task execution logs
[2024-09-20T14:18:31.480+0000] {taskinstance.py:2612} INFO - Dependencies all met for dep_context=non-requeueable deps ti=<TaskInstance: etl_dag_v43.create_orders_table manual__2024-09-20T14:15:21.319529+00:00 [queued]>
[2024-09-20T14:18:31.502+0000] {taskinstance.py:2612} INFO - Dependencies all met for dep_context=requeueable deps ti=<TaskInstance: etl_dag_v43.create_orders_table manual__2024-09-20T14:15:21.319529+00:00 [queued]>
[2024-09-20T14:18:31.503+0000] {taskinstance.py:2865} INFO - Starting attempt 1 of 6
[2024-09-20T14:18:31.561+0000] {taskinstance.py:2888} INFO - Executing <Task(PostgresOperator): create_orders_table> on 2024-09-20 14:15:21.319529+00:00
[2024-09-20T14:18:31.572+0000] {standard_task_runner.py:104} INFO - Running: ['airflow', 'tasks', 'run', 'etl_dag_v43', 'create_orders_table', 'manual__2024-09-20T14:15:21.319529+00:00', '--job-id', '1449', '--raw', '--subdir', 'DAGS_FOLDER/etl_dag.py', '--cfg-path', '/tmp/tmpompxca_4']
[2024-09-20T14:18:31.575+0000] {standard_task_runner.py:105} INFO - Job 1449: Subtask create_orders_table
[2024-09-20T14:18:31.578+0000] {logging_mixin.py:190} WARNING - /home/airflow/.local/lib/python3.12/site-packages/airflow/task/task_runner/standard_task_runner.py:70 DeprecationWarning: This process (pid=4483) is multi-threaded, use of fork() may lead to deadlocks in the child.
[2024-09-20T14:18:31.579+0000] {standard_task_runner.py:72} INFO - Started process 4488 to run task
[2024-09-20T14:18:31.721+0000] {task_command.py:467} INFO - Running <TaskInstance: etl_dag_v43.create_orders_table manual__2024-09-20T14:15:21.319529+00:00 [running]> on host 217a74bc1b7d
[2024-09-20T14:18:31.840+0000] {taskinstance.py:3131} INFO - Exporting env vars: AIRFLOW_CTX_DAG_OWNER='airflow' AIRFLOW_CTX_DAG_ID='etl_dag_v43' AIRFLOW_CTX_TASK_ID='create_orders_table' AIRFLOW_CTX_EXECUTION_DATE='2024-09-20T14:15:21.319529+00:00' AIRFLOW_CTX_TRY_NUMBER='1' AIRFLOW_CTX_DAG_RUN_ID='manual__2024-09-20T14:15:21.319529+00:00'
[2024-09-20T14:18:31.843+0000] {taskinstance.py:731} INFO - ::endgroup::
[2024-09-20T14:18:31.861+0000] {sql.py:266} INFO - Executing: 
            CREATE TABLE IF NOT EXISTS order_lists (
                id VARCHAR PRIMARY KEY,
                customer_id INT,
                product_id INT,
                order_date DATE,
                quantity INT,
                CONSTRAINT fk_product FOREIGN KEY(product_id) REFERENCES inventory(id)
            );
        
[2024-09-20T14:18:31.877+0000] {base.py:84} INFO - Retrieving connection 'postgres_localhost'
[2024-09-20T14:18:31.965+0000] {base.py:84} INFO - Retrieving connection 'postgres_localhost'
[2024-09-20T14:18:31.984+0000] {sql.py:509} INFO - Running statement: 
            CREATE TABLE IF NOT EXISTS order_lists (
                id VARCHAR PRIMARY KEY,
                customer_id INT,
                product_id INT,
                order_date DATE,
                quantity INT,
                CONSTRAINT fk_product FOREIGN KEY(product_id) REFERENCES inventory(id)
            );
        , parameters: None
[2024-09-20T14:18:32.004+0000] {taskinstance.py:340} INFO - ::group::Post task execution logs
[2024-09-20T14:18:32.006+0000] {taskinstance.py:352} INFO - Marking task as SUCCESS. dag_id=etl_dag_v43, task_id=create_orders_table, run_id=manual__2024-09-20T14:15:21.319529+00:00, execution_date=20240920T141521, start_date=20240920T141831, end_date=20240920T141832
[2024-09-20T14:18:32.076+0000] {local_task_job_runner.py:266} INFO - Task exited with return code 0
[2024-09-20T14:18:32.089+0000] {logging_mixin.py:190} WARNING - /home/airflow/.local/lib/python3.12/site-packages/airflow/models/baseoperator.py:1378 AirflowProviderDeprecationWarning: Call to deprecated class PostgresOperator. (Please use `airflow.providers.common.sql.operators.sql.SQLExecuteQueryOperator`.Also, you can provide `hook_params={'schema': <database>}`.)
[2024-09-20T14:18:32.112+0000] {taskinstance.py:3900} INFO - 1 downstream tasks scheduled from follow-on schedule check
[2024-09-20T14:18:32.122+0000] {local_task_job_runner.py:245} INFO - ::endgroup::
