[2024-09-20T07:30:00.399+0000] {local_task_job_runner.py:123} INFO - ::group::Pre task execution logs
[2024-09-20T07:30:00.448+0000] {taskinstance.py:2612} INFO - Dependencies all met for dep_context=non-requeueable deps ti=<TaskInstance: etl_dag_v39.extract_api_data scheduled__2024-09-10T00:00:00+00:00 [queued]>
[2024-09-20T07:30:00.552+0000] {taskinstance.py:2612} INFO - Dependencies all met for dep_context=requeueable deps ti=<TaskInstance: etl_dag_v39.extract_api_data scheduled__2024-09-10T00:00:00+00:00 [queued]>
[2024-09-20T07:30:00.554+0000] {taskinstance.py:2865} INFO - Starting attempt 1 of 6
[2024-09-20T07:30:00.706+0000] {taskinstance.py:2888} INFO - Executing <Task(PythonOperator): extract_api_data> on 2024-09-10 00:00:00+00:00
[2024-09-20T07:30:00.854+0000] {standard_task_runner.py:104} INFO - Running: ['airflow', 'tasks', 'run', 'etl_dag_v39', 'extract_api_data', 'scheduled__2024-09-10T00:00:00+00:00', '--job-id', '1004', '--raw', '--subdir', 'DAGS_FOLDER/etl_dag.py', '--cfg-path', '/tmp/tmpi0qv4aou']
[2024-09-20T07:30:00.881+0000] {logging_mixin.py:190} WARNING - /home/airflow/.local/lib/python3.12/site-packages/airflow/task/task_runner/standard_task_runner.py:70 DeprecationWarning: This process (pid=259) is multi-threaded, use of fork() may lead to deadlocks in the child.
[2024-09-20T07:30:00.885+0000] {standard_task_runner.py:105} INFO - Job 1004: Subtask extract_api_data
[2024-09-20T07:30:00.887+0000] {standard_task_runner.py:72} INFO - Started process 264 to run task
[2024-09-20T07:30:01.232+0000] {task_command.py:467} INFO - Running <TaskInstance: etl_dag_v39.extract_api_data scheduled__2024-09-10T00:00:00+00:00 [running]> on host 217a74bc1b7d
[2024-09-20T07:30:01.736+0000] {taskinstance.py:3131} INFO - Exporting env vars: AIRFLOW_CTX_DAG_OWNER='airflow' AIRFLOW_CTX_DAG_ID='etl_dag_v39' AIRFLOW_CTX_TASK_ID='extract_api_data' AIRFLOW_CTX_EXECUTION_DATE='2024-09-10T00:00:00+00:00' AIRFLOW_CTX_TRY_NUMBER='1' AIRFLOW_CTX_DAG_RUN_ID='scheduled__2024-09-10T00:00:00+00:00'
[2024-09-20T07:30:01.747+0000] {taskinstance.py:731} INFO - ::endgroup::
[2024-09-20T07:30:04.179+0000] {logging_mixin.py:190} INFO - It's successful!
[2024-09-20T07:30:04.182+0000] {python.py:240} INFO - Done. Returned value was: None
[2024-09-20T07:30:04.198+0000] {taskinstance.py:340} INFO - ::group::Post task execution logs
[2024-09-20T07:30:04.199+0000] {taskinstance.py:352} INFO - Marking task as SUCCESS. dag_id=etl_dag_v39, task_id=extract_api_data, run_id=scheduled__2024-09-10T00:00:00+00:00, execution_date=20240910T000000, start_date=20240920T073000, end_date=20240920T073004
[2024-09-20T07:30:04.287+0000] {local_task_job_runner.py:266} INFO - Task exited with return code 0
[2024-09-20T07:30:04.304+0000] {logging_mixin.py:190} WARNING - /home/airflow/.local/lib/python3.12/site-packages/airflow/models/baseoperator.py:1378 AirflowProviderDeprecationWarning: Call to deprecated class PostgresOperator. (Please use `airflow.providers.common.sql.operators.sql.SQLExecuteQueryOperator`.Also, you can provide `hook_params={'schema': <database>}`.)
[2024-09-20T07:30:04.347+0000] {taskinstance.py:3900} INFO - 1 downstream tasks scheduled from follow-on schedule check
[2024-09-20T07:30:04.360+0000] {local_task_job_runner.py:245} INFO - ::endgroup::
