[2024-09-12T10:20:42.029+0000] {local_task_job_runner.py:123} INFO - ::group::Pre task execution logs
[2024-09-12T10:20:42.052+0000] {taskinstance.py:2612} INFO - Dependencies all met for dep_context=non-requeueable deps ti=<TaskInstance: etl_dag_v30.create_orders_table scheduled__2024-09-06T00:00:00+00:00 [queued]>
[2024-09-12T10:20:42.066+0000] {taskinstance.py:2612} INFO - Dependencies all met for dep_context=requeueable deps ti=<TaskInstance: etl_dag_v30.create_orders_table scheduled__2024-09-06T00:00:00+00:00 [queued]>
[2024-09-12T10:20:42.067+0000] {taskinstance.py:2865} INFO - Starting attempt 1 of 6
[2024-09-12T10:20:42.102+0000] {taskinstance.py:2888} INFO - Executing <Task(PostgresOperator): create_orders_table> on 2024-09-06 00:00:00+00:00
[2024-09-12T10:20:42.111+0000] {standard_task_runner.py:104} INFO - Running: ['airflow', 'tasks', 'run', 'etl_dag_v30', 'create_orders_table', 'scheduled__2024-09-06T00:00:00+00:00', '--job-id', '707', '--raw', '--subdir', 'DAGS_FOLDER/etl_dag.py', '--cfg-path', '/tmp/tmp4o5qpgtx']
[2024-09-12T10:20:42.113+0000] {standard_task_runner.py:105} INFO - Job 707: Subtask create_orders_table
[2024-09-12T10:20:42.115+0000] {logging_mixin.py:190} WARNING - /home/airflow/.local/lib/python3.12/site-packages/airflow/task/task_runner/standard_task_runner.py:70 DeprecationWarning: This process (pid=3956) is multi-threaded, use of fork() may lead to deadlocks in the child.
[2024-09-12T10:20:42.116+0000] {standard_task_runner.py:72} INFO - Started process 3961 to run task
[2024-09-12T10:20:42.253+0000] {task_command.py:467} INFO - Running <TaskInstance: etl_dag_v30.create_orders_table scheduled__2024-09-06T00:00:00+00:00 [running]> on host 72ac4976c45d
[2024-09-12T10:20:42.371+0000] {taskinstance.py:3131} INFO - Exporting env vars: AIRFLOW_CTX_DAG_OWNER='airflow' AIRFLOW_CTX_DAG_ID='etl_dag_v30' AIRFLOW_CTX_TASK_ID='create_orders_table' AIRFLOW_CTX_EXECUTION_DATE='2024-09-06T00:00:00+00:00' AIRFLOW_CTX_TRY_NUMBER='1' AIRFLOW_CTX_DAG_RUN_ID='scheduled__2024-09-06T00:00:00+00:00'
[2024-09-12T10:20:42.373+0000] {taskinstance.py:731} INFO - ::endgroup::
[2024-09-12T10:20:42.391+0000] {sql.py:266} INFO - Executing: 
            CREATE TABLE IF NOT EXISTS orders (
                id SERIAL PRIMARY KEY UNIQUE,
                customer_id INT,
                product_id INT,
                order_date DATE,
                quantity INT
            );
        
[2024-09-12T10:20:42.411+0000] {base.py:84} INFO - Retrieving connection 'postgres_localhost'
[2024-09-12T10:20:42.522+0000] {base.py:84} INFO - Retrieving connection 'postgres_localhost'
[2024-09-12T10:20:42.546+0000] {sql.py:509} INFO - Running statement: 
            CREATE TABLE IF NOT EXISTS orders (
                id SERIAL PRIMARY KEY UNIQUE,
                customer_id INT,
                product_id INT,
                order_date DATE,
                quantity INT
            );
        , parameters: None
[2024-09-12T10:20:42.570+0000] {taskinstance.py:340} INFO - ::group::Post task execution logs
[2024-09-12T10:20:42.571+0000] {taskinstance.py:352} INFO - Marking task as SUCCESS. dag_id=etl_dag_v30, task_id=create_orders_table, run_id=scheduled__2024-09-06T00:00:00+00:00, execution_date=20240906T000000, start_date=20240912T102042, end_date=20240912T102042
[2024-09-12T10:20:42.654+0000] {local_task_job_runner.py:266} INFO - Task exited with return code 0
[2024-09-12T10:20:42.670+0000] {logging_mixin.py:190} WARNING - /home/airflow/.local/lib/python3.12/site-packages/airflow/models/baseoperator.py:1378 AirflowProviderDeprecationWarning: Call to deprecated class PostgresOperator. (Please use `airflow.providers.common.sql.operators.sql.SQLExecuteQueryOperator`.Also, you can provide `hook_params={'schema': <database>}`.)
[2024-09-12T10:20:42.690+0000] {taskinstance.py:3900} INFO - 1 downstream tasks scheduled from follow-on schedule check
[2024-09-12T10:20:42.698+0000] {local_task_job_runner.py:245} INFO - ::endgroup::
