[2024-09-11T10:35:26.346+0000] {local_task_job_runner.py:123} INFO - ::group::Pre task execution logs
[2024-09-11T10:35:26.368+0000] {taskinstance.py:2612} INFO - Dependencies all met for dep_context=non-requeueable deps ti=<TaskInstance: etl_dag_v12.load_inventory_data scheduled__2024-09-09T00:00:00+00:00 [queued]>
[2024-09-11T10:35:26.382+0000] {taskinstance.py:2612} INFO - Dependencies all met for dep_context=requeueable deps ti=<TaskInstance: etl_dag_v12.load_inventory_data scheduled__2024-09-09T00:00:00+00:00 [queued]>
[2024-09-11T10:35:26.383+0000] {taskinstance.py:2865} INFO - Starting attempt 1 of 6
[2024-09-11T10:35:26.425+0000] {taskinstance.py:2888} INFO - Executing <Task(PythonOperator): load_inventory_data> on 2024-09-09 00:00:00+00:00
[2024-09-11T10:35:26.440+0000] {standard_task_runner.py:104} INFO - Running: ['airflow', 'tasks', 'run', 'etl_dag_v12', 'load_inventory_data', 'scheduled__2024-09-09T00:00:00+00:00', '--job-id', '101', '--raw', '--subdir', 'DAGS_FOLDER/etl_dag.py', '--cfg-path', '/tmp/tmpchzalo0m']
[2024-09-11T10:35:26.442+0000] {standard_task_runner.py:105} INFO - Job 101: Subtask load_inventory_data
[2024-09-11T10:35:26.443+0000] {logging_mixin.py:190} WARNING - /home/airflow/.local/lib/python3.12/site-packages/airflow/task/task_runner/standard_task_runner.py:70 DeprecationWarning: This process (pid=3643) is multi-threaded, use of fork() may lead to deadlocks in the child.
[2024-09-11T10:35:26.453+0000] {standard_task_runner.py:72} INFO - Started process 3648 to run task
[2024-09-11T10:35:26.580+0000] {task_command.py:467} INFO - Running <TaskInstance: etl_dag_v12.load_inventory_data scheduled__2024-09-09T00:00:00+00:00 [running]> on host 4118525cd54b
[2024-09-11T10:35:26.702+0000] {taskinstance.py:3131} INFO - Exporting env vars: AIRFLOW_CTX_DAG_OWNER='airflow' AIRFLOW_CTX_DAG_ID='etl_dag_v12' AIRFLOW_CTX_TASK_ID='load_inventory_data' AIRFLOW_CTX_EXECUTION_DATE='2024-09-09T00:00:00+00:00' AIRFLOW_CTX_TRY_NUMBER='1' AIRFLOW_CTX_DAG_RUN_ID='scheduled__2024-09-09T00:00:00+00:00'
[2024-09-11T10:35:26.703+0000] {taskinstance.py:731} INFO - ::endgroup::
[2024-09-11T10:35:26.726+0000] {logging_mixin.py:190} INFO - Inventory data processing complete!
[2024-09-11T10:35:26.727+0000] {python.py:240} INFO - Done. Returned value was: None
[2024-09-11T10:35:26.747+0000] {taskinstance.py:340} INFO - ::group::Post task execution logs
[2024-09-11T10:35:26.748+0000] {taskinstance.py:352} INFO - Marking task as SUCCESS. dag_id=etl_dag_v12, task_id=load_inventory_data, run_id=scheduled__2024-09-09T00:00:00+00:00, execution_date=20240909T000000, start_date=20240911T103526, end_date=20240911T103526
[2024-09-11T10:35:26.830+0000] {local_task_job_runner.py:266} INFO - Task exited with return code 0
[2024-09-11T10:35:26.845+0000] {logging_mixin.py:190} WARNING - /home/airflow/.local/lib/python3.12/site-packages/airflow/models/baseoperator.py:1378 AirflowProviderDeprecationWarning: Call to deprecated class PostgresOperator. (Please use `airflow.providers.common.sql.operators.sql.SQLExecuteQueryOperator`.Also, you can provide `hook_params={'schema': <database>}`.)
[2024-09-11T10:35:26.877+0000] {taskinstance.py:3900} INFO - 1 downstream tasks scheduled from follow-on schedule check
[2024-09-11T10:35:26.888+0000] {local_task_job_runner.py:245} INFO - ::endgroup::
