[2024-09-20T23:22:03.959+0000] {local_task_job_runner.py:123} INFO - ::group::Pre task execution logs
[2024-09-20T23:22:04.006+0000] {taskinstance.py:2612} INFO - Dependencies all met for dep_context=non-requeueable deps ti=<TaskInstance: etl_dag_v45.insert_inventory_data manual__2024-09-20T23:12:54.910693+00:00 [queued]>
[2024-09-20T23:22:04.096+0000] {taskinstance.py:2612} INFO - Dependencies all met for dep_context=requeueable deps ti=<TaskInstance: etl_dag_v45.insert_inventory_data manual__2024-09-20T23:12:54.910693+00:00 [queued]>
[2024-09-20T23:22:04.101+0000] {taskinstance.py:2865} INFO - Starting attempt 1 of 6
[2024-09-20T23:22:04.258+0000] {taskinstance.py:2888} INFO - Executing <Task(PostgresOperator): insert_inventory_data> on 2024-09-20 23:12:54.910693+00:00
[2024-09-20T23:22:04.273+0000] {standard_task_runner.py:104} INFO - Running: ['airflow', 'tasks', 'run', 'etl_dag_v45', 'insert_inventory_data', 'manual__2024-09-20T23:12:54.910693+00:00', '--job-id', '1639', '--raw', '--subdir', 'DAGS_FOLDER/etl_dag.py', '--cfg-path', '/tmp/tmplbl0bo17']
[2024-09-20T23:22:04.276+0000] {standard_task_runner.py:105} INFO - Job 1639: Subtask insert_inventory_data
[2024-09-20T23:22:04.282+0000] {logging_mixin.py:190} WARNING - /home/airflow/.local/lib/python3.12/site-packages/airflow/task/task_runner/standard_task_runner.py:70 DeprecationWarning: This process (pid=6211) is multi-threaded, use of fork() may lead to deadlocks in the child.
[2024-09-20T23:22:04.283+0000] {standard_task_runner.py:72} INFO - Started process 6216 to run task
[2024-09-20T23:22:04.450+0000] {task_command.py:467} INFO - Running <TaskInstance: etl_dag_v45.insert_inventory_data manual__2024-09-20T23:12:54.910693+00:00 [running]> on host 217a74bc1b7d
[2024-09-20T23:22:04.739+0000] {taskinstance.py:3131} INFO - Exporting env vars: AIRFLOW_CTX_DAG_OWNER='airflow' AIRFLOW_CTX_DAG_ID='etl_dag_v45' AIRFLOW_CTX_TASK_ID='insert_inventory_data' AIRFLOW_CTX_EXECUTION_DATE='2024-09-20T23:12:54.910693+00:00' AIRFLOW_CTX_TRY_NUMBER='1' AIRFLOW_CTX_DAG_RUN_ID='manual__2024-09-20T23:12:54.910693+00:00'
[2024-09-20T23:22:04.741+0000] {taskinstance.py:731} INFO - ::endgroup::
[2024-09-20T23:22:04.780+0000] {sql.py:266} INFO - Executing: 
            TRUNCATE TABLE inventory;
            COPY inventory(id, name, stock_quantity, price)
            FROM '/shared/inventory.csv'
            DELIMITER ',' CSV HEADER;
        
[2024-09-20T23:22:04.829+0000] {base.py:84} INFO - Retrieving connection 'postgres_localhost'
[2024-09-20T23:22:05.528+0000] {base.py:84} INFO - Retrieving connection 'postgres_localhost'
[2024-09-20T23:22:05.787+0000] {sql.py:509} INFO - Running statement: 
            TRUNCATE TABLE inventory;
            COPY inventory(id, name, stock_quantity, price)
            FROM '/shared/inventory.csv'
            DELIMITER ',' CSV HEADER;
        , parameters: None
[2024-09-20T23:22:05.945+0000] {sql.py:518} INFO - Rows affected: 500
[2024-09-20T23:22:06.075+0000] {taskinstance.py:340} INFO - ::group::Post task execution logs
[2024-09-20T23:22:06.077+0000] {taskinstance.py:352} INFO - Marking task as SUCCESS. dag_id=etl_dag_v45, task_id=insert_inventory_data, run_id=manual__2024-09-20T23:12:54.910693+00:00, execution_date=20240920T231254, start_date=20240920T232204, end_date=20240920T232206
[2024-09-20T23:22:06.361+0000] {local_task_job_runner.py:266} INFO - Task exited with return code 0
[2024-09-20T23:22:06.403+0000] {taskinstance.py:3900} INFO - 0 downstream tasks scheduled from follow-on schedule check
[2024-09-20T23:22:06.407+0000] {local_task_job_runner.py:245} INFO - ::endgroup::
