[2024-09-20T13:33:51.104+0000] {local_task_job_runner.py:123} INFO - ::group::Pre task execution logs
[2024-09-20T13:33:51.124+0000] {taskinstance.py:2612} INFO - Dependencies all met for dep_context=non-requeueable deps ti=<TaskInstance: etl_dag_v40.update_inventory_data manual__2024-09-20T13:32:41.994706+00:00 [queued]>
[2024-09-20T13:33:51.140+0000] {taskinstance.py:2612} INFO - Dependencies all met for dep_context=requeueable deps ti=<TaskInstance: etl_dag_v40.update_inventory_data manual__2024-09-20T13:32:41.994706+00:00 [queued]>
[2024-09-20T13:33:51.141+0000] {taskinstance.py:2865} INFO - Starting attempt 1 of 6
[2024-09-20T13:33:51.179+0000] {taskinstance.py:2888} INFO - Executing <Task(PythonOperator): update_inventory_data> on 2024-09-20 13:32:41.994706+00:00
[2024-09-20T13:33:51.189+0000] {standard_task_runner.py:104} INFO - Running: ['airflow', 'tasks', 'run', 'etl_dag_v40', 'update_inventory_data', 'manual__2024-09-20T13:32:41.994706+00:00', '--job-id', '1200', '--raw', '--subdir', 'DAGS_FOLDER/etl_dag.py', '--cfg-path', '/tmp/tmpnyb7x43x']
[2024-09-20T13:33:51.191+0000] {standard_task_runner.py:105} INFO - Job 1200: Subtask update_inventory_data
[2024-09-20T13:33:51.193+0000] {logging_mixin.py:190} WARNING - /home/airflow/.local/lib/python3.12/site-packages/airflow/task/task_runner/standard_task_runner.py:70 DeprecationWarning: This process (pid=2561) is multi-threaded, use of fork() may lead to deadlocks in the child.
[2024-09-20T13:33:51.194+0000] {standard_task_runner.py:72} INFO - Started process 2566 to run task
[2024-09-20T13:33:51.266+0000] {task_command.py:467} INFO - Running <TaskInstance: etl_dag_v40.update_inventory_data manual__2024-09-20T13:32:41.994706+00:00 [running]> on host 217a74bc1b7d
[2024-09-20T13:33:51.383+0000] {taskinstance.py:3131} INFO - Exporting env vars: AIRFLOW_CTX_DAG_OWNER='airflow' AIRFLOW_CTX_DAG_ID='etl_dag_v40' AIRFLOW_CTX_TASK_ID='update_inventory_data' AIRFLOW_CTX_EXECUTION_DATE='2024-09-20T13:32:41.994706+00:00' AIRFLOW_CTX_TRY_NUMBER='1' AIRFLOW_CTX_DAG_RUN_ID='manual__2024-09-20T13:32:41.994706+00:00'
[2024-09-20T13:33:51.384+0000] {taskinstance.py:731} INFO - ::endgroup::
[2024-09-20T13:33:51.429+0000] {logging_mixin.py:190} INFO - Inventory updated successfully!
[2024-09-20T13:33:51.430+0000] {python.py:240} INFO - Done. Returned value was: None
[2024-09-20T13:33:51.443+0000] {taskinstance.py:340} INFO - ::group::Post task execution logs
[2024-09-20T13:33:51.443+0000] {taskinstance.py:352} INFO - Marking task as SUCCESS. dag_id=etl_dag_v40, task_id=update_inventory_data, run_id=manual__2024-09-20T13:32:41.994706+00:00, execution_date=20240920T133241, start_date=20240920T133351, end_date=20240920T133351
[2024-09-20T13:33:51.529+0000] {local_task_job_runner.py:266} INFO - Task exited with return code 0
[2024-09-20T13:33:51.545+0000] {logging_mixin.py:190} WARNING - /home/airflow/.local/lib/python3.12/site-packages/airflow/models/baseoperator.py:1378 AirflowProviderDeprecationWarning: Call to deprecated class PostgresOperator. (Please use `airflow.providers.common.sql.operators.sql.SQLExecuteQueryOperator`.Also, you can provide `hook_params={'schema': <database>}`.)
[2024-09-20T13:33:51.579+0000] {taskinstance.py:3900} INFO - 2 downstream tasks scheduled from follow-on schedule check
[2024-09-20T13:33:51.591+0000] {local_task_job_runner.py:245} INFO - ::endgroup::
