[2024-09-20T14:19:29.515+0000] {local_task_job_runner.py:123} INFO - ::group::Pre task execution logs
[2024-09-20T14:19:29.543+0000] {taskinstance.py:2612} INFO - Dependencies all met for dep_context=non-requeueable deps ti=<TaskInstance: etl_dag_v43.create_inventory_table scheduled__2024-09-19T00:00:00+00:00 [queued]>
[2024-09-20T14:19:29.560+0000] {taskinstance.py:2612} INFO - Dependencies all met for dep_context=requeueable deps ti=<TaskInstance: etl_dag_v43.create_inventory_table scheduled__2024-09-19T00:00:00+00:00 [queued]>
[2024-09-20T14:19:29.561+0000] {taskinstance.py:2865} INFO - Starting attempt 1 of 6
[2024-09-20T14:19:29.598+0000] {taskinstance.py:2888} INFO - Executing <Task(PostgresOperator): create_inventory_table> on 2024-09-19 00:00:00+00:00
[2024-09-20T14:19:29.607+0000] {standard_task_runner.py:104} INFO - Running: ['airflow', 'tasks', 'run', 'etl_dag_v43', 'create_inventory_table', 'scheduled__2024-09-19T00:00:00+00:00', '--job-id', '1458', '--raw', '--subdir', 'DAGS_FOLDER/etl_dag.py', '--cfg-path', '/tmp/tmpn58jl0bw']
[2024-09-20T14:19:29.609+0000] {standard_task_runner.py:105} INFO - Job 1458: Subtask create_inventory_table
[2024-09-20T14:19:29.614+0000] {logging_mixin.py:190} WARNING - /home/airflow/.local/lib/python3.12/site-packages/airflow/task/task_runner/standard_task_runner.py:70 DeprecationWarning: This process (pid=4549) is multi-threaded, use of fork() may lead to deadlocks in the child.
[2024-09-20T14:19:29.615+0000] {standard_task_runner.py:72} INFO - Started process 4554 to run task
[2024-09-20T14:19:29.765+0000] {task_command.py:467} INFO - Running <TaskInstance: etl_dag_v43.create_inventory_table scheduled__2024-09-19T00:00:00+00:00 [running]> on host 217a74bc1b7d
[2024-09-20T14:19:29.971+0000] {taskinstance.py:3131} INFO - Exporting env vars: AIRFLOW_CTX_DAG_OWNER='airflow' AIRFLOW_CTX_DAG_ID='etl_dag_v43' AIRFLOW_CTX_TASK_ID='create_inventory_table' AIRFLOW_CTX_EXECUTION_DATE='2024-09-19T00:00:00+00:00' AIRFLOW_CTX_TRY_NUMBER='1' AIRFLOW_CTX_DAG_RUN_ID='scheduled__2024-09-19T00:00:00+00:00'
[2024-09-20T14:19:29.973+0000] {taskinstance.py:731} INFO - ::endgroup::
[2024-09-20T14:19:29.995+0000] {sql.py:266} INFO - Executing: 
        CREATE TABLE IF NOT EXISTS inventory (
            id SERIAL PRIMARY KEY,
            name VARCHAR(255),
            stock_quantity INT,
            price DECIMAL(10,2)
        );
    
[2024-09-20T14:19:30.011+0000] {base.py:84} INFO - Retrieving connection 'postgres_localhost'
[2024-09-20T14:19:30.138+0000] {base.py:84} INFO - Retrieving connection 'postgres_localhost'
[2024-09-20T14:19:30.164+0000] {sql.py:509} INFO - Running statement: 
        CREATE TABLE IF NOT EXISTS inventory (
            id SERIAL PRIMARY KEY,
            name VARCHAR(255),
            stock_quantity INT,
            price DECIMAL(10,2)
        );
    , parameters: None
[2024-09-20T14:19:30.198+0000] {taskinstance.py:340} INFO - ::group::Post task execution logs
[2024-09-20T14:19:30.199+0000] {taskinstance.py:352} INFO - Marking task as SUCCESS. dag_id=etl_dag_v43, task_id=create_inventory_table, run_id=scheduled__2024-09-19T00:00:00+00:00, execution_date=20240919T000000, start_date=20240920T141929, end_date=20240920T141930
[2024-09-20T14:19:30.272+0000] {local_task_job_runner.py:266} INFO - Task exited with return code 0
[2024-09-20T14:19:30.290+0000] {logging_mixin.py:190} WARNING - /home/airflow/.local/lib/python3.12/site-packages/airflow/models/baseoperator.py:1378 AirflowProviderDeprecationWarning: Call to deprecated class PostgresOperator. (Please use `airflow.providers.common.sql.operators.sql.SQLExecuteQueryOperator`.Also, you can provide `hook_params={'schema': <database>}`.)
[2024-09-20T14:19:30.312+0000] {taskinstance.py:3900} INFO - 1 downstream tasks scheduled from follow-on schedule check
[2024-09-20T14:19:30.322+0000] {local_task_job_runner.py:245} INFO - ::endgroup::
