[2024-09-11T10:45:04.837+0000] {local_task_job_runner.py:123} INFO - ::group::Pre task execution logs
[2024-09-11T10:45:04.857+0000] {taskinstance.py:2612} INFO - Dependencies all met for dep_context=non-requeueable deps ti=<TaskInstance: etl_dag_v14.update_inventory_data manual__2024-09-11T10:44:09.603249+00:00 [queued]>
[2024-09-11T10:45:04.870+0000] {taskinstance.py:2612} INFO - Dependencies all met for dep_context=requeueable deps ti=<TaskInstance: etl_dag_v14.update_inventory_data manual__2024-09-11T10:44:09.603249+00:00 [queued]>
[2024-09-11T10:45:04.871+0000] {taskinstance.py:2865} INFO - Starting attempt 1 of 6
[2024-09-11T10:45:04.904+0000] {taskinstance.py:2888} INFO - Executing <Task(PythonOperator): update_inventory_data> on 2024-09-11 10:44:09.603249+00:00
[2024-09-11T10:45:04.912+0000] {standard_task_runner.py:104} INFO - Running: ['airflow', 'tasks', 'run', 'etl_dag_v14', 'update_inventory_data', 'manual__2024-09-11T10:44:09.603249+00:00', '--job-id', '156', '--raw', '--subdir', 'DAGS_FOLDER/etl_dag.py', '--cfg-path', '/tmp/tmp0zko6a70']
[2024-09-11T10:45:04.914+0000] {standard_task_runner.py:105} INFO - Job 156: Subtask update_inventory_data
[2024-09-11T10:45:04.921+0000] {logging_mixin.py:190} WARNING - /home/airflow/.local/lib/python3.12/site-packages/airflow/task/task_runner/standard_task_runner.py:70 DeprecationWarning: This process (pid=4065) is multi-threaded, use of fork() may lead to deadlocks in the child.
[2024-09-11T10:45:04.922+0000] {standard_task_runner.py:72} INFO - Started process 4070 to run task
[2024-09-11T10:45:04.995+0000] {task_command.py:467} INFO - Running <TaskInstance: etl_dag_v14.update_inventory_data manual__2024-09-11T10:44:09.603249+00:00 [running]> on host 4118525cd54b
[2024-09-11T10:45:05.138+0000] {taskinstance.py:3131} INFO - Exporting env vars: AIRFLOW_CTX_DAG_OWNER='airflow' AIRFLOW_CTX_DAG_ID='etl_dag_v14' AIRFLOW_CTX_TASK_ID='update_inventory_data' AIRFLOW_CTX_EXECUTION_DATE='2024-09-11T10:44:09.603249+00:00' AIRFLOW_CTX_TRY_NUMBER='1' AIRFLOW_CTX_DAG_RUN_ID='manual__2024-09-11T10:44:09.603249+00:00'
[2024-09-11T10:45:05.140+0000] {taskinstance.py:731} INFO - ::endgroup::
[2024-09-11T10:45:05.179+0000] {logging_mixin.py:190} INFO - Inventory updated successfully!
[2024-09-11T10:45:05.180+0000] {python.py:240} INFO - Done. Returned value was: None
[2024-09-11T10:45:05.193+0000] {taskinstance.py:340} INFO - ::group::Post task execution logs
[2024-09-11T10:45:05.194+0000] {taskinstance.py:352} INFO - Marking task as SUCCESS. dag_id=etl_dag_v14, task_id=update_inventory_data, run_id=manual__2024-09-11T10:44:09.603249+00:00, execution_date=20240911T104409, start_date=20240911T104504, end_date=20240911T104505
[2024-09-11T10:45:05.259+0000] {local_task_job_runner.py:266} INFO - Task exited with return code 0
[2024-09-11T10:45:05.273+0000] {logging_mixin.py:190} WARNING - /home/airflow/.local/lib/python3.12/site-packages/airflow/models/baseoperator.py:1378 AirflowProviderDeprecationWarning: Call to deprecated class PostgresOperator. (Please use `airflow.providers.common.sql.operators.sql.SQLExecuteQueryOperator`.Also, you can provide `hook_params={'schema': <database>}`.)
[2024-09-11T10:45:05.303+0000] {taskinstance.py:3900} INFO - 2 downstream tasks scheduled from follow-on schedule check
[2024-09-11T10:45:05.319+0000] {local_task_job_runner.py:245} INFO - ::endgroup::
