[2024-09-12T10:10:48.524+0000] {local_task_job_runner.py:123} INFO - ::group::Pre task execution logs
[2024-09-12T10:10:48.545+0000] {taskinstance.py:2612} INFO - Dependencies all met for dep_context=non-requeueable deps ti=<TaskInstance: etl_dag_v29.extract_api_data manual__2024-09-12T10:10:26.585235+00:00 [queued]>
[2024-09-12T10:10:48.562+0000] {taskinstance.py:2612} INFO - Dependencies all met for dep_context=requeueable deps ti=<TaskInstance: etl_dag_v29.extract_api_data manual__2024-09-12T10:10:26.585235+00:00 [queued]>
[2024-09-12T10:10:48.563+0000] {taskinstance.py:2865} INFO - Starting attempt 1 of 6
[2024-09-12T10:10:48.608+0000] {taskinstance.py:2888} INFO - Executing <Task(PythonOperator): extract_api_data> on 2024-09-12 10:10:26.585235+00:00
[2024-09-12T10:10:48.621+0000] {standard_task_runner.py:104} INFO - Running: ['airflow', 'tasks', 'run', 'etl_dag_v29', 'extract_api_data', 'manual__2024-09-12T10:10:26.585235+00:00', '--job-id', '663', '--raw', '--subdir', 'DAGS_FOLDER/etl_dag.py', '--cfg-path', '/tmp/tmp_ljpbsrl']
[2024-09-12T10:10:48.623+0000] {standard_task_runner.py:105} INFO - Job 663: Subtask extract_api_data
[2024-09-12T10:10:48.626+0000] {logging_mixin.py:190} WARNING - /home/airflow/.local/lib/python3.12/site-packages/airflow/task/task_runner/standard_task_runner.py:70 DeprecationWarning: This process (pid=3564) is multi-threaded, use of fork() may lead to deadlocks in the child.
[2024-09-12T10:10:48.628+0000] {standard_task_runner.py:72} INFO - Started process 3569 to run task
[2024-09-12T10:10:48.766+0000] {task_command.py:467} INFO - Running <TaskInstance: etl_dag_v29.extract_api_data manual__2024-09-12T10:10:26.585235+00:00 [running]> on host 72ac4976c45d
[2024-09-12T10:10:48.925+0000] {taskinstance.py:3131} INFO - Exporting env vars: AIRFLOW_CTX_DAG_OWNER='airflow' AIRFLOW_CTX_DAG_ID='etl_dag_v29' AIRFLOW_CTX_TASK_ID='extract_api_data' AIRFLOW_CTX_EXECUTION_DATE='2024-09-12T10:10:26.585235+00:00' AIRFLOW_CTX_TRY_NUMBER='1' AIRFLOW_CTX_DAG_RUN_ID='manual__2024-09-12T10:10:26.585235+00:00'
[2024-09-12T10:10:48.926+0000] {taskinstance.py:731} INFO - ::endgroup::
[2024-09-12T10:10:50.082+0000] {logging_mixin.py:190} INFO - It's successful!
[2024-09-12T10:10:50.083+0000] {python.py:240} INFO - Done. Returned value was: None
[2024-09-12T10:10:50.108+0000] {taskinstance.py:340} INFO - ::group::Post task execution logs
[2024-09-12T10:10:50.108+0000] {taskinstance.py:352} INFO - Marking task as SUCCESS. dag_id=etl_dag_v29, task_id=extract_api_data, run_id=manual__2024-09-12T10:10:26.585235+00:00, execution_date=20240912T101026, start_date=20240912T101048, end_date=20240912T101050
[2024-09-12T10:10:50.212+0000] {local_task_job_runner.py:266} INFO - Task exited with return code 0
[2024-09-12T10:10:50.247+0000] {logging_mixin.py:190} WARNING - /home/airflow/.local/lib/python3.12/site-packages/airflow/models/baseoperator.py:1378 AirflowProviderDeprecationWarning: Call to deprecated class PostgresOperator. (Please use `airflow.providers.common.sql.operators.sql.SQLExecuteQueryOperator`.Also, you can provide `hook_params={'schema': <database>}`.)
[2024-09-12T10:10:50.341+0000] {taskinstance.py:3900} INFO - 1 downstream tasks scheduled from follow-on schedule check
[2024-09-12T10:10:50.352+0000] {local_task_job_runner.py:245} INFO - ::endgroup::
