[2024-09-21T00:01:38.579+0000] {local_task_job_runner.py:123} INFO - ::group::Pre task execution logs
[2024-09-21T00:01:38.627+0000] {taskinstance.py:2612} INFO - Dependencies all met for dep_context=non-requeueable deps ti=<TaskInstance: etl_dag_v45.insert_inventory_data scheduled__2024-09-20T00:00:00+00:00 [queued]>
[2024-09-21T00:01:38.662+0000] {taskinstance.py:2612} INFO - Dependencies all met for dep_context=requeueable deps ti=<TaskInstance: etl_dag_v45.insert_inventory_data scheduled__2024-09-20T00:00:00+00:00 [queued]>
[2024-09-21T00:01:38.667+0000] {taskinstance.py:2865} INFO - Starting attempt 1 of 6
[2024-09-21T00:01:38.746+0000] {taskinstance.py:2888} INFO - Executing <Task(PostgresOperator): insert_inventory_data> on 2024-09-20 00:00:00+00:00
[2024-09-21T00:01:38.764+0000] {standard_task_runner.py:104} INFO - Running: ['airflow', 'tasks', 'run', 'etl_dag_v45', 'insert_inventory_data', 'scheduled__2024-09-20T00:00:00+00:00', '--job-id', '1646', '--raw', '--subdir', 'DAGS_FOLDER/etl_dag.py', '--cfg-path', '/tmp/tmpi2wazc7g']
[2024-09-21T00:01:38.768+0000] {standard_task_runner.py:105} INFO - Job 1646: Subtask insert_inventory_data
[2024-09-21T00:01:38.773+0000] {logging_mixin.py:190} WARNING - /home/airflow/.local/lib/python3.12/site-packages/airflow/task/task_runner/standard_task_runner.py:70 DeprecationWarning: This process (pid=6404) is multi-threaded, use of fork() may lead to deadlocks in the child.
[2024-09-21T00:01:38.774+0000] {standard_task_runner.py:72} INFO - Started process 6409 to run task
[2024-09-21T00:01:38.939+0000] {task_command.py:467} INFO - Running <TaskInstance: etl_dag_v45.insert_inventory_data scheduled__2024-09-20T00:00:00+00:00 [running]> on host 217a74bc1b7d
[2024-09-21T00:01:39.231+0000] {taskinstance.py:3131} INFO - Exporting env vars: AIRFLOW_CTX_DAG_OWNER='airflow' AIRFLOW_CTX_DAG_ID='etl_dag_v45' AIRFLOW_CTX_TASK_ID='insert_inventory_data' AIRFLOW_CTX_EXECUTION_DATE='2024-09-20T00:00:00+00:00' AIRFLOW_CTX_TRY_NUMBER='1' AIRFLOW_CTX_DAG_RUN_ID='scheduled__2024-09-20T00:00:00+00:00'
[2024-09-21T00:01:39.233+0000] {taskinstance.py:731} INFO - ::endgroup::
[2024-09-21T00:01:39.257+0000] {sql.py:266} INFO - Executing: 
            TRUNCATE TABLE inventory;
            COPY inventory(id, name, stock_quantity, price)
            FROM '/shared/inventory.csv'
            DELIMITER ',' CSV HEADER;
        
[2024-09-21T00:01:39.289+0000] {base.py:84} INFO - Retrieving connection 'postgres_localhost'
[2024-09-21T00:01:39.576+0000] {base.py:84} INFO - Retrieving connection 'postgres_localhost'
[2024-09-21T00:01:39.617+0000] {sql.py:509} INFO - Running statement: 
            TRUNCATE TABLE inventory;
            COPY inventory(id, name, stock_quantity, price)
            FROM '/shared/inventory.csv'
            DELIMITER ',' CSV HEADER;
        , parameters: None
[2024-09-21T00:01:39.681+0000] {sql.py:518} INFO - Rows affected: 500
[2024-09-21T00:01:39.740+0000] {taskinstance.py:340} INFO - ::group::Post task execution logs
[2024-09-21T00:01:39.742+0000] {taskinstance.py:352} INFO - Marking task as SUCCESS. dag_id=etl_dag_v45, task_id=insert_inventory_data, run_id=scheduled__2024-09-20T00:00:00+00:00, execution_date=20240920T000000, start_date=20240921T000138, end_date=20240921T000139
[2024-09-21T00:01:39.877+0000] {local_task_job_runner.py:266} INFO - Task exited with return code 0
[2024-09-21T00:01:39.931+0000] {taskinstance.py:3900} INFO - 0 downstream tasks scheduled from follow-on schedule check
[2024-09-21T00:01:39.936+0000] {local_task_job_runner.py:245} INFO - ::endgroup::
