[2024-09-12T13:48:17.142+0000] {local_task_job_runner.py:123} INFO - ::group::Pre task execution logs
[2024-09-12T13:48:17.193+0000] {taskinstance.py:2612} INFO - Dependencies all met for dep_context=non-requeueable deps ti=<TaskInstance: etl_dag_v35.update_inventory_data manual__2024-09-12T13:45:59.505760+00:00 [queued]>
[2024-09-12T13:48:17.231+0000] {taskinstance.py:2612} INFO - Dependencies all met for dep_context=requeueable deps ti=<TaskInstance: etl_dag_v35.update_inventory_data manual__2024-09-12T13:45:59.505760+00:00 [queued]>
[2024-09-12T13:48:17.233+0000] {taskinstance.py:2865} INFO - Starting attempt 1 of 6
[2024-09-12T13:48:17.322+0000] {taskinstance.py:2888} INFO - Executing <Task(PythonOperator): update_inventory_data> on 2024-09-12 13:45:59.505760+00:00
[2024-09-12T13:48:17.338+0000] {standard_task_runner.py:104} INFO - Running: ['airflow', 'tasks', 'run', 'etl_dag_v35', 'update_inventory_data', 'manual__2024-09-12T13:45:59.505760+00:00', '--job-id', '885', '--raw', '--subdir', 'DAGS_FOLDER/etl_dag.py', '--cfg-path', '/tmp/tmphfhs11w2']
[2024-09-12T13:48:17.341+0000] {standard_task_runner.py:105} INFO - Job 885: Subtask update_inventory_data
[2024-09-12T13:48:17.345+0000] {logging_mixin.py:190} WARNING - /home/airflow/.local/lib/python3.12/site-packages/airflow/task/task_runner/standard_task_runner.py:70 DeprecationWarning: This process (pid=5608) is multi-threaded, use of fork() may lead to deadlocks in the child.
[2024-09-12T13:48:17.346+0000] {standard_task_runner.py:72} INFO - Started process 5613 to run task
[2024-09-12T13:48:17.504+0000] {task_command.py:467} INFO - Running <TaskInstance: etl_dag_v35.update_inventory_data manual__2024-09-12T13:45:59.505760+00:00 [running]> on host 72ac4976c45d
[2024-09-12T13:48:17.777+0000] {taskinstance.py:3131} INFO - Exporting env vars: AIRFLOW_CTX_DAG_OWNER='airflow' AIRFLOW_CTX_DAG_ID='etl_dag_v35' AIRFLOW_CTX_TASK_ID='update_inventory_data' AIRFLOW_CTX_EXECUTION_DATE='2024-09-12T13:45:59.505760+00:00' AIRFLOW_CTX_TRY_NUMBER='1' AIRFLOW_CTX_DAG_RUN_ID='manual__2024-09-12T13:45:59.505760+00:00'
[2024-09-12T13:48:17.782+0000] {taskinstance.py:731} INFO - ::endgroup::
[2024-09-12T13:48:17.880+0000] {logging_mixin.py:190} INFO - Inventory updated successfully!
[2024-09-12T13:48:17.881+0000] {python.py:240} INFO - Done. Returned value was: None
[2024-09-12T13:48:17.916+0000] {taskinstance.py:340} INFO - ::group::Post task execution logs
[2024-09-12T13:48:17.917+0000] {taskinstance.py:352} INFO - Marking task as SUCCESS. dag_id=etl_dag_v35, task_id=update_inventory_data, run_id=manual__2024-09-12T13:45:59.505760+00:00, execution_date=20240912T134559, start_date=20240912T134817, end_date=20240912T134817
[2024-09-12T13:48:18.047+0000] {local_task_job_runner.py:266} INFO - Task exited with return code 0
[2024-09-12T13:48:18.086+0000] {logging_mixin.py:190} WARNING - /home/airflow/.local/lib/python3.12/site-packages/airflow/models/baseoperator.py:1378 AirflowProviderDeprecationWarning: Call to deprecated class PostgresOperator. (Please use `airflow.providers.common.sql.operators.sql.SQLExecuteQueryOperator`.Also, you can provide `hook_params={'schema': <database>}`.)
[2024-09-12T13:48:18.168+0000] {taskinstance.py:3900} INFO - 2 downstream tasks scheduled from follow-on schedule check
[2024-09-12T13:48:18.192+0000] {local_task_job_runner.py:245} INFO - ::endgroup::
