[2024-09-12T09:17:35.009+0000] {local_task_job_runner.py:123} INFO - ::group::Pre task execution logs
[2024-09-12T09:17:35.031+0000] {taskinstance.py:2612} INFO - Dependencies all met for dep_context=non-requeueable deps ti=<TaskInstance: etl_dag_v21.create_orders_table scheduled__2024-09-09T00:00:00+00:00 [queued]>
[2024-09-12T09:17:35.046+0000] {taskinstance.py:2612} INFO - Dependencies all met for dep_context=requeueable deps ti=<TaskInstance: etl_dag_v21.create_orders_table scheduled__2024-09-09T00:00:00+00:00 [queued]>
[2024-09-12T09:17:35.047+0000] {taskinstance.py:2865} INFO - Starting attempt 1 of 6
[2024-09-12T09:17:35.082+0000] {taskinstance.py:2888} INFO - Executing <Task(PostgresOperator): create_orders_table> on 2024-09-09 00:00:00+00:00
[2024-09-12T09:17:35.091+0000] {standard_task_runner.py:104} INFO - Running: ['airflow', 'tasks', 'run', 'etl_dag_v21', 'create_orders_table', 'scheduled__2024-09-09T00:00:00+00:00', '--job-id', '429', '--raw', '--subdir', 'DAGS_FOLDER/etl_dag.py', '--cfg-path', '/tmp/tmp7zrwt7f7']
[2024-09-12T09:17:35.093+0000] {standard_task_runner.py:105} INFO - Job 429: Subtask create_orders_table
[2024-09-12T09:17:35.094+0000] {logging_mixin.py:190} WARNING - /home/airflow/.local/lib/python3.12/site-packages/airflow/task/task_runner/standard_task_runner.py:70 DeprecationWarning: This process (pid=1694) is multi-threaded, use of fork() may lead to deadlocks in the child.
[2024-09-12T09:17:35.095+0000] {standard_task_runner.py:72} INFO - Started process 1699 to run task
[2024-09-12T09:17:35.168+0000] {task_command.py:467} INFO - Running <TaskInstance: etl_dag_v21.create_orders_table scheduled__2024-09-09T00:00:00+00:00 [running]> on host 72ac4976c45d
[2024-09-12T09:17:35.275+0000] {taskinstance.py:3131} INFO - Exporting env vars: AIRFLOW_CTX_DAG_OWNER='airflow' AIRFLOW_CTX_DAG_ID='etl_dag_v21' AIRFLOW_CTX_TASK_ID='create_orders_table' AIRFLOW_CTX_EXECUTION_DATE='2024-09-09T00:00:00+00:00' AIRFLOW_CTX_TRY_NUMBER='1' AIRFLOW_CTX_DAG_RUN_ID='scheduled__2024-09-09T00:00:00+00:00'
[2024-09-12T09:17:35.277+0000] {taskinstance.py:731} INFO - ::endgroup::
[2024-09-12T09:17:35.289+0000] {sql.py:266} INFO - Executing: 
            CREATE TABLE IF NOT EXISTS orders (
                order_id SERIAL PRIMARY KEY UNIQUE,
                customer_id INT,
                product_id INT,
                order_date DATE,
                quantity INT
            );
        
[2024-09-12T09:17:35.304+0000] {base.py:84} INFO - Retrieving connection 'postgres_localhost'
[2024-09-12T09:17:35.558+0000] {base.py:84} INFO - Retrieving connection 'postgres_localhost'
[2024-09-12T09:17:35.610+0000] {sql.py:509} INFO - Running statement: 
            CREATE TABLE IF NOT EXISTS orders (
                order_id SERIAL PRIMARY KEY UNIQUE,
                customer_id INT,
                product_id INT,
                order_date DATE,
                quantity INT
            );
        , parameters: None
[2024-09-12T09:17:35.644+0000] {taskinstance.py:340} INFO - ::group::Post task execution logs
[2024-09-12T09:17:35.645+0000] {taskinstance.py:352} INFO - Marking task as SUCCESS. dag_id=etl_dag_v21, task_id=create_orders_table, run_id=scheduled__2024-09-09T00:00:00+00:00, execution_date=20240909T000000, start_date=20240912T091735, end_date=20240912T091735
[2024-09-12T09:17:35.753+0000] {local_task_job_runner.py:266} INFO - Task exited with return code 0
[2024-09-12T09:17:35.770+0000] {logging_mixin.py:190} WARNING - /home/airflow/.local/lib/python3.12/site-packages/airflow/models/baseoperator.py:1378 AirflowProviderDeprecationWarning: Call to deprecated class PostgresOperator. (Please use `airflow.providers.common.sql.operators.sql.SQLExecuteQueryOperator`.Also, you can provide `hook_params={'schema': <database>}`.)
[2024-09-12T09:17:35.806+0000] {taskinstance.py:3900} INFO - 1 downstream tasks scheduled from follow-on schedule check
[2024-09-12T09:17:35.822+0000] {local_task_job_runner.py:245} INFO - ::endgroup::
