[2024-09-12T10:18:49.338+0000] {local_task_job_runner.py:123} INFO - ::group::Pre task execution logs
[2024-09-12T10:18:49.361+0000] {taskinstance.py:2612} INFO - Dependencies all met for dep_context=non-requeueable deps ti=<TaskInstance: etl_dag_v30.extract_api_data scheduled__2024-09-05T00:00:00+00:00 [queued]>
[2024-09-12T10:18:49.374+0000] {taskinstance.py:2612} INFO - Dependencies all met for dep_context=requeueable deps ti=<TaskInstance: etl_dag_v30.extract_api_data scheduled__2024-09-05T00:00:00+00:00 [queued]>
[2024-09-12T10:18:49.375+0000] {taskinstance.py:2865} INFO - Starting attempt 1 of 6
[2024-09-12T10:18:49.409+0000] {taskinstance.py:2888} INFO - Executing <Task(PythonOperator): extract_api_data> on 2024-09-05 00:00:00+00:00
[2024-09-12T10:18:49.425+0000] {standard_task_runner.py:104} INFO - Running: ['airflow', 'tasks', 'run', 'etl_dag_v30', 'extract_api_data', 'scheduled__2024-09-05T00:00:00+00:00', '--job-id', '688', '--raw', '--subdir', 'DAGS_FOLDER/etl_dag.py', '--cfg-path', '/tmp/tmpc9trq8ah']
[2024-09-12T10:18:49.427+0000] {standard_task_runner.py:105} INFO - Job 688: Subtask extract_api_data
[2024-09-12T10:18:49.428+0000] {logging_mixin.py:190} WARNING - /home/airflow/.local/lib/python3.12/site-packages/airflow/task/task_runner/standard_task_runner.py:70 DeprecationWarning: This process (pid=3819) is multi-threaded, use of fork() may lead to deadlocks in the child.
[2024-09-12T10:18:49.429+0000] {standard_task_runner.py:72} INFO - Started process 3824 to run task
[2024-09-12T10:18:49.508+0000] {task_command.py:467} INFO - Running <TaskInstance: etl_dag_v30.extract_api_data scheduled__2024-09-05T00:00:00+00:00 [running]> on host 72ac4976c45d
[2024-09-12T10:18:49.694+0000] {taskinstance.py:3131} INFO - Exporting env vars: AIRFLOW_CTX_DAG_OWNER='airflow' AIRFLOW_CTX_DAG_ID='etl_dag_v30' AIRFLOW_CTX_TASK_ID='extract_api_data' AIRFLOW_CTX_EXECUTION_DATE='2024-09-05T00:00:00+00:00' AIRFLOW_CTX_TRY_NUMBER='1' AIRFLOW_CTX_DAG_RUN_ID='scheduled__2024-09-05T00:00:00+00:00'
[2024-09-12T10:18:49.700+0000] {taskinstance.py:731} INFO - ::endgroup::
[2024-09-12T10:18:51.377+0000] {logging_mixin.py:190} INFO - It's successful!
[2024-09-12T10:18:51.381+0000] {python.py:240} INFO - Done. Returned value was: None
[2024-09-12T10:18:51.547+0000] {taskinstance.py:340} INFO - ::group::Post task execution logs
[2024-09-12T10:18:51.552+0000] {taskinstance.py:352} INFO - Marking task as SUCCESS. dag_id=etl_dag_v30, task_id=extract_api_data, run_id=scheduled__2024-09-05T00:00:00+00:00, execution_date=20240905T000000, start_date=20240912T101849, end_date=20240912T101851
[2024-09-12T10:18:51.698+0000] {local_task_job_runner.py:266} INFO - Task exited with return code 0
[2024-09-12T10:18:51.719+0000] {logging_mixin.py:190} WARNING - /home/airflow/.local/lib/python3.12/site-packages/airflow/models/baseoperator.py:1378 AirflowProviderDeprecationWarning: Call to deprecated class PostgresOperator. (Please use `airflow.providers.common.sql.operators.sql.SQLExecuteQueryOperator`.Also, you can provide `hook_params={'schema': <database>}`.)
[2024-09-12T10:18:51.761+0000] {taskinstance.py:3900} INFO - 1 downstream tasks scheduled from follow-on schedule check
[2024-09-12T10:18:51.774+0000] {local_task_job_runner.py:245} INFO - ::endgroup::
