[2024-09-12T10:41:44.189+0000] {local_task_job_runner.py:123} INFO - ::group::Pre task execution logs
[2024-09-12T10:41:44.214+0000] {taskinstance.py:2612} INFO - Dependencies all met for dep_context=non-requeueable deps ti=<TaskInstance: etl_dag_v34.extract_api_data manual__2024-09-12T10:41:19.408349+00:00 [queued]>
[2024-09-12T10:41:44.232+0000] {taskinstance.py:2612} INFO - Dependencies all met for dep_context=requeueable deps ti=<TaskInstance: etl_dag_v34.extract_api_data manual__2024-09-12T10:41:19.408349+00:00 [queued]>
[2024-09-12T10:41:44.233+0000] {taskinstance.py:2865} INFO - Starting attempt 1 of 6
[2024-09-12T10:41:44.279+0000] {taskinstance.py:2888} INFO - Executing <Task(PythonOperator): extract_api_data> on 2024-09-12 10:41:19.408349+00:00
[2024-09-12T10:41:44.290+0000] {standard_task_runner.py:104} INFO - Running: ['airflow', 'tasks', 'run', 'etl_dag_v34', 'extract_api_data', 'manual__2024-09-12T10:41:19.408349+00:00', '--job-id', '843', '--raw', '--subdir', 'DAGS_FOLDER/etl_dag.py', '--cfg-path', '/tmp/tmpg7vdsn7h']
[2024-09-12T10:41:44.292+0000] {standard_task_runner.py:105} INFO - Job 843: Subtask extract_api_data
[2024-09-12T10:41:44.296+0000] {logging_mixin.py:190} WARNING - /home/airflow/.local/lib/python3.12/site-packages/airflow/task/task_runner/standard_task_runner.py:70 DeprecationWarning: This process (pid=4995) is multi-threaded, use of fork() may lead to deadlocks in the child.
[2024-09-12T10:41:44.297+0000] {standard_task_runner.py:72} INFO - Started process 5000 to run task
[2024-09-12T10:41:44.371+0000] {task_command.py:467} INFO - Running <TaskInstance: etl_dag_v34.extract_api_data manual__2024-09-12T10:41:19.408349+00:00 [running]> on host 72ac4976c45d
[2024-09-12T10:41:44.515+0000] {taskinstance.py:3131} INFO - Exporting env vars: AIRFLOW_CTX_DAG_OWNER='airflow' AIRFLOW_CTX_DAG_ID='etl_dag_v34' AIRFLOW_CTX_TASK_ID='extract_api_data' AIRFLOW_CTX_EXECUTION_DATE='2024-09-12T10:41:19.408349+00:00' AIRFLOW_CTX_TRY_NUMBER='1' AIRFLOW_CTX_DAG_RUN_ID='manual__2024-09-12T10:41:19.408349+00:00'
[2024-09-12T10:41:44.517+0000] {taskinstance.py:731} INFO - ::endgroup::
[2024-09-12T10:41:45.610+0000] {logging_mixin.py:190} INFO - It's successful!
[2024-09-12T10:41:45.611+0000] {python.py:240} INFO - Done. Returned value was: None
[2024-09-12T10:41:45.624+0000] {taskinstance.py:340} INFO - ::group::Post task execution logs
[2024-09-12T10:41:45.625+0000] {taskinstance.py:352} INFO - Marking task as SUCCESS. dag_id=etl_dag_v34, task_id=extract_api_data, run_id=manual__2024-09-12T10:41:19.408349+00:00, execution_date=20240912T104119, start_date=20240912T104144, end_date=20240912T104145
[2024-09-12T10:41:45.963+0000] {local_task_job_runner.py:266} INFO - Task exited with return code 0
[2024-09-12T10:41:45.976+0000] {logging_mixin.py:190} WARNING - /home/airflow/.local/lib/python3.12/site-packages/airflow/models/baseoperator.py:1378 AirflowProviderDeprecationWarning: Call to deprecated class PostgresOperator. (Please use `airflow.providers.common.sql.operators.sql.SQLExecuteQueryOperator`.Also, you can provide `hook_params={'schema': <database>}`.)
[2024-09-12T10:41:46.005+0000] {taskinstance.py:3900} INFO - 1 downstream tasks scheduled from follow-on schedule check
[2024-09-12T10:41:46.015+0000] {local_task_job_runner.py:245} INFO - ::endgroup::
