[2024-09-20T07:32:05.273+0000] {local_task_job_runner.py:123} INFO - ::group::Pre task execution logs
[2024-09-20T07:32:05.298+0000] {taskinstance.py:2612} INFO - Dependencies all met for dep_context=non-requeueable deps ti=<TaskInstance: etl_dag_v39.create_orders_table scheduled__2024-09-11T00:00:00+00:00 [queued]>
[2024-09-20T07:32:05.312+0000] {taskinstance.py:2612} INFO - Dependencies all met for dep_context=requeueable deps ti=<TaskInstance: etl_dag_v39.create_orders_table scheduled__2024-09-11T00:00:00+00:00 [queued]>
[2024-09-20T07:32:05.313+0000] {taskinstance.py:2865} INFO - Starting attempt 1 of 6
[2024-09-20T07:32:05.352+0000] {taskinstance.py:2888} INFO - Executing <Task(PostgresOperator): create_orders_table> on 2024-09-11 00:00:00+00:00
[2024-09-20T07:32:05.362+0000] {standard_task_runner.py:104} INFO - Running: ['airflow', 'tasks', 'run', 'etl_dag_v39', 'create_orders_table', 'scheduled__2024-09-11T00:00:00+00:00', '--job-id', '1023', '--raw', '--subdir', 'DAGS_FOLDER/etl_dag.py', '--cfg-path', '/tmp/tmpv8p6ueri']
[2024-09-20T07:32:05.364+0000] {standard_task_runner.py:105} INFO - Job 1023: Subtask create_orders_table
[2024-09-20T07:32:05.367+0000] {logging_mixin.py:190} WARNING - /home/airflow/.local/lib/python3.12/site-packages/airflow/task/task_runner/standard_task_runner.py:70 DeprecationWarning: This process (pid=398) is multi-threaded, use of fork() may lead to deadlocks in the child.
[2024-09-20T07:32:05.368+0000] {standard_task_runner.py:72} INFO - Started process 403 to run task
[2024-09-20T07:32:05.467+0000] {task_command.py:467} INFO - Running <TaskInstance: etl_dag_v39.create_orders_table scheduled__2024-09-11T00:00:00+00:00 [running]> on host 217a74bc1b7d
[2024-09-20T07:32:05.687+0000] {taskinstance.py:3131} INFO - Exporting env vars: AIRFLOW_CTX_DAG_OWNER='airflow' AIRFLOW_CTX_DAG_ID='etl_dag_v39' AIRFLOW_CTX_TASK_ID='create_orders_table' AIRFLOW_CTX_EXECUTION_DATE='2024-09-11T00:00:00+00:00' AIRFLOW_CTX_TRY_NUMBER='1' AIRFLOW_CTX_DAG_RUN_ID='scheduled__2024-09-11T00:00:00+00:00'
[2024-09-20T07:32:05.688+0000] {taskinstance.py:731} INFO - ::endgroup::
[2024-09-20T07:32:05.702+0000] {sql.py:266} INFO - Executing: 
            CREATE TABLE IF NOT EXISTS order_lists (
                id VARCHAR PRIMARY KEY,
                customer_id INT,
                product_id INT,
                order_date DATE,
                quantity INT,
                CONSTRAINT fk_product FOREIGN KEY(product_id) REFERENCES inventory(id)
            );
        
[2024-09-20T07:32:05.717+0000] {base.py:84} INFO - Retrieving connection 'postgres_localhost'
[2024-09-20T07:32:05.875+0000] {base.py:84} INFO - Retrieving connection 'postgres_localhost'
[2024-09-20T07:32:05.912+0000] {sql.py:509} INFO - Running statement: 
            CREATE TABLE IF NOT EXISTS order_lists (
                id VARCHAR PRIMARY KEY,
                customer_id INT,
                product_id INT,
                order_date DATE,
                quantity INT,
                CONSTRAINT fk_product FOREIGN KEY(product_id) REFERENCES inventory(id)
            );
        , parameters: None
[2024-09-20T07:32:05.949+0000] {taskinstance.py:340} INFO - ::group::Post task execution logs
[2024-09-20T07:32:05.950+0000] {taskinstance.py:352} INFO - Marking task as SUCCESS. dag_id=etl_dag_v39, task_id=create_orders_table, run_id=scheduled__2024-09-11T00:00:00+00:00, execution_date=20240911T000000, start_date=20240920T073205, end_date=20240920T073205
[2024-09-20T07:32:06.014+0000] {local_task_job_runner.py:266} INFO - Task exited with return code 0
[2024-09-20T07:32:06.026+0000] {logging_mixin.py:190} WARNING - /home/airflow/.local/lib/python3.12/site-packages/airflow/models/baseoperator.py:1378 AirflowProviderDeprecationWarning: Call to deprecated class PostgresOperator. (Please use `airflow.providers.common.sql.operators.sql.SQLExecuteQueryOperator`.Also, you can provide `hook_params={'schema': <database>}`.)
[2024-09-20T07:32:06.047+0000] {taskinstance.py:3900} INFO - 1 downstream tasks scheduled from follow-on schedule check
[2024-09-20T07:32:06.054+0000] {local_task_job_runner.py:245} INFO - ::endgroup::
