[2024-09-12T13:53:42.438+0000] {local_task_job_runner.py:123} INFO - ::group::Pre task execution logs
[2024-09-12T13:53:42.485+0000] {taskinstance.py:2612} INFO - Dependencies all met for dep_context=non-requeueable deps ti=<TaskInstance: etl_dag_v36.extract_api_data scheduled__2024-09-10T00:00:00+00:00 [queued]>
[2024-09-12T13:53:42.516+0000] {taskinstance.py:2612} INFO - Dependencies all met for dep_context=requeueable deps ti=<TaskInstance: etl_dag_v36.extract_api_data scheduled__2024-09-10T00:00:00+00:00 [queued]>
[2024-09-12T13:53:42.517+0000] {taskinstance.py:2865} INFO - Starting attempt 1 of 6
[2024-09-12T13:53:42.618+0000] {taskinstance.py:2888} INFO - Executing <Task(PythonOperator): extract_api_data> on 2024-09-10 00:00:00+00:00
[2024-09-12T13:53:42.679+0000] {standard_task_runner.py:104} INFO - Running: ['airflow', 'tasks', 'run', 'etl_dag_v36', 'extract_api_data', 'scheduled__2024-09-10T00:00:00+00:00', '--job-id', '899', '--raw', '--subdir', 'DAGS_FOLDER/etl_dag.py', '--cfg-path', '/tmp/tmpkoqitwa4']
[2024-09-12T13:53:42.713+0000] {standard_task_runner.py:105} INFO - Job 899: Subtask extract_api_data
[2024-09-12T13:53:42.719+0000] {logging_mixin.py:190} WARNING - /home/airflow/.local/lib/python3.12/site-packages/airflow/task/task_runner/standard_task_runner.py:70 DeprecationWarning: This process (pid=5724) is multi-threaded, use of fork() may lead to deadlocks in the child.
[2024-09-12T13:53:42.723+0000] {standard_task_runner.py:72} INFO - Started process 5729 to run task
[2024-09-12T13:53:43.651+0000] {task_command.py:467} INFO - Running <TaskInstance: etl_dag_v36.extract_api_data scheduled__2024-09-10T00:00:00+00:00 [running]> on host 72ac4976c45d
[2024-09-12T13:53:44.079+0000] {taskinstance.py:3131} INFO - Exporting env vars: AIRFLOW_CTX_DAG_OWNER='airflow' AIRFLOW_CTX_DAG_ID='etl_dag_v36' AIRFLOW_CTX_TASK_ID='extract_api_data' AIRFLOW_CTX_EXECUTION_DATE='2024-09-10T00:00:00+00:00' AIRFLOW_CTX_TRY_NUMBER='1' AIRFLOW_CTX_DAG_RUN_ID='scheduled__2024-09-10T00:00:00+00:00'
[2024-09-12T13:53:44.084+0000] {taskinstance.py:731} INFO - ::endgroup::
[2024-09-12T13:53:46.043+0000] {logging_mixin.py:190} INFO - It's successful!
[2024-09-12T13:53:46.047+0000] {python.py:240} INFO - Done. Returned value was: None
[2024-09-12T13:53:46.080+0000] {taskinstance.py:340} INFO - ::group::Post task execution logs
[2024-09-12T13:53:46.081+0000] {taskinstance.py:352} INFO - Marking task as SUCCESS. dag_id=etl_dag_v36, task_id=extract_api_data, run_id=scheduled__2024-09-10T00:00:00+00:00, execution_date=20240910T000000, start_date=20240912T135342, end_date=20240912T135346
[2024-09-12T13:53:46.191+0000] {local_task_job_runner.py:266} INFO - Task exited with return code 0
[2024-09-12T13:53:46.221+0000] {logging_mixin.py:190} WARNING - /home/airflow/.local/lib/python3.12/site-packages/airflow/models/baseoperator.py:1378 AirflowProviderDeprecationWarning: Call to deprecated class PostgresOperator. (Please use `airflow.providers.common.sql.operators.sql.SQLExecuteQueryOperator`.Also, you can provide `hook_params={'schema': <database>}`.)
[2024-09-12T13:53:46.362+0000] {taskinstance.py:3900} INFO - 1 downstream tasks scheduled from follow-on schedule check
[2024-09-12T13:53:46.430+0000] {local_task_job_runner.py:245} INFO - ::endgroup::
