[2024-09-12T10:04:50.267+0000] {local_task_job_runner.py:123} INFO - ::group::Pre task execution logs
[2024-09-12T10:04:50.289+0000] {taskinstance.py:2612} INFO - Dependencies all met for dep_context=non-requeueable deps ti=<TaskInstance: etl_dag_v28.extract_api_data manual__2024-09-12T10:04:37.937884+00:00 [queued]>
[2024-09-12T10:04:50.304+0000] {taskinstance.py:2612} INFO - Dependencies all met for dep_context=requeueable deps ti=<TaskInstance: etl_dag_v28.extract_api_data manual__2024-09-12T10:04:37.937884+00:00 [queued]>
[2024-09-12T10:04:50.305+0000] {taskinstance.py:2865} INFO - Starting attempt 1 of 6
[2024-09-12T10:04:50.343+0000] {taskinstance.py:2888} INFO - Executing <Task(PythonOperator): extract_api_data> on 2024-09-12 10:04:37.937884+00:00
[2024-09-12T10:04:50.361+0000] {standard_task_runner.py:104} INFO - Running: ['airflow', 'tasks', 'run', 'etl_dag_v28', 'extract_api_data', 'manual__2024-09-12T10:04:37.937884+00:00', '--job-id', '639', '--raw', '--subdir', 'DAGS_FOLDER/etl_dag.py', '--cfg-path', '/tmp/tmpksz6whx6']
[2024-09-12T10:04:50.363+0000] {standard_task_runner.py:105} INFO - Job 639: Subtask extract_api_data
[2024-09-12T10:04:50.365+0000] {logging_mixin.py:190} WARNING - /home/airflow/.local/lib/python3.12/site-packages/airflow/task/task_runner/standard_task_runner.py:70 DeprecationWarning: This process (pid=3367) is multi-threaded, use of fork() may lead to deadlocks in the child.
[2024-09-12T10:04:50.366+0000] {standard_task_runner.py:72} INFO - Started process 3372 to run task
[2024-09-12T10:04:50.468+0000] {task_command.py:467} INFO - Running <TaskInstance: etl_dag_v28.extract_api_data manual__2024-09-12T10:04:37.937884+00:00 [running]> on host 72ac4976c45d
[2024-09-12T10:04:50.589+0000] {taskinstance.py:3131} INFO - Exporting env vars: AIRFLOW_CTX_DAG_OWNER='airflow' AIRFLOW_CTX_DAG_ID='etl_dag_v28' AIRFLOW_CTX_TASK_ID='extract_api_data' AIRFLOW_CTX_EXECUTION_DATE='2024-09-12T10:04:37.937884+00:00' AIRFLOW_CTX_TRY_NUMBER='1' AIRFLOW_CTX_DAG_RUN_ID='manual__2024-09-12T10:04:37.937884+00:00'
[2024-09-12T10:04:50.590+0000] {taskinstance.py:731} INFO - ::endgroup::
[2024-09-12T10:04:51.747+0000] {logging_mixin.py:190} INFO - It's successful!
[2024-09-12T10:04:51.750+0000] {python.py:240} INFO - Done. Returned value was: None
[2024-09-12T10:04:51.841+0000] {taskinstance.py:340} INFO - ::group::Post task execution logs
[2024-09-12T10:04:51.842+0000] {taskinstance.py:352} INFO - Marking task as SUCCESS. dag_id=etl_dag_v28, task_id=extract_api_data, run_id=manual__2024-09-12T10:04:37.937884+00:00, execution_date=20240912T100437, start_date=20240912T100450, end_date=20240912T100451
[2024-09-12T10:04:51.915+0000] {local_task_job_runner.py:266} INFO - Task exited with return code 0
[2024-09-12T10:04:51.927+0000] {logging_mixin.py:190} WARNING - /home/airflow/.local/lib/python3.12/site-packages/airflow/models/baseoperator.py:1378 AirflowProviderDeprecationWarning: Call to deprecated class PostgresOperator. (Please use `airflow.providers.common.sql.operators.sql.SQLExecuteQueryOperator`.Also, you can provide `hook_params={'schema': <database>}`.)
[2024-09-12T10:04:51.955+0000] {taskinstance.py:3900} INFO - 1 downstream tasks scheduled from follow-on schedule check
[2024-09-12T10:04:51.964+0000] {local_task_job_runner.py:245} INFO - ::endgroup::
