[2024-09-23T02:14:38.190+0000] {local_task_job_runner.py:123} INFO - ::group::Pre task execution logs
[2024-09-23T02:14:38.376+0000] {taskinstance.py:2612} INFO - Dependencies all met for dep_context=non-requeueable deps ti=<TaskInstance: etl_dag_v45.insert_inventory_data scheduled__2024-09-22T00:00:00+00:00 [queued]>
[2024-09-23T02:14:38.477+0000] {taskinstance.py:2612} INFO - Dependencies all met for dep_context=requeueable deps ti=<TaskInstance: etl_dag_v45.insert_inventory_data scheduled__2024-09-22T00:00:00+00:00 [queued]>
[2024-09-23T02:14:38.479+0000] {taskinstance.py:2865} INFO - Starting attempt 1 of 6
[2024-09-23T02:14:38.553+0000] {taskinstance.py:2888} INFO - Executing <Task(PostgresOperator): insert_inventory_data> on 2024-09-22 00:00:00+00:00
[2024-09-23T02:14:38.595+0000] {standard_task_runner.py:104} INFO - Running: ['airflow', 'tasks', 'run', 'etl_dag_v45', 'insert_inventory_data', 'scheduled__2024-09-22T00:00:00+00:00', '--job-id', '1667', '--raw', '--subdir', 'DAGS_FOLDER/etl_dag.py', '--cfg-path', '/tmp/tmp8o99m9qq']
[2024-09-23T02:14:38.600+0000] {standard_task_runner.py:105} INFO - Job 1667: Subtask insert_inventory_data
[2024-09-23T02:14:38.610+0000] {logging_mixin.py:190} WARNING - /home/airflow/.local/lib/python3.12/site-packages/airflow/task/task_runner/standard_task_runner.py:70 DeprecationWarning: This process (pid=9366) is multi-threaded, use of fork() may lead to deadlocks in the child.
[2024-09-23T02:14:38.612+0000] {standard_task_runner.py:72} INFO - Started process 9371 to run task
[2024-09-23T02:14:38.920+0000] {task_command.py:467} INFO - Running <TaskInstance: etl_dag_v45.insert_inventory_data scheduled__2024-09-22T00:00:00+00:00 [running]> on host 217a74bc1b7d
[2024-09-23T02:14:39.276+0000] {taskinstance.py:3131} INFO - Exporting env vars: AIRFLOW_CTX_DAG_OWNER='airflow' AIRFLOW_CTX_DAG_ID='etl_dag_v45' AIRFLOW_CTX_TASK_ID='insert_inventory_data' AIRFLOW_CTX_EXECUTION_DATE='2024-09-22T00:00:00+00:00' AIRFLOW_CTX_TRY_NUMBER='1' AIRFLOW_CTX_DAG_RUN_ID='scheduled__2024-09-22T00:00:00+00:00'
[2024-09-23T02:14:39.278+0000] {taskinstance.py:731} INFO - ::endgroup::
[2024-09-23T02:14:39.304+0000] {sql.py:266} INFO - Executing: 
            TRUNCATE TABLE inventory;
            COPY inventory(id, name, stock_quantity, price)
            FROM '/shared/inventory.csv'
            DELIMITER ',' CSV HEADER;
        
[2024-09-23T02:14:39.335+0000] {base.py:84} INFO - Retrieving connection 'postgres_localhost'
[2024-09-23T02:14:39.618+0000] {base.py:84} INFO - Retrieving connection 'postgres_localhost'
[2024-09-23T02:14:39.655+0000] {sql.py:509} INFO - Running statement: 
            TRUNCATE TABLE inventory;
            COPY inventory(id, name, stock_quantity, price)
            FROM '/shared/inventory.csv'
            DELIMITER ',' CSV HEADER;
        , parameters: None
[2024-09-23T02:14:39.853+0000] {sql.py:518} INFO - Rows affected: 500
[2024-09-23T02:14:40.241+0000] {taskinstance.py:340} INFO - ::group::Post task execution logs
[2024-09-23T02:14:40.243+0000] {taskinstance.py:352} INFO - Marking task as SUCCESS. dag_id=etl_dag_v45, task_id=insert_inventory_data, run_id=scheduled__2024-09-22T00:00:00+00:00, execution_date=20240922T000000, start_date=20240923T021438, end_date=20240923T021440
[2024-09-23T02:14:40.419+0000] {local_task_job_runner.py:266} INFO - Task exited with return code 0
[2024-09-23T02:14:40.477+0000] {taskinstance.py:3900} INFO - 0 downstream tasks scheduled from follow-on schedule check
[2024-09-23T02:14:40.481+0000] {local_task_job_runner.py:245} INFO - ::endgroup::
