[2024-09-11T10:34:46.229+0000] {local_task_job_runner.py:123} INFO - ::group::Pre task execution logs
[2024-09-11T10:34:46.250+0000] {taskinstance.py:2612} INFO - Dependencies all met for dep_context=non-requeueable deps ti=<TaskInstance: etl_dag_v12.load_inventory_data scheduled__2024-09-07T00:00:00+00:00 [queued]>
[2024-09-11T10:34:46.264+0000] {taskinstance.py:2612} INFO - Dependencies all met for dep_context=requeueable deps ti=<TaskInstance: etl_dag_v12.load_inventory_data scheduled__2024-09-07T00:00:00+00:00 [queued]>
[2024-09-11T10:34:46.265+0000] {taskinstance.py:2865} INFO - Starting attempt 1 of 6
[2024-09-11T10:34:46.305+0000] {taskinstance.py:2888} INFO - Executing <Task(PythonOperator): load_inventory_data> on 2024-09-07 00:00:00+00:00
[2024-09-11T10:34:46.313+0000] {standard_task_runner.py:104} INFO - Running: ['airflow', 'tasks', 'run', 'etl_dag_v12', 'load_inventory_data', 'scheduled__2024-09-07T00:00:00+00:00', '--job-id', '94', '--raw', '--subdir', 'DAGS_FOLDER/etl_dag.py', '--cfg-path', '/tmp/tmp20xejmhf']
[2024-09-11T10:34:46.315+0000] {standard_task_runner.py:105} INFO - Job 94: Subtask load_inventory_data
[2024-09-11T10:34:46.317+0000] {logging_mixin.py:190} WARNING - /home/airflow/.local/lib/python3.12/site-packages/airflow/task/task_runner/standard_task_runner.py:70 DeprecationWarning: This process (pid=3592) is multi-threaded, use of fork() may lead to deadlocks in the child.
[2024-09-11T10:34:46.318+0000] {standard_task_runner.py:72} INFO - Started process 3597 to run task
[2024-09-11T10:34:46.396+0000] {task_command.py:467} INFO - Running <TaskInstance: etl_dag_v12.load_inventory_data scheduled__2024-09-07T00:00:00+00:00 [running]> on host 4118525cd54b
[2024-09-11T10:34:46.510+0000] {taskinstance.py:3131} INFO - Exporting env vars: AIRFLOW_CTX_DAG_OWNER='airflow' AIRFLOW_CTX_DAG_ID='etl_dag_v12' AIRFLOW_CTX_TASK_ID='load_inventory_data' AIRFLOW_CTX_EXECUTION_DATE='2024-09-07T00:00:00+00:00' AIRFLOW_CTX_TRY_NUMBER='1' AIRFLOW_CTX_DAG_RUN_ID='scheduled__2024-09-07T00:00:00+00:00'
[2024-09-11T10:34:46.512+0000] {taskinstance.py:731} INFO - ::endgroup::
[2024-09-11T10:34:46.525+0000] {logging_mixin.py:190} INFO - Inventory data processing complete!
[2024-09-11T10:34:46.526+0000] {python.py:240} INFO - Done. Returned value was: None
[2024-09-11T10:34:46.540+0000] {taskinstance.py:340} INFO - ::group::Post task execution logs
[2024-09-11T10:34:46.540+0000] {taskinstance.py:352} INFO - Marking task as SUCCESS. dag_id=etl_dag_v12, task_id=load_inventory_data, run_id=scheduled__2024-09-07T00:00:00+00:00, execution_date=20240907T000000, start_date=20240911T103446, end_date=20240911T103446
[2024-09-11T10:34:46.615+0000] {local_task_job_runner.py:266} INFO - Task exited with return code 0
[2024-09-11T10:34:46.632+0000] {logging_mixin.py:190} WARNING - /home/airflow/.local/lib/python3.12/site-packages/airflow/models/baseoperator.py:1378 AirflowProviderDeprecationWarning: Call to deprecated class PostgresOperator. (Please use `airflow.providers.common.sql.operators.sql.SQLExecuteQueryOperator`.Also, you can provide `hook_params={'schema': <database>}`.)
[2024-09-11T10:34:46.661+0000] {taskinstance.py:3900} INFO - 1 downstream tasks scheduled from follow-on schedule check
[2024-09-11T10:34:46.672+0000] {local_task_job_runner.py:245} INFO - ::endgroup::
