[2024-09-12T10:22:29.373+0000] {local_task_job_runner.py:123} INFO - ::group::Pre task execution logs
[2024-09-12T10:22:29.395+0000] {taskinstance.py:2612} INFO - Dependencies all met for dep_context=non-requeueable deps ti=<TaskInstance: etl_dag_v30.insert_inventory_data scheduled__2024-09-07T00:00:00+00:00 [queued]>
[2024-09-12T10:22:29.412+0000] {taskinstance.py:2612} INFO - Dependencies all met for dep_context=requeueable deps ti=<TaskInstance: etl_dag_v30.insert_inventory_data scheduled__2024-09-07T00:00:00+00:00 [queued]>
[2024-09-12T10:22:29.413+0000] {taskinstance.py:2865} INFO - Starting attempt 1 of 6
[2024-09-12T10:22:29.443+0000] {taskinstance.py:2888} INFO - Executing <Task(PostgresOperator): insert_inventory_data> on 2024-09-07 00:00:00+00:00
[2024-09-12T10:22:29.451+0000] {standard_task_runner.py:104} INFO - Running: ['airflow', 'tasks', 'run', 'etl_dag_v30', 'insert_inventory_data', 'scheduled__2024-09-07T00:00:00+00:00', '--job-id', '726', '--raw', '--subdir', 'DAGS_FOLDER/etl_dag.py', '--cfg-path', '/tmp/tmpcq8pv_02']
[2024-09-12T10:22:29.453+0000] {standard_task_runner.py:105} INFO - Job 726: Subtask insert_inventory_data
[2024-09-12T10:22:29.456+0000] {logging_mixin.py:190} WARNING - /home/airflow/.local/lib/python3.12/site-packages/airflow/task/task_runner/standard_task_runner.py:70 DeprecationWarning: This process (pid=4093) is multi-threaded, use of fork() may lead to deadlocks in the child.
[2024-09-12T10:22:29.456+0000] {standard_task_runner.py:72} INFO - Started process 4098 to run task
[2024-09-12T10:22:29.529+0000] {task_command.py:467} INFO - Running <TaskInstance: etl_dag_v30.insert_inventory_data scheduled__2024-09-07T00:00:00+00:00 [running]> on host 72ac4976c45d
[2024-09-12T10:22:29.640+0000] {taskinstance.py:3131} INFO - Exporting env vars: AIRFLOW_CTX_DAG_OWNER='airflow' AIRFLOW_CTX_DAG_ID='etl_dag_v30' AIRFLOW_CTX_TASK_ID='insert_inventory_data' AIRFLOW_CTX_EXECUTION_DATE='2024-09-07T00:00:00+00:00' AIRFLOW_CTX_TRY_NUMBER='1' AIRFLOW_CTX_DAG_RUN_ID='scheduled__2024-09-07T00:00:00+00:00'
[2024-09-12T10:22:29.642+0000] {taskinstance.py:731} INFO - ::endgroup::
[2024-09-12T10:22:29.656+0000] {sql.py:266} INFO - Executing: 
            TRUNCATE TABLE inventory;
            COPY inventory(id, name, stock_quantity, price)
            FROM '/shared/inventory.csv'
            DELIMITER ',' CSV HEADER;
        
[2024-09-12T10:22:29.672+0000] {base.py:84} INFO - Retrieving connection 'postgres_localhost'
[2024-09-12T10:22:29.746+0000] {base.py:84} INFO - Retrieving connection 'postgres_localhost'
[2024-09-12T10:22:29.762+0000] {sql.py:509} INFO - Running statement: 
            TRUNCATE TABLE inventory;
            COPY inventory(id, name, stock_quantity, price)
            FROM '/shared/inventory.csv'
            DELIMITER ',' CSV HEADER;
        , parameters: None
[2024-09-12T10:22:29.775+0000] {sql.py:518} INFO - Rows affected: 500
[2024-09-12T10:22:29.799+0000] {taskinstance.py:340} INFO - ::group::Post task execution logs
[2024-09-12T10:22:29.800+0000] {taskinstance.py:352} INFO - Marking task as SUCCESS. dag_id=etl_dag_v30, task_id=insert_inventory_data, run_id=scheduled__2024-09-07T00:00:00+00:00, execution_date=20240907T000000, start_date=20240912T102229, end_date=20240912T102229
[2024-09-12T10:22:29.872+0000] {local_task_job_runner.py:266} INFO - Task exited with return code 0
[2024-09-12T10:22:29.892+0000] {taskinstance.py:3900} INFO - 0 downstream tasks scheduled from follow-on schedule check
[2024-09-12T10:22:29.894+0000] {local_task_job_runner.py:245} INFO - ::endgroup::
