[2024-09-12T09:40:45.717+0000] {local_task_job_runner.py:123} INFO - ::group::Pre task execution logs
[2024-09-12T09:40:45.738+0000] {taskinstance.py:2612} INFO - Dependencies all met for dep_context=non-requeueable deps ti=<TaskInstance: etl_dag_v24.create_inventory_table scheduled__2024-09-05T00:00:00+00:00 [queued]>
[2024-09-12T09:40:45.749+0000] {taskinstance.py:2612} INFO - Dependencies all met for dep_context=requeueable deps ti=<TaskInstance: etl_dag_v24.create_inventory_table scheduled__2024-09-05T00:00:00+00:00 [queued]>
[2024-09-12T09:40:45.750+0000] {taskinstance.py:2865} INFO - Starting attempt 1 of 6
[2024-09-12T09:40:45.784+0000] {taskinstance.py:2888} INFO - Executing <Task(PostgresOperator): create_inventory_table> on 2024-09-05 00:00:00+00:00
[2024-09-12T09:40:45.793+0000] {standard_task_runner.py:104} INFO - Running: ['airflow', 'tasks', 'run', 'etl_dag_v24', 'create_inventory_table', 'scheduled__2024-09-05T00:00:00+00:00', '--job-id', '547', '--raw', '--subdir', 'DAGS_FOLDER/etl_dag.py', '--cfg-path', '/tmp/tmpocpy_dby']
[2024-09-12T09:40:45.795+0000] {standard_task_runner.py:105} INFO - Job 547: Subtask create_inventory_table
[2024-09-12T09:40:45.797+0000] {logging_mixin.py:190} WARNING - /home/airflow/.local/lib/python3.12/site-packages/airflow/task/task_runner/standard_task_runner.py:70 DeprecationWarning: This process (pid=2622) is multi-threaded, use of fork() may lead to deadlocks in the child.
[2024-09-12T09:40:45.798+0000] {standard_task_runner.py:72} INFO - Started process 2627 to run task
[2024-09-12T09:40:45.872+0000] {task_command.py:467} INFO - Running <TaskInstance: etl_dag_v24.create_inventory_table scheduled__2024-09-05T00:00:00+00:00 [running]> on host 72ac4976c45d
[2024-09-12T09:40:45.997+0000] {taskinstance.py:3131} INFO - Exporting env vars: AIRFLOW_CTX_DAG_OWNER='airflow' AIRFLOW_CTX_DAG_ID='etl_dag_v24' AIRFLOW_CTX_TASK_ID='create_inventory_table' AIRFLOW_CTX_EXECUTION_DATE='2024-09-05T00:00:00+00:00' AIRFLOW_CTX_TRY_NUMBER='1' AIRFLOW_CTX_DAG_RUN_ID='scheduled__2024-09-05T00:00:00+00:00'
[2024-09-12T09:40:45.999+0000] {taskinstance.py:731} INFO - ::endgroup::
[2024-09-12T09:40:46.010+0000] {sql.py:266} INFO - Executing: 
            CREATE TABLE IF NOT EXISTS inventory (
                id SERIAL PRIMARY KEY UNIQUE,
                name VARCHAR(255),
                stock_quantity INT,
                price DECIMAL(10,2)
            );
        
[2024-09-12T09:40:46.024+0000] {base.py:84} INFO - Retrieving connection 'postgres_localhost'
[2024-09-12T09:40:46.103+0000] {base.py:84} INFO - Retrieving connection 'postgres_localhost'
[2024-09-12T09:40:46.127+0000] {sql.py:509} INFO - Running statement: 
            CREATE TABLE IF NOT EXISTS inventory (
                id SERIAL PRIMARY KEY UNIQUE,
                name VARCHAR(255),
                stock_quantity INT,
                price DECIMAL(10,2)
            );
        , parameters: None
[2024-09-12T09:40:46.149+0000] {taskinstance.py:340} INFO - ::group::Post task execution logs
[2024-09-12T09:40:46.150+0000] {taskinstance.py:352} INFO - Marking task as SUCCESS. dag_id=etl_dag_v24, task_id=create_inventory_table, run_id=scheduled__2024-09-05T00:00:00+00:00, execution_date=20240905T000000, start_date=20240912T094045, end_date=20240912T094046
[2024-09-12T09:40:46.221+0000] {local_task_job_runner.py:266} INFO - Task exited with return code 0
[2024-09-12T09:40:46.238+0000] {logging_mixin.py:190} WARNING - /home/airflow/.local/lib/python3.12/site-packages/airflow/models/baseoperator.py:1378 AirflowProviderDeprecationWarning: Call to deprecated class PostgresOperator. (Please use `airflow.providers.common.sql.operators.sql.SQLExecuteQueryOperator`.Also, you can provide `hook_params={'schema': <database>}`.)
[2024-09-12T09:40:46.258+0000] {taskinstance.py:3900} INFO - 1 downstream tasks scheduled from follow-on schedule check
[2024-09-12T09:40:46.267+0000] {local_task_job_runner.py:245} INFO - ::endgroup::
