[2024-09-20T14:02:29.590+0000] {local_task_job_runner.py:123} INFO - ::group::Pre task execution logs
[2024-09-20T14:02:29.612+0000] {taskinstance.py:2612} INFO - Dependencies all met for dep_context=non-requeueable deps ti=<TaskInstance: etl_dag_v41.extract_api_data manual__2024-09-20T14:02:10.944719+00:00 [queued]>
[2024-09-20T14:02:29.629+0000] {taskinstance.py:2612} INFO - Dependencies all met for dep_context=requeueable deps ti=<TaskInstance: etl_dag_v41.extract_api_data manual__2024-09-20T14:02:10.944719+00:00 [queued]>
[2024-09-20T14:02:29.630+0000] {taskinstance.py:2865} INFO - Starting attempt 1 of 6
[2024-09-20T14:02:29.678+0000] {taskinstance.py:2888} INFO - Executing <Task(PythonOperator): extract_api_data> on 2024-09-20 14:02:10.944719+00:00
[2024-09-20T14:02:29.690+0000] {standard_task_runner.py:104} INFO - Running: ['airflow', 'tasks', 'run', 'etl_dag_v41', 'extract_api_data', 'manual__2024-09-20T14:02:10.944719+00:00', '--job-id', '1365', '--raw', '--subdir', 'DAGS_FOLDER/etl_dag.py', '--cfg-path', '/tmp/tmpuc9zja0k']
[2024-09-20T14:02:29.692+0000] {standard_task_runner.py:105} INFO - Job 1365: Subtask extract_api_data
[2024-09-20T14:02:29.700+0000] {logging_mixin.py:190} WARNING - /home/airflow/.local/lib/python3.12/site-packages/airflow/task/task_runner/standard_task_runner.py:70 DeprecationWarning: This process (pid=3829) is multi-threaded, use of fork() may lead to deadlocks in the child.
[2024-09-20T14:02:29.701+0000] {standard_task_runner.py:72} INFO - Started process 3834 to run task
[2024-09-20T14:02:29.815+0000] {task_command.py:467} INFO - Running <TaskInstance: etl_dag_v41.extract_api_data manual__2024-09-20T14:02:10.944719+00:00 [running]> on host 217a74bc1b7d
[2024-09-20T14:02:29.976+0000] {taskinstance.py:3131} INFO - Exporting env vars: AIRFLOW_CTX_DAG_OWNER='airflow' AIRFLOW_CTX_DAG_ID='etl_dag_v41' AIRFLOW_CTX_TASK_ID='extract_api_data' AIRFLOW_CTX_EXECUTION_DATE='2024-09-20T14:02:10.944719+00:00' AIRFLOW_CTX_TRY_NUMBER='1' AIRFLOW_CTX_DAG_RUN_ID='manual__2024-09-20T14:02:10.944719+00:00'
[2024-09-20T14:02:29.978+0000] {taskinstance.py:731} INFO - ::endgroup::
[2024-09-20T14:02:31.237+0000] {logging_mixin.py:190} INFO - It's successful!
[2024-09-20T14:02:31.247+0000] {python.py:240} INFO - Done. Returned value was: None
[2024-09-20T14:02:31.316+0000] {taskinstance.py:340} INFO - ::group::Post task execution logs
[2024-09-20T14:02:31.318+0000] {taskinstance.py:352} INFO - Marking task as SUCCESS. dag_id=etl_dag_v41, task_id=extract_api_data, run_id=manual__2024-09-20T14:02:10.944719+00:00, execution_date=20240920T140210, start_date=20240920T140229, end_date=20240920T140231
[2024-09-20T14:02:31.451+0000] {local_task_job_runner.py:266} INFO - Task exited with return code 0
[2024-09-20T14:02:31.470+0000] {logging_mixin.py:190} WARNING - /home/airflow/.local/lib/python3.12/site-packages/airflow/models/baseoperator.py:1378 AirflowProviderDeprecationWarning: Call to deprecated class PostgresOperator. (Please use `airflow.providers.common.sql.operators.sql.SQLExecuteQueryOperator`.Also, you can provide `hook_params={'schema': <database>}`.)
[2024-09-20T14:02:31.519+0000] {taskinstance.py:3900} INFO - 1 downstream tasks scheduled from follow-on schedule check
[2024-09-20T14:02:31.531+0000] {local_task_job_runner.py:245} INFO - ::endgroup::
