[2024-09-12T09:29:04.625+0000] {local_task_job_runner.py:123} INFO - ::group::Pre task execution logs
[2024-09-12T09:29:04.651+0000] {taskinstance.py:2612} INFO - Dependencies all met for dep_context=non-requeueable deps ti=<TaskInstance: etl_dag_v23.extract_api_data manual__2024-09-12T09:28:48.570605+00:00 [queued]>
[2024-09-12T09:29:04.668+0000] {taskinstance.py:2612} INFO - Dependencies all met for dep_context=requeueable deps ti=<TaskInstance: etl_dag_v23.extract_api_data manual__2024-09-12T09:28:48.570605+00:00 [queued]>
[2024-09-12T09:29:04.669+0000] {taskinstance.py:2865} INFO - Starting attempt 1 of 6
[2024-09-12T09:29:04.704+0000] {taskinstance.py:2888} INFO - Executing <Task(PythonOperator): extract_api_data> on 2024-09-12 09:28:48.570605+00:00
[2024-09-12T09:29:04.714+0000] {standard_task_runner.py:104} INFO - Running: ['airflow', 'tasks', 'run', 'etl_dag_v23', 'extract_api_data', 'manual__2024-09-12T09:28:48.570605+00:00', '--job-id', '475', '--raw', '--subdir', 'DAGS_FOLDER/etl_dag.py', '--cfg-path', '/tmp/tmpk9e2rw23']
[2024-09-12T09:29:04.716+0000] {standard_task_runner.py:105} INFO - Job 475: Subtask extract_api_data
[2024-09-12T09:29:04.720+0000] {logging_mixin.py:190} WARNING - /home/airflow/.local/lib/python3.12/site-packages/airflow/task/task_runner/standard_task_runner.py:70 DeprecationWarning: This process (pid=2070) is multi-threaded, use of fork() may lead to deadlocks in the child.
[2024-09-12T09:29:04.721+0000] {standard_task_runner.py:72} INFO - Started process 2075 to run task
[2024-09-12T09:29:04.946+0000] {task_command.py:467} INFO - Running <TaskInstance: etl_dag_v23.extract_api_data manual__2024-09-12T09:28:48.570605+00:00 [running]> on host 72ac4976c45d
[2024-09-12T09:29:05.089+0000] {taskinstance.py:3131} INFO - Exporting env vars: AIRFLOW_CTX_DAG_OWNER='airflow' AIRFLOW_CTX_DAG_ID='etl_dag_v23' AIRFLOW_CTX_TASK_ID='extract_api_data' AIRFLOW_CTX_EXECUTION_DATE='2024-09-12T09:28:48.570605+00:00' AIRFLOW_CTX_TRY_NUMBER='1' AIRFLOW_CTX_DAG_RUN_ID='manual__2024-09-12T09:28:48.570605+00:00'
[2024-09-12T09:29:05.090+0000] {taskinstance.py:731} INFO - ::endgroup::
[2024-09-12T09:29:06.242+0000] {logging_mixin.py:190} INFO - It's successful!
[2024-09-12T09:29:06.244+0000] {python.py:240} INFO - Done. Returned value was: None
[2024-09-12T09:29:06.260+0000] {taskinstance.py:340} INFO - ::group::Post task execution logs
[2024-09-12T09:29:06.261+0000] {taskinstance.py:352} INFO - Marking task as SUCCESS. dag_id=etl_dag_v23, task_id=extract_api_data, run_id=manual__2024-09-12T09:28:48.570605+00:00, execution_date=20240912T092848, start_date=20240912T092904, end_date=20240912T092906
[2024-09-12T09:29:06.306+0000] {local_task_job_runner.py:266} INFO - Task exited with return code 0
[2024-09-12T09:29:06.325+0000] {logging_mixin.py:190} WARNING - /home/airflow/.local/lib/python3.12/site-packages/airflow/models/baseoperator.py:1378 AirflowProviderDeprecationWarning: Call to deprecated class PostgresOperator. (Please use `airflow.providers.common.sql.operators.sql.SQLExecuteQueryOperator`.Also, you can provide `hook_params={'schema': <database>}`.)
[2024-09-12T09:29:06.366+0000] {taskinstance.py:3900} INFO - 1 downstream tasks scheduled from follow-on schedule check
[2024-09-12T09:29:06.375+0000] {local_task_job_runner.py:245} INFO - ::endgroup::
