[2024-09-20T16:18:04.586+0000] {local_task_job_runner.py:123} INFO - ::group::Pre task execution logs
[2024-09-20T16:18:04.611+0000] {taskinstance.py:2612} INFO - Dependencies all met for dep_context=non-requeueable deps ti=<TaskInstance: etl_dag_v44.create_inventory_table manual__2024-09-20T16:11:21.016725+00:00 [queued]>
[2024-09-20T16:18:04.629+0000] {taskinstance.py:2612} INFO - Dependencies all met for dep_context=requeueable deps ti=<TaskInstance: etl_dag_v44.create_inventory_table manual__2024-09-20T16:11:21.016725+00:00 [queued]>
[2024-09-20T16:18:04.630+0000] {taskinstance.py:2865} INFO - Starting attempt 1 of 6
[2024-09-20T16:18:04.666+0000] {taskinstance.py:2888} INFO - Executing <Task(PostgresOperator): create_inventory_table> on 2024-09-20 16:11:21.016725+00:00
[2024-09-20T16:18:04.687+0000] {logging_mixin.py:190} WARNING - /home/airflow/.local/lib/python3.12/site-packages/airflow/task/task_runner/standard_task_runner.py:70 DeprecationWarning: This process (pid=5378) is multi-threaded, use of fork() may lead to deadlocks in the child.
[2024-09-20T16:18:04.689+0000] {standard_task_runner.py:72} INFO - Started process 5383 to run task
[2024-09-20T16:18:04.695+0000] {standard_task_runner.py:104} INFO - Running: ['airflow', 'tasks', 'run', 'etl_dag_v44', 'create_inventory_table', 'manual__2024-09-20T16:11:21.016725+00:00', '--job-id', '1534', '--raw', '--subdir', 'DAGS_FOLDER/etl_dag.py', '--cfg-path', '/tmp/tmpievpj303']
[2024-09-20T16:18:04.697+0000] {standard_task_runner.py:105} INFO - Job 1534: Subtask create_inventory_table
[2024-09-20T16:18:04.780+0000] {task_command.py:467} INFO - Running <TaskInstance: etl_dag_v44.create_inventory_table manual__2024-09-20T16:11:21.016725+00:00 [running]> on host 217a74bc1b7d
[2024-09-20T16:18:04.905+0000] {taskinstance.py:3131} INFO - Exporting env vars: AIRFLOW_CTX_DAG_OWNER='airflow' AIRFLOW_CTX_DAG_ID='etl_dag_v44' AIRFLOW_CTX_TASK_ID='create_inventory_table' AIRFLOW_CTX_EXECUTION_DATE='2024-09-20T16:11:21.016725+00:00' AIRFLOW_CTX_TRY_NUMBER='1' AIRFLOW_CTX_DAG_RUN_ID='manual__2024-09-20T16:11:21.016725+00:00'
[2024-09-20T16:18:04.906+0000] {taskinstance.py:731} INFO - ::endgroup::
[2024-09-20T16:18:04.920+0000] {sql.py:266} INFO - Executing: 
        CREATE TABLE IF NOT EXISTS inventory (
            id SERIAL PRIMARY KEY,
            name VARCHAR(255),
            stock_quantity INT,
            price DECIMAL(10,2)
        );
    
[2024-09-20T16:18:04.937+0000] {base.py:84} INFO - Retrieving connection 'postgres_localhost'
[2024-09-20T16:18:05.017+0000] {base.py:84} INFO - Retrieving connection 'postgres_localhost'
[2024-09-20T16:18:05.034+0000] {sql.py:509} INFO - Running statement: 
        CREATE TABLE IF NOT EXISTS inventory (
            id SERIAL PRIMARY KEY,
            name VARCHAR(255),
            stock_quantity INT,
            price DECIMAL(10,2)
        );
    , parameters: None
[2024-09-20T16:18:05.053+0000] {taskinstance.py:340} INFO - ::group::Post task execution logs
[2024-09-20T16:18:05.054+0000] {taskinstance.py:352} INFO - Marking task as SUCCESS. dag_id=etl_dag_v44, task_id=create_inventory_table, run_id=manual__2024-09-20T16:11:21.016725+00:00, execution_date=20240920T161121, start_date=20240920T161804, end_date=20240920T161805
[2024-09-20T16:18:05.105+0000] {local_task_job_runner.py:266} INFO - Task exited with return code 0
[2024-09-20T16:18:05.121+0000] {logging_mixin.py:190} WARNING - /home/airflow/.local/lib/python3.12/site-packages/airflow/models/baseoperator.py:1378 AirflowProviderDeprecationWarning: Call to deprecated class PostgresOperator. (Please use `airflow.providers.common.sql.operators.sql.SQLExecuteQueryOperator`.Also, you can provide `hook_params={'schema': <database>}`.)
[2024-09-20T16:18:05.220+0000] {taskinstance.py:3900} INFO - 1 downstream tasks scheduled from follow-on schedule check
[2024-09-20T16:18:05.286+0000] {local_task_job_runner.py:245} INFO - ::endgroup::
