[2024-09-11T10:39:43.527+0000] {local_task_job_runner.py:123} INFO - ::group::Pre task execution logs
[2024-09-11T10:39:43.549+0000] {taskinstance.py:2612} INFO - Dependencies all met for dep_context=non-requeueable deps ti=<TaskInstance: etl_dag_v13.load_inventory_data manual__2024-09-11T10:39:00.288371+00:00 [queued]>
[2024-09-11T10:39:43.564+0000] {taskinstance.py:2612} INFO - Dependencies all met for dep_context=requeueable deps ti=<TaskInstance: etl_dag_v13.load_inventory_data manual__2024-09-11T10:39:00.288371+00:00 [queued]>
[2024-09-11T10:39:43.565+0000] {taskinstance.py:2865} INFO - Starting attempt 1 of 6
[2024-09-11T10:39:43.603+0000] {taskinstance.py:2888} INFO - Executing <Task(PythonOperator): load_inventory_data> on 2024-09-11 10:39:00.288371+00:00
[2024-09-11T10:39:43.611+0000] {standard_task_runner.py:104} INFO - Running: ['airflow', 'tasks', 'run', 'etl_dag_v13', 'load_inventory_data', 'manual__2024-09-11T10:39:00.288371+00:00', '--job-id', '122', '--raw', '--subdir', 'DAGS_FOLDER/etl_dag.py', '--cfg-path', '/tmp/tmp1b28i_j8']
[2024-09-11T10:39:43.613+0000] {standard_task_runner.py:105} INFO - Job 122: Subtask load_inventory_data
[2024-09-11T10:39:43.614+0000] {logging_mixin.py:190} WARNING - /home/airflow/.local/lib/python3.12/site-packages/airflow/task/task_runner/standard_task_runner.py:70 DeprecationWarning: This process (pid=3806) is multi-threaded, use of fork() may lead to deadlocks in the child.
[2024-09-11T10:39:43.615+0000] {standard_task_runner.py:72} INFO - Started process 3811 to run task
[2024-09-11T10:39:43.692+0000] {task_command.py:467} INFO - Running <TaskInstance: etl_dag_v13.load_inventory_data manual__2024-09-11T10:39:00.288371+00:00 [running]> on host 4118525cd54b
[2024-09-11T10:39:43.810+0000] {taskinstance.py:3131} INFO - Exporting env vars: AIRFLOW_CTX_DAG_OWNER='airflow' AIRFLOW_CTX_DAG_ID='etl_dag_v13' AIRFLOW_CTX_TASK_ID='load_inventory_data' AIRFLOW_CTX_EXECUTION_DATE='2024-09-11T10:39:00.288371+00:00' AIRFLOW_CTX_TRY_NUMBER='1' AIRFLOW_CTX_DAG_RUN_ID='manual__2024-09-11T10:39:00.288371+00:00'
[2024-09-11T10:39:43.812+0000] {taskinstance.py:731} INFO - ::endgroup::
[2024-09-11T10:39:43.827+0000] {logging_mixin.py:190} INFO - Inventory data processing complete!
[2024-09-11T10:39:43.828+0000] {python.py:240} INFO - Done. Returned value was: None
[2024-09-11T10:39:43.841+0000] {taskinstance.py:340} INFO - ::group::Post task execution logs
[2024-09-11T10:39:43.841+0000] {taskinstance.py:352} INFO - Marking task as SUCCESS. dag_id=etl_dag_v13, task_id=load_inventory_data, run_id=manual__2024-09-11T10:39:00.288371+00:00, execution_date=20240911T103900, start_date=20240911T103943, end_date=20240911T103943
[2024-09-11T10:39:43.913+0000] {local_task_job_runner.py:266} INFO - Task exited with return code 0
[2024-09-11T10:39:43.928+0000] {logging_mixin.py:190} WARNING - /home/airflow/.local/lib/python3.12/site-packages/airflow/models/baseoperator.py:1378 AirflowProviderDeprecationWarning: Call to deprecated class PostgresOperator. (Please use `airflow.providers.common.sql.operators.sql.SQLExecuteQueryOperator`.Also, you can provide `hook_params={'schema': <database>}`.)
[2024-09-11T10:39:43.959+0000] {taskinstance.py:3900} INFO - 1 downstream tasks scheduled from follow-on schedule check
[2024-09-11T10:39:43.970+0000] {local_task_job_runner.py:245} INFO - ::endgroup::
