[2024-09-11T10:40:28.804+0000] {local_task_job_runner.py:123} INFO - ::group::Pre task execution logs
[2024-09-11T10:40:28.825+0000] {taskinstance.py:2612} INFO - Dependencies all met for dep_context=non-requeueable deps ti=<TaskInstance: etl_dag_v13.load_inventory_data scheduled__2024-09-10T00:00:00+00:00 [queued]>
[2024-09-11T10:40:28.841+0000] {taskinstance.py:2612} INFO - Dependencies all met for dep_context=requeueable deps ti=<TaskInstance: etl_dag_v13.load_inventory_data scheduled__2024-09-10T00:00:00+00:00 [queued]>
[2024-09-11T10:40:28.842+0000] {taskinstance.py:2865} INFO - Starting attempt 1 of 6
[2024-09-11T10:40:28.879+0000] {taskinstance.py:2888} INFO - Executing <Task(PythonOperator): load_inventory_data> on 2024-09-10 00:00:00+00:00
[2024-09-11T10:40:28.888+0000] {standard_task_runner.py:104} INFO - Running: ['airflow', 'tasks', 'run', 'etl_dag_v13', 'load_inventory_data', 'scheduled__2024-09-10T00:00:00+00:00', '--job-id', '130', '--raw', '--subdir', 'DAGS_FOLDER/etl_dag.py', '--cfg-path', '/tmp/tmpaxjiv171']
[2024-09-11T10:40:28.890+0000] {standard_task_runner.py:105} INFO - Job 130: Subtask load_inventory_data
[2024-09-11T10:40:28.901+0000] {logging_mixin.py:190} WARNING - /home/airflow/.local/lib/python3.12/site-packages/airflow/task/task_runner/standard_task_runner.py:70 DeprecationWarning: This process (pid=3864) is multi-threaded, use of fork() may lead to deadlocks in the child.
[2024-09-11T10:40:28.902+0000] {standard_task_runner.py:72} INFO - Started process 3869 to run task
[2024-09-11T10:40:29.041+0000] {task_command.py:467} INFO - Running <TaskInstance: etl_dag_v13.load_inventory_data scheduled__2024-09-10T00:00:00+00:00 [running]> on host 4118525cd54b
[2024-09-11T10:40:29.166+0000] {taskinstance.py:3131} INFO - Exporting env vars: AIRFLOW_CTX_DAG_OWNER='airflow' AIRFLOW_CTX_DAG_ID='etl_dag_v13' AIRFLOW_CTX_TASK_ID='load_inventory_data' AIRFLOW_CTX_EXECUTION_DATE='2024-09-10T00:00:00+00:00' AIRFLOW_CTX_TRY_NUMBER='1' AIRFLOW_CTX_DAG_RUN_ID='scheduled__2024-09-10T00:00:00+00:00'
[2024-09-11T10:40:29.167+0000] {taskinstance.py:731} INFO - ::endgroup::
[2024-09-11T10:40:29.183+0000] {logging_mixin.py:190} INFO - Inventory data processing complete!
[2024-09-11T10:40:29.184+0000] {python.py:240} INFO - Done. Returned value was: None
[2024-09-11T10:40:29.198+0000] {taskinstance.py:340} INFO - ::group::Post task execution logs
[2024-09-11T10:40:29.199+0000] {taskinstance.py:352} INFO - Marking task as SUCCESS. dag_id=etl_dag_v13, task_id=load_inventory_data, run_id=scheduled__2024-09-10T00:00:00+00:00, execution_date=20240910T000000, start_date=20240911T104028, end_date=20240911T104029
[2024-09-11T10:40:29.279+0000] {local_task_job_runner.py:266} INFO - Task exited with return code 0
[2024-09-11T10:40:29.295+0000] {logging_mixin.py:190} WARNING - /home/airflow/.local/lib/python3.12/site-packages/airflow/models/baseoperator.py:1378 AirflowProviderDeprecationWarning: Call to deprecated class PostgresOperator. (Please use `airflow.providers.common.sql.operators.sql.SQLExecuteQueryOperator`.Also, you can provide `hook_params={'schema': <database>}`.)
[2024-09-11T10:40:29.333+0000] {taskinstance.py:3900} INFO - 1 downstream tasks scheduled from follow-on schedule check
[2024-09-11T10:40:29.341+0000] {local_task_job_runner.py:245} INFO - ::endgroup::
