[2024-09-12T09:34:26.364+0000] {local_task_job_runner.py:123} INFO - ::group::Pre task execution logs
[2024-09-12T09:34:26.385+0000] {taskinstance.py:2612} INFO - Dependencies all met for dep_context=non-requeueable deps ti=<TaskInstance: etl_dag_v23.insert_inventory_data scheduled__2024-09-09T00:00:00+00:00 [queued]>
[2024-09-12T09:34:26.400+0000] {taskinstance.py:2612} INFO - Dependencies all met for dep_context=requeueable deps ti=<TaskInstance: etl_dag_v23.insert_inventory_data scheduled__2024-09-09T00:00:00+00:00 [queued]>
[2024-09-12T09:34:26.401+0000] {taskinstance.py:2865} INFO - Starting attempt 1 of 6
[2024-09-12T09:34:26.438+0000] {taskinstance.py:2888} INFO - Executing <Task(PostgresOperator): insert_inventory_data> on 2024-09-09 00:00:00+00:00
[2024-09-12T09:34:26.449+0000] {standard_task_runner.py:104} INFO - Running: ['airflow', 'tasks', 'run', 'etl_dag_v23', 'insert_inventory_data', 'scheduled__2024-09-09T00:00:00+00:00', '--job-id', '523', '--raw', '--subdir', 'DAGS_FOLDER/etl_dag.py', '--cfg-path', '/tmp/tmpp3rrwpoq']
[2024-09-12T09:34:26.451+0000] {standard_task_runner.py:105} INFO - Job 523: Subtask insert_inventory_data
[2024-09-12T09:34:26.456+0000] {logging_mixin.py:190} WARNING - /home/airflow/.local/lib/python3.12/site-packages/airflow/task/task_runner/standard_task_runner.py:70 DeprecationWarning: This process (pid=2421) is multi-threaded, use of fork() may lead to deadlocks in the child.
[2024-09-12T09:34:26.462+0000] {standard_task_runner.py:72} INFO - Started process 2426 to run task
[2024-09-12T09:34:26.538+0000] {task_command.py:467} INFO - Running <TaskInstance: etl_dag_v23.insert_inventory_data scheduled__2024-09-09T00:00:00+00:00 [running]> on host 72ac4976c45d
[2024-09-12T09:34:26.668+0000] {taskinstance.py:3131} INFO - Exporting env vars: AIRFLOW_CTX_DAG_OWNER='airflow' AIRFLOW_CTX_DAG_ID='etl_dag_v23' AIRFLOW_CTX_TASK_ID='insert_inventory_data' AIRFLOW_CTX_EXECUTION_DATE='2024-09-09T00:00:00+00:00' AIRFLOW_CTX_TRY_NUMBER='1' AIRFLOW_CTX_DAG_RUN_ID='scheduled__2024-09-09T00:00:00+00:00'
[2024-09-12T09:34:26.670+0000] {taskinstance.py:731} INFO - ::endgroup::
[2024-09-12T09:34:26.689+0000] {sql.py:266} INFO - Executing: 
            TRUNCATE TABLE inventory;
            COPY inventory(id, name, stock_quantity, price)
            FROM '/shared/inventory.csv'
            DELIMITER ',' CSV HEADER;
        
[2024-09-12T09:34:26.703+0000] {base.py:84} INFO - Retrieving connection 'postgres_localhost'
[2024-09-12T09:34:26.790+0000] {base.py:84} INFO - Retrieving connection 'postgres_localhost'
[2024-09-12T09:34:26.806+0000] {sql.py:509} INFO - Running statement: 
            TRUNCATE TABLE inventory;
            COPY inventory(id, name, stock_quantity, price)
            FROM '/shared/inventory.csv'
            DELIMITER ',' CSV HEADER;
        , parameters: None
[2024-09-12T09:34:26.821+0000] {sql.py:518} INFO - Rows affected: 500
[2024-09-12T09:34:26.840+0000] {taskinstance.py:340} INFO - ::group::Post task execution logs
[2024-09-12T09:34:26.841+0000] {taskinstance.py:352} INFO - Marking task as SUCCESS. dag_id=etl_dag_v23, task_id=insert_inventory_data, run_id=scheduled__2024-09-09T00:00:00+00:00, execution_date=20240909T000000, start_date=20240912T093426, end_date=20240912T093426
[2024-09-12T09:34:26.920+0000] {local_task_job_runner.py:266} INFO - Task exited with return code 0
[2024-09-12T09:34:26.939+0000] {taskinstance.py:3900} INFO - 0 downstream tasks scheduled from follow-on schedule check
[2024-09-12T09:34:26.941+0000] {local_task_job_runner.py:245} INFO - ::endgroup::
