[2024-09-11T10:46:37.535+0000] {local_task_job_runner.py:123} INFO - ::group::Pre task execution logs
[2024-09-11T10:46:37.557+0000] {taskinstance.py:2612} INFO - Dependencies all met for dep_context=non-requeueable deps ti=<TaskInstance: etl_dag_v14.update_inventory_data scheduled__2024-09-10T00:00:00+00:00 [queued]>
[2024-09-11T10:46:37.571+0000] {taskinstance.py:2612} INFO - Dependencies all met for dep_context=requeueable deps ti=<TaskInstance: etl_dag_v14.update_inventory_data scheduled__2024-09-10T00:00:00+00:00 [queued]>
[2024-09-11T10:46:37.572+0000] {taskinstance.py:2865} INFO - Starting attempt 1 of 6
[2024-09-11T10:46:37.601+0000] {taskinstance.py:2888} INFO - Executing <Task(PythonOperator): update_inventory_data> on 2024-09-10 00:00:00+00:00
[2024-09-11T10:46:37.610+0000] {standard_task_runner.py:104} INFO - Running: ['airflow', 'tasks', 'run', 'etl_dag_v14', 'update_inventory_data', 'scheduled__2024-09-10T00:00:00+00:00', '--job-id', '172', '--raw', '--subdir', 'DAGS_FOLDER/etl_dag.py', '--cfg-path', '/tmp/tmp_ukye4fq']
[2024-09-11T10:46:37.612+0000] {standard_task_runner.py:105} INFO - Job 172: Subtask update_inventory_data
[2024-09-11T10:46:37.616+0000] {logging_mixin.py:190} WARNING - /home/airflow/.local/lib/python3.12/site-packages/airflow/task/task_runner/standard_task_runner.py:70 DeprecationWarning: This process (pid=4181) is multi-threaded, use of fork() may lead to deadlocks in the child.
[2024-09-11T10:46:37.617+0000] {standard_task_runner.py:72} INFO - Started process 4186 to run task
[2024-09-11T10:46:37.684+0000] {task_command.py:467} INFO - Running <TaskInstance: etl_dag_v14.update_inventory_data scheduled__2024-09-10T00:00:00+00:00 [running]> on host 4118525cd54b
[2024-09-11T10:46:37.796+0000] {taskinstance.py:3131} INFO - Exporting env vars: AIRFLOW_CTX_DAG_OWNER='airflow' AIRFLOW_CTX_DAG_ID='etl_dag_v14' AIRFLOW_CTX_TASK_ID='update_inventory_data' AIRFLOW_CTX_EXECUTION_DATE='2024-09-10T00:00:00+00:00' AIRFLOW_CTX_TRY_NUMBER='1' AIRFLOW_CTX_DAG_RUN_ID='scheduled__2024-09-10T00:00:00+00:00'
[2024-09-11T10:46:37.797+0000] {taskinstance.py:731} INFO - ::endgroup::
[2024-09-11T10:46:37.827+0000] {logging_mixin.py:190} INFO - Inventory updated successfully!
[2024-09-11T10:46:37.828+0000] {python.py:240} INFO - Done. Returned value was: None
[2024-09-11T10:46:37.843+0000] {taskinstance.py:340} INFO - ::group::Post task execution logs
[2024-09-11T10:46:37.844+0000] {taskinstance.py:352} INFO - Marking task as SUCCESS. dag_id=etl_dag_v14, task_id=update_inventory_data, run_id=scheduled__2024-09-10T00:00:00+00:00, execution_date=20240910T000000, start_date=20240911T104637, end_date=20240911T104637
[2024-09-11T10:46:37.913+0000] {local_task_job_runner.py:266} INFO - Task exited with return code 0
[2024-09-11T10:46:37.931+0000] {logging_mixin.py:190} WARNING - /home/airflow/.local/lib/python3.12/site-packages/airflow/models/baseoperator.py:1378 AirflowProviderDeprecationWarning: Call to deprecated class PostgresOperator. (Please use `airflow.providers.common.sql.operators.sql.SQLExecuteQueryOperator`.Also, you can provide `hook_params={'schema': <database>}`.)
[2024-09-11T10:46:37.960+0000] {taskinstance.py:3900} INFO - 2 downstream tasks scheduled from follow-on schedule check
[2024-09-11T10:46:37.969+0000] {local_task_job_runner.py:245} INFO - ::endgroup::
