[2024-09-20T16:11:52.502+0000] {local_task_job_runner.py:123} INFO - ::group::Pre task execution logs
[2024-09-20T16:11:52.615+0000] {taskinstance.py:2612} INFO - Dependencies all met for dep_context=non-requeueable deps ti=<TaskInstance: etl_dag_v44.extract_api_data scheduled__2024-09-18T00:00:00+00:00 [queued]>
[2024-09-20T16:11:52.663+0000] {taskinstance.py:2612} INFO - Dependencies all met for dep_context=requeueable deps ti=<TaskInstance: etl_dag_v44.extract_api_data scheduled__2024-09-18T00:00:00+00:00 [queued]>
[2024-09-20T16:11:52.665+0000] {taskinstance.py:2865} INFO - Starting attempt 1 of 6
[2024-09-20T16:11:52.746+0000] {taskinstance.py:2888} INFO - Executing <Task(PythonOperator): extract_api_data> on 2024-09-18 00:00:00+00:00
[2024-09-20T16:11:52.814+0000] {standard_task_runner.py:104} INFO - Running: ['airflow', 'tasks', 'run', 'etl_dag_v44', 'extract_api_data', 'scheduled__2024-09-18T00:00:00+00:00', '--job-id', '1504', '--raw', '--subdir', 'DAGS_FOLDER/etl_dag.py', '--cfg-path', '/tmp/tmpd1n7gala']
[2024-09-20T16:11:52.836+0000] {standard_task_runner.py:105} INFO - Job 1504: Subtask extract_api_data
[2024-09-20T16:11:52.838+0000] {logging_mixin.py:190} WARNING - /home/airflow/.local/lib/python3.12/site-packages/airflow/task/task_runner/standard_task_runner.py:70 DeprecationWarning: This process (pid=5159) is multi-threaded, use of fork() may lead to deadlocks in the child.
[2024-09-20T16:11:52.840+0000] {standard_task_runner.py:72} INFO - Started process 5164 to run task
[2024-09-20T16:11:53.403+0000] {task_command.py:467} INFO - Running <TaskInstance: etl_dag_v44.extract_api_data scheduled__2024-09-18T00:00:00+00:00 [running]> on host 217a74bc1b7d
[2024-09-20T16:11:54.036+0000] {taskinstance.py:3131} INFO - Exporting env vars: AIRFLOW_CTX_DAG_OWNER='airflow' AIRFLOW_CTX_DAG_ID='etl_dag_v44' AIRFLOW_CTX_TASK_ID='extract_api_data' AIRFLOW_CTX_EXECUTION_DATE='2024-09-18T00:00:00+00:00' AIRFLOW_CTX_TRY_NUMBER='1' AIRFLOW_CTX_DAG_RUN_ID='scheduled__2024-09-18T00:00:00+00:00'
[2024-09-20T16:11:54.053+0000] {taskinstance.py:731} INFO - ::endgroup::
[2024-09-20T16:11:57.014+0000] {logging_mixin.py:190} INFO - It's successful!
[2024-09-20T16:11:57.017+0000] {python.py:240} INFO - Done. Returned value was: None
[2024-09-20T16:11:57.056+0000] {taskinstance.py:340} INFO - ::group::Post task execution logs
[2024-09-20T16:11:57.058+0000] {taskinstance.py:352} INFO - Marking task as SUCCESS. dag_id=etl_dag_v44, task_id=extract_api_data, run_id=scheduled__2024-09-18T00:00:00+00:00, execution_date=20240918T000000, start_date=20240920T161152, end_date=20240920T161157
[2024-09-20T16:11:57.427+0000] {local_task_job_runner.py:266} INFO - Task exited with return code 0
[2024-09-20T16:11:57.457+0000] {logging_mixin.py:190} WARNING - /home/airflow/.local/lib/python3.12/site-packages/airflow/models/baseoperator.py:1378 AirflowProviderDeprecationWarning: Call to deprecated class PostgresOperator. (Please use `airflow.providers.common.sql.operators.sql.SQLExecuteQueryOperator`.Also, you can provide `hook_params={'schema': <database>}`.)
[2024-09-20T16:11:57.537+0000] {taskinstance.py:3900} INFO - 1 downstream tasks scheduled from follow-on schedule check
[2024-09-20T16:11:57.555+0000] {local_task_job_runner.py:245} INFO - ::endgroup::
