[2024-09-20T13:33:58.166+0000] {local_task_job_runner.py:123} INFO - ::group::Pre task execution logs
[2024-09-20T13:33:58.191+0000] {taskinstance.py:2612} INFO - Dependencies all met for dep_context=non-requeueable deps ti=<TaskInstance: etl_dag_v40.extract_api_data scheduled__2024-09-13T00:00:00+00:00 [queued]>
[2024-09-20T13:33:58.210+0000] {taskinstance.py:2612} INFO - Dependencies all met for dep_context=requeueable deps ti=<TaskInstance: etl_dag_v40.extract_api_data scheduled__2024-09-13T00:00:00+00:00 [queued]>
[2024-09-20T13:33:58.211+0000] {taskinstance.py:2865} INFO - Starting attempt 1 of 6
[2024-09-20T13:33:58.246+0000] {taskinstance.py:2888} INFO - Executing <Task(PythonOperator): extract_api_data> on 2024-09-13 00:00:00+00:00
[2024-09-20T13:33:58.256+0000] {standard_task_runner.py:104} INFO - Running: ['airflow', 'tasks', 'run', 'etl_dag_v40', 'extract_api_data', 'scheduled__2024-09-13T00:00:00+00:00', '--job-id', '1201', '--raw', '--subdir', 'DAGS_FOLDER/etl_dag.py', '--cfg-path', '/tmp/tmpjx8_o4s7']
[2024-09-20T13:33:58.258+0000] {standard_task_runner.py:105} INFO - Job 1201: Subtask extract_api_data
[2024-09-20T13:33:58.261+0000] {logging_mixin.py:190} WARNING - /home/airflow/.local/lib/python3.12/site-packages/airflow/task/task_runner/standard_task_runner.py:70 DeprecationWarning: This process (pid=2570) is multi-threaded, use of fork() may lead to deadlocks in the child.
[2024-09-20T13:33:58.262+0000] {standard_task_runner.py:72} INFO - Started process 2575 to run task
[2024-09-20T13:33:58.342+0000] {task_command.py:467} INFO - Running <TaskInstance: etl_dag_v40.extract_api_data scheduled__2024-09-13T00:00:00+00:00 [running]> on host 217a74bc1b7d
[2024-09-20T13:33:58.478+0000] {taskinstance.py:3131} INFO - Exporting env vars: AIRFLOW_CTX_DAG_OWNER='airflow' AIRFLOW_CTX_DAG_ID='etl_dag_v40' AIRFLOW_CTX_TASK_ID='extract_api_data' AIRFLOW_CTX_EXECUTION_DATE='2024-09-13T00:00:00+00:00' AIRFLOW_CTX_TRY_NUMBER='1' AIRFLOW_CTX_DAG_RUN_ID='scheduled__2024-09-13T00:00:00+00:00'
[2024-09-20T13:33:58.480+0000] {taskinstance.py:731} INFO - ::endgroup::
[2024-09-20T13:33:59.738+0000] {logging_mixin.py:190} INFO - It's successful!
[2024-09-20T13:33:59.739+0000] {python.py:240} INFO - Done. Returned value was: None
[2024-09-20T13:33:59.752+0000] {taskinstance.py:340} INFO - ::group::Post task execution logs
[2024-09-20T13:33:59.753+0000] {taskinstance.py:352} INFO - Marking task as SUCCESS. dag_id=etl_dag_v40, task_id=extract_api_data, run_id=scheduled__2024-09-13T00:00:00+00:00, execution_date=20240913T000000, start_date=20240920T133358, end_date=20240920T133359
[2024-09-20T13:33:59.806+0000] {local_task_job_runner.py:266} INFO - Task exited with return code 0
[2024-09-20T13:33:59.822+0000] {logging_mixin.py:190} WARNING - /home/airflow/.local/lib/python3.12/site-packages/airflow/models/baseoperator.py:1378 AirflowProviderDeprecationWarning: Call to deprecated class PostgresOperator. (Please use `airflow.providers.common.sql.operators.sql.SQLExecuteQueryOperator`.Also, you can provide `hook_params={'schema': <database>}`.)
[2024-09-20T13:33:59.857+0000] {taskinstance.py:3900} INFO - 1 downstream tasks scheduled from follow-on schedule check
[2024-09-20T13:33:59.868+0000] {local_task_job_runner.py:245} INFO - ::endgroup::
