[2024-09-12T09:31:23.847+0000] {local_task_job_runner.py:123} INFO - ::group::Pre task execution logs
[2024-09-12T09:31:23.869+0000] {taskinstance.py:2612} INFO - Dependencies all met for dep_context=non-requeueable deps ti=<TaskInstance: etl_dag_v23.create_orders_table scheduled__2024-09-06T00:00:00+00:00 [queued]>
[2024-09-12T09:31:23.884+0000] {taskinstance.py:2612} INFO - Dependencies all met for dep_context=requeueable deps ti=<TaskInstance: etl_dag_v23.create_orders_table scheduled__2024-09-06T00:00:00+00:00 [queued]>
[2024-09-12T09:31:23.885+0000] {taskinstance.py:2865} INFO - Starting attempt 1 of 6
[2024-09-12T09:31:23.926+0000] {taskinstance.py:2888} INFO - Executing <Task(PostgresOperator): create_orders_table> on 2024-09-06 00:00:00+00:00
[2024-09-12T09:31:23.934+0000] {standard_task_runner.py:104} INFO - Running: ['airflow', 'tasks', 'run', 'etl_dag_v23', 'create_orders_table', 'scheduled__2024-09-06T00:00:00+00:00', '--job-id', '493', '--raw', '--subdir', 'DAGS_FOLDER/etl_dag.py', '--cfg-path', '/tmp/tmpcoi6wvu8']
[2024-09-12T09:31:23.936+0000] {standard_task_runner.py:105} INFO - Job 493: Subtask create_orders_table
[2024-09-12T09:31:23.939+0000] {logging_mixin.py:190} WARNING - /home/airflow/.local/lib/python3.12/site-packages/airflow/task/task_runner/standard_task_runner.py:70 DeprecationWarning: This process (pid=2202) is multi-threaded, use of fork() may lead to deadlocks in the child.
[2024-09-12T09:31:23.940+0000] {standard_task_runner.py:72} INFO - Started process 2207 to run task
[2024-09-12T09:31:24.024+0000] {task_command.py:467} INFO - Running <TaskInstance: etl_dag_v23.create_orders_table scheduled__2024-09-06T00:00:00+00:00 [running]> on host 72ac4976c45d
[2024-09-12T09:31:24.137+0000] {taskinstance.py:3131} INFO - Exporting env vars: AIRFLOW_CTX_DAG_OWNER='airflow' AIRFLOW_CTX_DAG_ID='etl_dag_v23' AIRFLOW_CTX_TASK_ID='create_orders_table' AIRFLOW_CTX_EXECUTION_DATE='2024-09-06T00:00:00+00:00' AIRFLOW_CTX_TRY_NUMBER='1' AIRFLOW_CTX_DAG_RUN_ID='scheduled__2024-09-06T00:00:00+00:00'
[2024-09-12T09:31:24.139+0000] {taskinstance.py:731} INFO - ::endgroup::
[2024-09-12T09:31:24.151+0000] {sql.py:266} INFO - Executing: 
            CREATE TABLE IF NOT EXISTS orders (
                id SERIAL PRIMARY KEY UNIQUE,
                customer_id INT,
                product_id INT,
                order_date DATE,
                quantity INT
            );
        
[2024-09-12T09:31:24.166+0000] {base.py:84} INFO - Retrieving connection 'postgres_localhost'
[2024-09-12T09:31:24.250+0000] {base.py:84} INFO - Retrieving connection 'postgres_localhost'
[2024-09-12T09:31:24.267+0000] {sql.py:509} INFO - Running statement: 
            CREATE TABLE IF NOT EXISTS orders (
                id SERIAL PRIMARY KEY UNIQUE,
                customer_id INT,
                product_id INT,
                order_date DATE,
                quantity INT
            );
        , parameters: None
[2024-09-12T09:31:24.285+0000] {taskinstance.py:340} INFO - ::group::Post task execution logs
[2024-09-12T09:31:24.286+0000] {taskinstance.py:352} INFO - Marking task as SUCCESS. dag_id=etl_dag_v23, task_id=create_orders_table, run_id=scheduled__2024-09-06T00:00:00+00:00, execution_date=20240906T000000, start_date=20240912T093123, end_date=20240912T093124
[2024-09-12T09:31:24.358+0000] {local_task_job_runner.py:266} INFO - Task exited with return code 0
[2024-09-12T09:31:24.375+0000] {logging_mixin.py:190} WARNING - /home/airflow/.local/lib/python3.12/site-packages/airflow/models/baseoperator.py:1378 AirflowProviderDeprecationWarning: Call to deprecated class PostgresOperator. (Please use `airflow.providers.common.sql.operators.sql.SQLExecuteQueryOperator`.Also, you can provide `hook_params={'schema': <database>}`.)
[2024-09-12T09:31:24.396+0000] {taskinstance.py:3900} INFO - 1 downstream tasks scheduled from follow-on schedule check
[2024-09-12T09:31:24.409+0000] {local_task_job_runner.py:245} INFO - ::endgroup::
