[2024-09-20T07:31:59.761+0000] {local_task_job_runner.py:123} INFO - ::group::Pre task execution logs
[2024-09-20T07:31:59.783+0000] {taskinstance.py:2612} INFO - Dependencies all met for dep_context=non-requeueable deps ti=<TaskInstance: etl_dag_v39.update_inventory_data scheduled__2024-09-12T00:00:00+00:00 [queued]>
[2024-09-20T07:31:59.798+0000] {taskinstance.py:2612} INFO - Dependencies all met for dep_context=requeueable deps ti=<TaskInstance: etl_dag_v39.update_inventory_data scheduled__2024-09-12T00:00:00+00:00 [queued]>
[2024-09-20T07:31:59.799+0000] {taskinstance.py:2865} INFO - Starting attempt 1 of 6
[2024-09-20T07:31:59.835+0000] {taskinstance.py:2888} INFO - Executing <Task(PythonOperator): update_inventory_data> on 2024-09-12 00:00:00+00:00
[2024-09-20T07:31:59.847+0000] {standard_task_runner.py:104} INFO - Running: ['airflow', 'tasks', 'run', 'etl_dag_v39', 'update_inventory_data', 'scheduled__2024-09-12T00:00:00+00:00', '--job-id', '1022', '--raw', '--subdir', 'DAGS_FOLDER/etl_dag.py', '--cfg-path', '/tmp/tmp7wi7__dd']
[2024-09-20T07:31:59.849+0000] {standard_task_runner.py:105} INFO - Job 1022: Subtask update_inventory_data
[2024-09-20T07:31:59.853+0000] {logging_mixin.py:190} WARNING - /home/airflow/.local/lib/python3.12/site-packages/airflow/task/task_runner/standard_task_runner.py:70 DeprecationWarning: This process (pid=391) is multi-threaded, use of fork() may lead to deadlocks in the child.
[2024-09-20T07:31:59.853+0000] {standard_task_runner.py:72} INFO - Started process 396 to run task
[2024-09-20T07:31:59.932+0000] {task_command.py:467} INFO - Running <TaskInstance: etl_dag_v39.update_inventory_data scheduled__2024-09-12T00:00:00+00:00 [running]> on host 217a74bc1b7d
[2024-09-20T07:32:00.050+0000] {taskinstance.py:3131} INFO - Exporting env vars: AIRFLOW_CTX_DAG_OWNER='airflow' AIRFLOW_CTX_DAG_ID='etl_dag_v39' AIRFLOW_CTX_TASK_ID='update_inventory_data' AIRFLOW_CTX_EXECUTION_DATE='2024-09-12T00:00:00+00:00' AIRFLOW_CTX_TRY_NUMBER='1' AIRFLOW_CTX_DAG_RUN_ID='scheduled__2024-09-12T00:00:00+00:00'
[2024-09-20T07:32:00.051+0000] {taskinstance.py:731} INFO - ::endgroup::
[2024-09-20T07:32:00.102+0000] {logging_mixin.py:190} INFO - Inventory updated successfully!
[2024-09-20T07:32:00.106+0000] {python.py:240} INFO - Done. Returned value was: None
[2024-09-20T07:32:00.122+0000] {taskinstance.py:340} INFO - ::group::Post task execution logs
[2024-09-20T07:32:00.122+0000] {taskinstance.py:352} INFO - Marking task as SUCCESS. dag_id=etl_dag_v39, task_id=update_inventory_data, run_id=scheduled__2024-09-12T00:00:00+00:00, execution_date=20240912T000000, start_date=20240920T073159, end_date=20240920T073200
[2024-09-20T07:32:00.189+0000] {local_task_job_runner.py:266} INFO - Task exited with return code 0
[2024-09-20T07:32:00.207+0000] {logging_mixin.py:190} WARNING - /home/airflow/.local/lib/python3.12/site-packages/airflow/models/baseoperator.py:1378 AirflowProviderDeprecationWarning: Call to deprecated class PostgresOperator. (Please use `airflow.providers.common.sql.operators.sql.SQLExecuteQueryOperator`.Also, you can provide `hook_params={'schema': <database>}`.)
[2024-09-20T07:32:00.248+0000] {taskinstance.py:3900} INFO - 2 downstream tasks scheduled from follow-on schedule check
[2024-09-20T07:32:00.259+0000] {local_task_job_runner.py:245} INFO - ::endgroup::
