[2024-09-12T10:29:31.571+0000] {local_task_job_runner.py:123} INFO - ::group::Pre task execution logs
[2024-09-12T10:29:31.618+0000] {taskinstance.py:2612} INFO - Dependencies all met for dep_context=non-requeueable deps ti=<TaskInstance: etl_dag_v31.create_orders_table scheduled__2024-09-09T00:00:00+00:00 [queued]>
[2024-09-12T10:29:31.647+0000] {taskinstance.py:2612} INFO - Dependencies all met for dep_context=requeueable deps ti=<TaskInstance: etl_dag_v31.create_orders_table scheduled__2024-09-09T00:00:00+00:00 [queued]>
[2024-09-12T10:29:31.649+0000] {taskinstance.py:2865} INFO - Starting attempt 1 of 6
[2024-09-12T10:29:31.713+0000] {taskinstance.py:2888} INFO - Executing <Task(PostgresOperator): create_orders_table> on 2024-09-09 00:00:00+00:00
[2024-09-12T10:29:31.722+0000] {standard_task_runner.py:104} INFO - Running: ['airflow', 'tasks', 'run', 'etl_dag_v31', 'create_orders_table', 'scheduled__2024-09-09T00:00:00+00:00', '--job-id', '785', '--raw', '--subdir', 'DAGS_FOLDER/etl_dag.py', '--cfg-path', '/tmp/tmplr481fun']
[2024-09-12T10:29:31.724+0000] {standard_task_runner.py:105} INFO - Job 785: Subtask create_orders_table
[2024-09-12T10:29:31.736+0000] {logging_mixin.py:190} WARNING - /home/airflow/.local/lib/python3.12/site-packages/airflow/task/task_runner/standard_task_runner.py:70 DeprecationWarning: This process (pid=4531) is multi-threaded, use of fork() may lead to deadlocks in the child.
[2024-09-12T10:29:31.737+0000] {standard_task_runner.py:72} INFO - Started process 4536 to run task
[2024-09-12T10:29:31.859+0000] {task_command.py:467} INFO - Running <TaskInstance: etl_dag_v31.create_orders_table scheduled__2024-09-09T00:00:00+00:00 [running]> on host 72ac4976c45d
[2024-09-12T10:29:32.087+0000] {taskinstance.py:3131} INFO - Exporting env vars: AIRFLOW_CTX_DAG_OWNER='airflow' AIRFLOW_CTX_DAG_ID='etl_dag_v31' AIRFLOW_CTX_TASK_ID='create_orders_table' AIRFLOW_CTX_EXECUTION_DATE='2024-09-09T00:00:00+00:00' AIRFLOW_CTX_TRY_NUMBER='1' AIRFLOW_CTX_DAG_RUN_ID='scheduled__2024-09-09T00:00:00+00:00'
[2024-09-12T10:29:32.090+0000] {taskinstance.py:731} INFO - ::endgroup::
[2024-09-12T10:29:32.113+0000] {sql.py:266} INFO - Executing: 
            CREATE TABLE IF NOT EXISTS orders (
                id INT PRIMARY KEY,
                customer_id INT,
                product_id INT,
                order_date DATE,
                quantity INT
            );
        
[2024-09-12T10:29:32.140+0000] {base.py:84} INFO - Retrieving connection 'postgres_localhost'
[2024-09-12T10:29:32.239+0000] {base.py:84} INFO - Retrieving connection 'postgres_localhost'
[2024-09-12T10:29:32.265+0000] {sql.py:509} INFO - Running statement: 
            CREATE TABLE IF NOT EXISTS orders (
                id INT PRIMARY KEY,
                customer_id INT,
                product_id INT,
                order_date DATE,
                quantity INT
            );
        , parameters: None
[2024-09-12T10:29:32.285+0000] {taskinstance.py:340} INFO - ::group::Post task execution logs
[2024-09-12T10:29:32.285+0000] {taskinstance.py:352} INFO - Marking task as SUCCESS. dag_id=etl_dag_v31, task_id=create_orders_table, run_id=scheduled__2024-09-09T00:00:00+00:00, execution_date=20240909T000000, start_date=20240912T102931, end_date=20240912T102932
[2024-09-12T10:29:32.364+0000] {local_task_job_runner.py:266} INFO - Task exited with return code 0
[2024-09-12T10:29:32.382+0000] {logging_mixin.py:190} WARNING - /home/airflow/.local/lib/python3.12/site-packages/airflow/models/baseoperator.py:1378 AirflowProviderDeprecationWarning: Call to deprecated class PostgresOperator. (Please use `airflow.providers.common.sql.operators.sql.SQLExecuteQueryOperator`.Also, you can provide `hook_params={'schema': <database>}`.)
[2024-09-12T10:29:32.405+0000] {taskinstance.py:3900} INFO - 1 downstream tasks scheduled from follow-on schedule check
[2024-09-12T10:29:32.416+0000] {local_task_job_runner.py:245} INFO - ::endgroup::
